<?xml version="1.0" encoding="utf-8"?><testsuites name="pytest tests"><testsuite name="pytest" errors="0" failures="0" skipped="0" tests="24" time="3.318" timestamp="2026-05-01T07:23:59.009699+00:00" hostname="agent-env-9d6c089a-2586-4db5-84e8-a8e6fee0f6e2"><testcase classname="tests.test_city_pages_ab_autopromote.TestAbAutopromoteGet" name="test_get_requires_admin" time="0.151" /><testcase classname="tests.test_city_pages_ab_autopromote.TestAbAutopromoteGet" name="test_get_returns_defaults" time="0.445" /><testcase classname="tests.test_city_pages_ab_autopromote.TestAbAutopromotePut" name="test_put_persists_values" time="0.336" /><testcase classname="tests.test_city_pages_ab_autopromote.TestAbAutopromotePut" name="test_put_rejects_out_of_range[min_impressions-5]" time="0.108" /><testcase classname="tests.test_city_pages_ab_autopromote.TestAbAutopromotePut" name="test_put_rejects_out_of_range[min_impressions-20000]" time="0.120" /><testcase classname="tests.test_city_pages_ab_autopromote.TestAbAutopromotePut" name="test_put_rejects_out_of_range[min_days-0]" time="0.311" /><testcase classname="tests.test_city_pages_ab_autopromote.TestAbAutopromotePut" name="test_put_rejects_out_of_range[min_days-200]" time="0.107" /><testcase classname="tests.test_city_pages_ab_autopromote.TestAbAutopromotePut" name="test_put_rejects_out_of_range[hour_utc--1]" time="0.109" /><testcase classname="tests.test_city_pages_ab_autopromote.TestAbAutopromotePut" name="test_put_rejects_out_of_range[hour_utc-24]" time="0.110" /><testcase classname="tests.test_city_pages_ab_autopromote.TestAbAutopromoteRunNow" name="test_run_now_requires_admin" time="0.123" /><testcase classname="tests.test_city_pages_ab_autopromote.TestAbAutopromoteRunNow" name="test_run_now_force_runs_even_when_disabled" time="0.239" /><testcase classname="tests.test_city_pages_ab_autopromote.TestDecideWinner" name="test_b_higher_ctr" time="0.000" /><testcase classname="tests.test_city_pages_ab_autopromote.TestDecideWinner" name="test_a_higher_ctr" time="0.000" /><testcase classname="tests.test_city_pages_ab_autopromote.TestDecideWinner" name="test_tied_ctr_b_higher_score" time="0.000" /><testcase classname="tests.test_city_pages_ab_autopromote.TestDecideWinner" name="test_full_tie_incumbent_wins" time="0.000" /><testcase classname="tests.test_city_pages_ab_autopromote.TestIsEligible" name="test_no_variant_b" time="0.000" /><testcase classname="tests.test_city_pages_ab_autopromote.TestIsEligible" name="test_below_impressions" time="0.000" /><testcase classname="tests.test_city_pages_ab_autopromote.TestIsEligible" name="test_too_recent" time="0.000" /><testcase classname="tests.test_city_pages_ab_autopromote.TestIsEligible" name="test_eligible" time="0.000" /><testcase classname="tests.test_city_pages_ab_autopromote.TestRunAbAutopromoteTick" name="test_promotes_eligible_and_skips_others" time="0.007" /><testcase classname="tests.test_city_pages_ab_autopromote.TestRunAbAutopromoteTick" name="test_public_get_after_promotion_no_cookie" time="0.138" /><testcase classname="tests.test_city_pages_ab_autopromote.TestIdempotencyAndGates" name="test_idempotency_already_ran_today" time="0.430" /><testcase classname="tests.test_city_pages_ab_autopromote.TestIdempotencyAndGates" name="test_disabled_gate_returns_skipped" time="0.106" /><testcase classname="tests.test_city_pages_ab_autopromote.TestSchedulerJobRegistered" name="test_ab_autopromote_in_status" time="0.105" /></testsuite></testsuites>