<?xml version="1.0" encoding="utf-8"?><testsuites name="pytest tests"><testsuite name="pytest" errors="0" failures="0" skipped="0" tests="20" time="17.407" timestamp="2026-05-01T07:14:06.766041+00:00" hostname="agent-env-9d6c089a-2586-4db5-84e8-a8e6fee0f6e2"><testcase classname="tests.test_city_pages_ab_variants.TestGenerateVariantBGuards" name="test_403_without_token" time="0.945" /><testcase classname="tests.test_city_pages_ab_variants.TestGenerateVariantBGuards" name="test_404_unknown_slug" time="0.494" /><testcase classname="tests.test_city_pages_ab_variants.TestGenerateVariantBGuards" name="test_400_when_variant_a_missing" time="0.219" /><testcase classname="tests.test_city_pages_ab_variants.TestPublicABServing" name="test_no_cookie_assigns_variant_and_sets_cookie" time="0.115" /><testcase classname="tests.test_city_pages_ab_variants.TestPublicABServing" name="test_sticky_a" time="0.109" /><testcase classname="tests.test_city_pages_ab_variants.TestPublicABServing" name="test_sticky_b_serves_variant_b_body" time="0.236" /><testcase classname="tests.test_city_pages_ab_variants.TestPublicABServing" name="test_public_no_variant_b_returns_raw_no_cookie" time="0.105" /><testcase classname="tests.test_city_pages_ab_variants.TestTrackCtaClick" name="test_track_variant_a" time="0.363" /><testcase classname="tests.test_city_pages_ab_variants.TestTrackCtaClick" name="test_track_variant_b" time="0.328" /><testcase classname="tests.test_city_pages_ab_variants.TestTrackCtaClick" name="test_track_invalid_variant" time="0.106" /><testcase classname="tests.test_city_pages_ab_variants.TestTrackCtaClick" name="test_track_empty_variant" time="0.118" /><testcase classname="tests.test_city_pages_ab_variants.TestAbStats" name="test_403_without_token" time="0.102" /><testcase classname="tests.test_city_pages_ab_variants.TestAbStats" name="test_returns_only_rows_with_variant_b" time="0.111" /><testcase classname="tests.test_city_pages_ab_variants.TestPromoteVariantA" name="test_invalid_winner" time="0.120" /><testcase classname="tests.test_city_pages_ab_variants.TestPromoteVariantA" name="test_403_without_token" time="0.114" /><testcase classname="tests.test_city_pages_ab_variants.TestPromoteVariantA" name="test_winner_a_keeps_primary_unsets_variant_b" time="0.339" /><testcase classname="tests.test_city_pages_ab_variants.TestPromoteVariantA" name="test_public_after_promote_a_no_active_variant_no_cookie" time="0.104" /><testcase classname="tests.test_city_pages_ab_variants.TestGenerateVariantBHappyPath" name="test_generate_b_populates_row_and_resets_counters" time="12.829" /><testcase classname="tests.test_city_pages_ab_variants.TestPromoteVariantB" name="test_winner_b_copies_b_to_primary" time="0.340" /><testcase classname="tests.test_city_pages_ab_variants.TestPromoteVariantB" name="test_public_after_promote_b_serves_b_as_primary" time="0.113" /></testsuite></testsuites>