<?xml version="1.0" encoding="utf-8"?><testsuites name="pytest tests"><testsuite name="pytest" errors="0" failures="0" skipped="0" tests="26" time="7.962" timestamp="2026-05-01T06:15:38.397520+00:00" hostname="agent-env-9d6c089a-2586-4db5-84e8-a8e6fee0f6e2"><testcase classname="tests.test_city_pages_confidence.TestScorePageLocal" name="test_good_body_scores_100" time="0.001" /><testcase classname="tests.test_city_pages_confidence.TestScorePageLocal" name="test_missing_postcode_drops_score" time="0.001" /><testcase classname="tests.test_city_pages_confidence.TestScorePageLocal" name="test_forbidden_string_lorem_ipsum_fails" time="0.001" /><testcase classname="tests.test_city_pages_confidence.TestScorePageLocal" name="test_forbidden_placeholder_token_fails" time="0.001" /><testcase classname="tests.test_city_pages_confidence.TestScorePageLocal" name="test_meta_description_too_short_fails" time="0.001" /><testcase classname="tests.test_city_pages_confidence.TestScorePageLocal" name="test_score_shape_and_types" time="0.001" /><testcase classname="tests.test_city_pages_confidence.TestScorePageNationwide" name="test_good_nationwide_scores_high" time="0.001" /><testcase classname="tests.test_city_pages_confidence.TestScorePageNationwide" name="test_missing_one_showroom_fails_check" time="0.001" /><testcase classname="tests.test_city_pages_confidence.TestRescoreEndpoint" name="test_rescore_requires_admin" time="1.989" /><testcase classname="tests.test_city_pages_confidence.TestRescoreEndpoint" name="test_rescore_success_and_fast" time="0.457" /><testcase classname="tests.test_city_pages_confidence.TestRescoreEndpoint" name="test_generated_list_has_confidence_fields" time="0.243" /><testcase classname="tests.test_city_pages_confidence.TestAutogenSettingsAutoApprove" name="test_put_persists_auto_approve_fields" time="0.450" /><testcase classname="tests.test_city_pages_confidence.TestAutogenSettingsAutoApprove" name="test_partial_update_preserves_threshold" time="0.464" /><testcase classname="tests.test_city_pages_confidence.TestAutogenSettingsAutoApprove" name="test_threshold_out_of_range_422[49]" time="0.311" /><testcase classname="tests.test_city_pages_confidence.TestAutogenSettingsAutoApprove" name="test_threshold_out_of_range_422[10]" time="0.314" /><testcase classname="tests.test_city_pages_confidence.TestAutogenSettingsAutoApprove" name="test_threshold_out_of_range_422[0]" time="0.333" /><testcase classname="tests.test_city_pages_confidence.TestAutogenSettingsAutoApprove" name="test_threshold_out_of_range_422[-1]" time="0.331" /><testcase classname="tests.test_city_pages_confidence.TestAutogenSettingsAutoApprove" name="test_threshold_out_of_range_422[101]" time="0.385" /><testcase classname="tests.test_city_pages_confidence.TestAutogenSettingsAutoApprove" name="test_threshold_out_of_range_422[150]" time="0.314" /><testcase classname="tests.test_city_pages_confidence.TestAutogenSettingsAutoApprove" name="test_threshold_out_of_range_422[999]" time="0.336" /><testcase classname="tests.test_city_pages_confidence.TestAutogenSettingsAutoApprove" name="test_threshold_in_range_accepted[50]" time="0.354" /><testcase classname="tests.test_city_pages_confidence.TestAutogenSettingsAutoApprove" name="test_threshold_in_range_accepted[51]" time="0.339" /><testcase classname="tests.test_city_pages_confidence.TestAutogenSettingsAutoApprove" name="test_threshold_in_range_accepted[90]" time="0.369" /><testcase classname="tests.test_city_pages_confidence.TestAutogenSettingsAutoApprove" name="test_threshold_in_range_accepted[99]" time="0.316" /><testcase classname="tests.test_city_pages_confidence.TestAutogenSettingsAutoApprove" name="test_threshold_in_range_accepted[100]" time="0.323" /><testcase classname="tests.test_city_pages_confidence.TestForbiddenStringsList" name="test_forbidden_list_non_empty_and_lowercase_match" time="0.000" /></testsuite></testsuites>