<?xml version="1.0" encoding="utf-8"?><testsuites name="pytest tests"><testsuite name="pytest" errors="0" failures="0" skipped="0" tests="14" time="24.141" timestamp="2026-05-01T00:04:14.922149+00:00" hostname="agent-env-9d6c089a-2586-4db5-84e8-a8e6fee0f6e2"><testcase classname="tests.test_city_pages_autogen.TestAuthGating" name="test_get_requires_auth" time="0.142" /><testcase classname="tests.test_city_pages_autogen.TestAuthGating" name="test_put_requires_auth" time="0.120" /><testcase classname="tests.test_city_pages_autogen.TestAuthGating" name="test_run_now_requires_auth" time="0.116" /><testcase classname="tests.test_city_pages_autogen.TestAutogenGet" name="test_get_returns_default_envelope" time="0.501" /><testcase classname="tests.test_city_pages_autogen.TestAutogenPut" name="test_put_partial_update_only_touches_sent_field" time="0.557" /><testcase classname="tests.test_city_pages_autogen.TestAutogenPut" name="test_put_rejects_out_of_range[payload0]" time="0.112" /><testcase classname="tests.test_city_pages_autogen.TestAutogenPut" name="test_put_rejects_out_of_range[payload1]" time="0.134" /><testcase classname="tests.test_city_pages_autogen.TestAutogenPut" name="test_put_rejects_out_of_range[payload2]" time="0.120" /><testcase classname="tests.test_city_pages_autogen.TestAutogenPut" name="test_put_rejects_out_of_range[payload3]" time="0.132" /><testcase classname="tests.test_city_pages_autogen.TestAutogenPut" name="test_put_rejects_out_of_range[payload4]" time="0.109" /><testcase classname="tests.test_city_pages_autogen.TestAutogenPut" name="test_put_rejects_out_of_range[payload5]" time="0.119" /><testcase classname="tests.test_city_pages_autogen.TestRunNowReal" name="test_run_now_against_current_queue" time="9.449" /><testcase classname="tests.test_city_pages_autogen" name="test_drain_email_lifecycle" time="12.320" /><testcase classname="tests.test_city_pages_autogen.TestSchedulerRegistration" name="test_city_pages_daily_autogen_job_registered" time="0.146" /></testsuite></testsuites>