<?xml version="1.0" encoding="utf-8"?><testsuites name="pytest tests"><testsuite name="pytest" errors="0" failures="0" skipped="0" tests="23" time="5.149" timestamp="2026-05-01T14:34:26.813853+00:00" hostname="agent-env-9d6c089a-2586-4db5-84e8-a8e6fee0f6e2"><testcase classname="tests.test_failed_payments.TestAuthGate" name="test_without_token_rejects" time="0.285" /><testcase classname="tests.test_failed_payments.TestAuthGate" name="test_with_non_admin_token_returns_403" time="0.145" /><testcase classname="tests.test_failed_payments.TestAuthGate" name="test_with_admin_token_200" time="0.459" /><testcase classname="tests.test_failed_payments.TestQueryValidation" name="test_days_too_large_returns_422" time="0.050" /><testcase classname="tests.test_failed_payments.TestQueryValidation" name="test_days_zero_returns_422" time="0.062" /><testcase classname="tests.test_failed_payments.TestQueryValidation" name="test_bad_status_returns_422" time="0.053" /><testcase classname="tests.test_failed_payments.TestQueryValidation" name="test_valid_status_200" time="0.199" /><testcase classname="tests.test_failed_payments.TestResponseShape" name="test_envelope_keys_always_present" time="0.052" /><testcase classname="tests.test_failed_payments.TestResponseShape" name="test_empty_window_totals_zeroed" time="0.056" /><testcase classname="tests.test_failed_payments.TestRecoveryStatusPureFunction" name="test_recovered_when_paid_after_failed" time="0.000" /><testcase classname="tests.test_failed_payments.TestRecoveryStatusPureFunction" name="test_pending_when_email_within_window" time="0.000" /><testcase classname="tests.test_failed_payments.TestRecoveryStatusPureFunction" name="test_abandoned_when_email_outside_window" time="0.000" /><testcase classname="tests.test_failed_payments.TestRecoveryStatusPureFunction" name="test_abandoned_when_no_email_and_not_paid" time="0.000" /><testcase classname="tests.test_failed_payments.TestRecoveryStatusPureFunction" name="test_paid_before_failed_is_not_recovered" time="0.000" /><testcase classname="tests.test_failed_payments.TestRecoveryStatusPureFunction" name="test_window_constant_is_seven" time="0.000" /><testcase classname="tests.test_failed_payments.TestIntegrationWithSyntheticRows" name="test_three_status_branches_end_to_end" time="0.055" /><testcase classname="tests.test_failed_payments.TestIntegrationWithSyntheticRows" name="test_status_filter_narrows_rows" time="0.110" /><testcase classname="tests.test_failed_payments.TestIntegrationWithSyntheticRows" name="test_row_field_whitelist_no_sensitive_ids" time="0.054" /><testcase classname="tests.test_failed_payments.TestIntegrationWithSyntheticRows" name="test_reason_truncated_to_200_chars" time="0.052" /><testcase classname="tests.test_failed_payments.TestTopDeclineCodesAggregator" name="test_most_common_ordering_and_unknown_bucket" time="0.101" /><testcase classname="tests.test_failed_payments.TestRecoveryRateAndIsoWindow" name="test_iso_gte_filter_respects_window_boundary" time="0.063" /><testcase classname="tests.test_failed_payments.TestRecoveryRateAndIsoWindow" name="test_recovery_rate_calculation_is_sane" time="0.056" /><testcase classname="tests.test_failed_payments.TestRecoveryRateAndIsoWindow" name="test_totals_counts_add_up" time="0.063" /></testsuite></testsuites>