<?xml version="1.0" encoding="utf-8"?><testsuites name="pytest tests"><testsuite name="pytest" errors="0" failures="0" skipped="0" tests="8" time="2.522" timestamp="2026-05-02T13:44:13.131184+00:00" hostname="agent-env-9d6c089a-2586-4db5-84e8-a8e6fee0f6e2"><testcase classname="backend.tests.test_gbp_and_ads_savings.TestGbp" name="test_status_requires_auth" time="0.877" /><testcase classname="backend.tests.test_gbp_and_ads_savings.TestGbp" name="test_status_authed" time="0.442" /><testcase classname="backend.tests.test_gbp_and_ads_savings.TestGbp" name="test_connect_returns_authorization_url" time="0.168" /><testcase classname="backend.tests.test_gbp_and_ads_savings.TestGbp" name="test_locations_graceful_when_no_tokens" time="0.114" /><testcase classname="backend.tests.test_gbp_and_ads_savings.TestGbp" name="test_connect_requires_auth" time="0.112" /><testcase classname="backend.tests.test_gbp_and_ads_savings.TestAdsSavings" name="test_overview_requires_auth" time="0.102" /><testcase classname="backend.tests.test_gbp_and_ads_savings.TestAdsSavings" name="test_overview_authed_shape" time="0.347" /><testcase classname="backend.tests.test_gbp_and_ads_savings.TestAdsSavings" name="test_overview_has_keywords_and_row_schema" time="0.280" /></testsuite></testsuites>