<?xml version="1.0" encoding="utf-8"?><testsuites name="pytest tests"><testsuite name="pytest" errors="0" failures="0" skipped="0" tests="15" time="1.016" timestamp="2026-05-04T14:51:32.111058+00:00" hostname="agent-env-9d6c089a-2586-4db5-84e8-a8e6fee0f6e2"><testcase classname="tests.test_stealth_seo_kw_attribution" name="test_load_tracked_from_autopromote" time="0.573" /><testcase classname="tests.test_stealth_seo_kw_attribution" name="test_load_tracked_skips_undone" time="0.013" /><testcase classname="tests.test_stealth_seo_kw_attribution" name="test_load_tracked_merges_collection_ui" time="0.017" /><testcase classname="tests.test_stealth_seo_kw_attribution" name="test_load_tracked_auto_promote_wins_over_admin_ui" time="0.022" /><testcase classname="tests.test_stealth_seo_kw_attribution" name="test_rebuild_no_gsc_returns_reason" time="0.004" /><testcase classname="tests.test_stealth_seo_kw_attribution" name="test_rebuild_gsc_error_handled" time="0.014" /><testcase classname="tests.test_stealth_seo_kw_attribution" name="test_rebuild_empty_tracked_returns_zero_rows" time="0.006" /><testcase classname="tests.test_stealth_seo_kw_attribution" name="test_rebuild_writes_and_upserts" time="0.028" /><testcase classname="tests.test_stealth_seo_kw_attribution" name="test_timeline_empty_universe" time="0.004" /><testcase classname="tests.test_stealth_seo_kw_attribution" name="test_timeline_builds_sparkline_and_rollup" time="0.022" /><testcase classname="tests.test_stealth_seo_kw_attribution" name="test_timeline_roi_score_band" time="0.025" /><testcase classname="tests.test_stealth_seo_kw_attribution" name="test_timeline_scope_filter" time="0.015" /><testcase classname="tests.test_stealth_seo_kw_attribution" name="test_timeline_min_days_live_filter" time="0.014" /><testcase classname="tests.test_stealth_seo_kw_attribution" name="test_timeline_sort_by_clicks_desc" time="0.021" /><testcase classname="tests.test_stealth_seo_kw_attribution" name="test_timeline_keyword_with_no_gsc_data_still_appears" time="0.012" /></testsuite></testsuites>