<?xml version="1.0" encoding="utf-8"?><testsuites name="pytest tests"><testsuite name="pytest" errors="0" failures="0" skipped="1" tests="39" time="39.882" timestamp="2026-05-03T13:55:37.603724+00:00" hostname="agent-env-9d6c089a-2586-4db5-84e8-a8e6fee0f6e2"><testcase classname="tests.test_marketing_studio_schedule" name="test_publish_with_auto_unpublish_at_persists_schedule" time="0.741" /><testcase classname="tests.test_marketing_studio_schedule" name="test_auto_unpublish_loop_fires_when_schedule_elapsed" time="4.575" /><testcase classname="tests.test_marketing_studio_schedule" name="test_publish_without_auto_unpublish_at_clears_old_schedule" time="0.676" /><testcase classname="tests.test_marketing_studio_unpublish" name="test_publish_then_unpublish_disables_promo_banner" time="1.864" /><testcase classname="tests.test_marketing_studio_unpublish" name="test_unpublish_idempotent_when_nothing_published" time="0.457" /><testcase classname="tests.test_marketing_studio_unpublish" name="test_delete_published_asset_also_unpublishes" time="1.566" /><testcase classname="tests.test_visualizer_validate_polygons" name="test_validate_polygons_requires_admin" time="0.106" /><testcase classname="tests.test_visualizer_validate_polygons" name="test_validate_polygons_returns_summary_and_results" time="0.731" /><testcase classname="tests.test_visualizer_validate_polygons" name="test_validate_polygons_flags_a_bad_polygon" time="0.941" /><testcase classname="tests.test_visualizer_multi_image" name="test_session_returns_full_image_gallery" time="0.585" /><testcase classname="tests.test_visualizer_multi_image" name="test_session_image_index_picks_correct_url" time="0.670" /><testcase classname="tests.test_visualizer_multi_image" name="test_session_image_index_clamps_out_of_range" time="0.566" /><testcase classname="tests.test_visualizer_admin_rooms" name="test_feature_flag_enabled_for_admin" time="0.232" /><testcase classname="tests.test_visualizer_admin_rooms" name="test_admin_sample_rooms_list_returns_curated_rooms" time="0.005" /><testcase classname="tests.test_visualizer_admin_rooms" name="test_admin_sample_rooms_unauth_returns_403_or_401" time="0.003" /><testcase classname="tests.test_visualizer_admin_rooms" name="test_toggle_sample_room_hides_then_unhides" time="0.021" /><testcase classname="tests.test_visualizer_admin_rooms" name="test_toggle_unknown_room_returns_404" time="0.004" /><testcase classname="tests.test_visualizer_admin_rooms" name="test_delete_nonexistent_room_returns_404" time="0.004" /><testcase classname="tests.test_visualizer_admin_rooms" name="test_reseed_without_force_skips" time="0.004" /><testcase classname="tests.test_visualizer_admin_rooms" name="test_reseed_with_force_upserts" time="0.009" /><testcase classname="tests.test_visualizer_admin_rooms" name="test_existing_visualizer_flow_smoke" time="0.111"><skipped type="pytest.skip" message="render upstream image issue (not our code): {&quot;detail&quot;:{&quot;message&quot;:&quot;We couldn't load one of the images for this render — please try a different tile or room.&quot;,&quot;url&quot;:&quot;https://images.unsplash.com/photo-1600607687644-aac4c3eac7f4?w=400&quot;,&quot;status&quot;:404">/app/backend/tests/test_visualizer_admin_rooms.py:197: render upstream image issue (not our code): {"detail":{"message":"We couldn't load one of the images for this render — please try a different tile or room.","url":"https://images.unsplash.com/photo-1600607687644-aac4c3eac7f4?w=400","status":404</skipped></testcase><testcase classname="tests.test_visualizer_v3_polish.TestPricing" name="test_get_pricing" time="0.457" /><testcase classname="tests.test_visualizer_v3_polish.TestPricing" name="test_put_pricing_persists" time="0.232" /><testcase classname="tests.test_visualizer_v3_polish.TestPricing" name="test_pricing_bounds" time="0.112" /><testcase classname="tests.test_visualizer_v3_polish.TestPricing" name="test_quote_uses_admin_pricing" time="0.334" /><testcase classname="tests.test_visualizer_v3_polish.TestShare" name="test_existing_share_token_public" time="0.180" /><testcase classname="tests.test_visualizer_v3_polish.TestShare" name="test_bad_share_token_404" time="0.174" /><testcase classname="tests.test_visualizer_v3_polish.TestShare" name="test_create_share_no_render_404" time="0.234" /><testcase classname="tests.test_visualizer_v3_polish.TestShare" name="test_share_idempotent_and_public_get" time="1.615" /><testcase classname="tests.test_visualizer_v3_polish.TestLaunchEmail" name="test_dry_run" time="0.112" /><testcase classname="tests.test_visualizer_v3_polish.TestZZReset" name="test_reset_pricing_to_defaults" time="0.208" /><testcase classname="tests.test_visualizer_room_editor" name="test_upload_image_requires_admin" time="0.116" /><testcase classname="tests.test_visualizer_room_editor" name="test_upload_image_rejects_empty_file" time="0.442" /><testcase classname="tests.test_visualizer_room_editor" name="test_upload_image_rejects_unsupported_type" time="0.453" /><testcase classname="tests.test_visualizer_room_editor" name="test_upsert_create_then_edit_then_delete" time="0.763" /><testcase classname="tests.test_critical_endpoints_resilience" name="test_all_critical_endpoints_return_200_healthy" time="0.806" /><testcase classname="tests.test_critical_endpoints_resilience" name="test_empty_responses_emit_no_store_headers" time="0.376" /><testcase classname="tests.test_critical_endpoints_resilience" name="test_repeated_calls_are_consistent" time="2.418" /><testcase classname="tests.test_critical_endpoints_resilience" name="test_no_500_responses_anywhere" time="16.838" /></testsuite></testsuites>