<?xml version="1.0" encoding="utf-8"?><testsuites name="pytest tests"><testsuite name="pytest" errors="0" failures="0" skipped="0" tests="23" time="20.617" timestamp="2026-05-03T19:41:03.358415+00:00" hostname="agent-env-106fdafc-599e-4456-9a93-aa5c0164bea0"><testcase classname="backend.tests.test_iteration8.TestEchoYesterday" name="test_empty_body_returns_text" time="0.229" /><testcase classname="backend.tests.test_iteration8.TestEchoYesterday" name="test_no_body_at_all" time="0.047" /><testcase classname="backend.tests.test_iteration8.TestEchoYesterday" name="test_fallback_when_no_yesterday_data" time="0.048" /><testcase classname="backend.tests.test_iteration8.TestEchoYesterday" name="test_with_yesterday_journal_entry" time="3.808" /><testcase classname="backend.tests.test_iteration8.TestFocusSessions" name="test_create_focus_session" time="0.046" /><testcase classname="backend.tests.test_iteration8.TestFocusSessions" name="test_list_focus_sessions_sorted_desc" time="0.181" /><testcase classname="backend.tests.test_iteration8.TestDistractions" name="test_create_distraction" time="0.045" /><testcase classname="backend.tests.test_iteration8.TestDistractions" name="test_list_distractions_sorted_desc" time="0.183" /><testcase classname="backend.tests.test_iteration8.TestFocusStats" name="test_focus_stats_counts_today" time="0.188" /><testcase classname="backend.tests.test_iteration8.TestFocusTips" name="test_ai_focus_tips_real_claude" time="7.940" /><testcase classname="backend.tests.test_iteration8.TestFocusTips" name="test_ai_focus_tips_empty_json_body_validation_bug" time="0.047" /><testcase classname="backend.tests.test_iteration8.TestAddictionsCRUD" name="test_create_addiction" time="0.092" /><testcase classname="backend.tests.test_iteration8.TestAddictionsCRUD" name="test_list_addictions" time="0.092" /><testcase classname="backend.tests.test_iteration8.TestAddictionsCRUD" name="test_update_addiction_partial_name" time="0.047" /><testcase classname="backend.tests.test_iteration8.TestAddictionsCRUD" name="test_update_addiction_partial_notes" time="0.092" /><testcase classname="backend.tests.test_iteration8.TestAddictionsCRUD" name="test_delete_addiction_cascades_slips" time="0.280" /><testcase classname="backend.tests.test_iteration8.TestSlipFlow" name="test_slip_resets_clock_and_updates_fields" time="1.283" /><testcase classname="backend.tests.test_iteration8.TestSlipFlow" name="test_list_slips_sorted_desc" time="0.331" /><testcase classname="backend.tests.test_iteration8.TestSlipFlow" name="test_multiple_slips_increment_reset_count" time="0.293" /><testcase classname="backend.tests.test_iteration8.TestSobrietySupport" name="test_sobriety_support_real_claude" time="4.820" /><testcase classname="backend.tests.test_iteration8.TestSobrietySupport" name="test_sobriety_support_404_on_invalid_id" time="0.047" /><testcase classname="backend.tests.test_iteration8.TestSobrietySupport" name="test_sobriety_support_empty_json_body_validation_bug" time="0.138" /><testcase classname="backend.tests.test_iteration8.TestNoMongoIdLeak" name="test_sweep_new_endpoints" time="0.225" /></testsuite></testsuites>