<?xml version="1.0" encoding="utf-8"?><testsuites name="pytest tests"><testsuite name="pytest" errors="0" failures="1" skipped="0" tests="111" time="268.231" timestamp="2026-05-03T20:06:01.460985+00:00" hostname="agent-env-106fdafc-599e-4456-9a93-aa5c0164bea0"><testcase classname="backend.tests.backend_test.TestHealth" name="test_root" time="4.610" /><testcase classname="backend.tests.backend_test.TestSeed" name="test_recipes_seeded_and_halal" time="0.048" /><testcase classname="backend.tests.backend_test.TestSeed" name="test_recipes_filter_cuisine" time="0.048" /><testcase classname="backend.tests.backend_test.TestSeed" name="test_recipes_filter_meal_type" time="0.045" /><testcase classname="backend.tests.backend_test.TestSeed" name="test_quotes_seeded" time="0.046" /><testcase classname="backend.tests.backend_test.TestSeed" name="test_podcasts_seeded" time="0.047" /><testcase classname="backend.tests.backend_test.TestSeed" name="test_meditations_seeded" time="0.044" /><testcase classname="backend.tests.backend_test.TestSeed" name="test_affirmations_seeded" time="0.046" /><testcase classname="backend.tests.backend_test.TestWorkouts" name="test_full_crud" time="0.284" /><testcase classname="backend.tests.backend_test.TestWorkouts" name="test_workout_logs" time="0.218" /><testcase classname="backend.tests.backend_test.TestRecipeCustom" name="test_create_and_delete" time="0.203" /><testcase classname="backend.tests.backend_test.TestJournal" name="test_crud" time="0.130" /><testcase classname="backend.tests.backend_test.TestEvents" name="test_crud" time="0.189" /><testcase classname="backend.tests.backend_test.TestLifeGoals" name="test_crud" time="0.202" /><testcase classname="backend.tests.backend_test.TestAI" name="test_motivation" time="6.139" /><testcase classname="backend.tests.backend_test.TestAI" name="test_reflect" time="6.242" /><testcase classname="backend.tests.backend_test.TestAI" name="test_meal_suggestion" time="6.977" /><testcase classname="backend.tests.backend_test.TestAI" name="test_workout_suggestion" time="9.212" /><testcase classname="backend.tests.backend_test.TestStreaks" name="test_streaks_shape_and_types" time="0.057" /><testcase classname="backend.tests.backend_test.TestStreaks" name="test_streaks_increment_with_today_log" time="0.196" /><testcase classname="backend.tests.backend_test.TestWeeklyLetter" name="test_weekly_letter_empty_body" time="7.213" /><testcase classname="backend.tests.backend_test.TestWeeklyLetter" name="test_weekly_letter_with_note" time="7.580" /><testcase classname="backend.tests.backend_test.TestWeeklyLetter" name="test_weekly_letter_no_body" time="7.166" /><testcase classname="backend.tests.backend_test.TestDayPlans" name="test_get_default_when_missing" time="0.055" /><testcase classname="backend.tests.backend_test.TestDayPlans" name="test_upsert_and_persist" time="0.250" /><testcase classname="backend.tests.backend_test.TestDayPlans" name="test_list_sorted_desc" time="0.147" /><testcase classname="backend.tests.backend_test.TestCompanion" name="test_get_creates_default" time="0.502" /><testcase classname="backend.tests.backend_test.TestCompanion" name="test_partial_update_preserves_fields" time="0.297" /><testcase classname="backend.tests.backend_test.TestCompanion" name="test_memories_crud_and_sort" time="0.365" /><testcase classname="backend.tests.backend_test.TestCompanion" name="test_messages_list_and_clear" time="1.452" /><testcase classname="backend.tests.backend_test.TestCompanion" name="test_chat_persists_and_real_reply" time="4.417" /><testcase classname="backend.tests.backend_test.TestCompanion" name="test_chat_respects_user_name" time="1.357" /><testcase classname="backend.tests.backend_test.TestCompanion" name="test_chat_persona_persisted_on_message" time="1.571" /><testcase classname="backend.tests.backend_test.TestCompanion" name="test_memory_injection_vegetarian" time="3.684" /><testcase classname="backend.tests.test_iteration4.TestStreaksFlags" name="test_streaks_includes_today_bool_flags" time="0.190" /><testcase classname="backend.tests.test_iteration4.TestStreaksFlags" name="test_workout_today_flips_true_after_log" time="0.232" /><testcase classname="backend.tests.test_iteration4.TestStreaksFlags" name="test_journal_today_flips_true_after_entry" time="0.200" /><testcase classname="backend.tests.test_iteration4.TestDayPlanTimeBlocks" name="test_time_blocks_persist" time="0.113" /><testcase classname="backend.tests.test_iteration4.TestDayPlanTimeBlocks" name="test_default_day_plan_has_empty_time_blocks" time="0.062" /><testcase classname="backend.tests.test_iteration4.TestDayPlanValidation" name="test_meal_string_instead_of_object_rejected" time="0.057" /><testcase classname="backend.tests.test_iteration4.TestDayPlanValidation" name="test_supplement_taken_non_bool_coerced_or_rejected" time="0.084" /><testcase classname="backend.tests.test_iteration4.TestDayPlanValidation" name="test_supplement_clean_payload_persists" time="0.058" /><testcase classname="backend.tests.test_iteration4.TestPersonaLiteral" name="test_bad_persona_rejected" time="0.058" /><testcase classname="backend.tests.test_iteration4.TestPersonaLiteral" name="test_valid_persona_accepted" time="0.276" /><testcase classname="backend.tests.test_iteration4.TestAutoExtractMemories" name="test_long_personal_message_triggers_auto_extract" time="6.345" /><testcase classname="backend.tests.test_iteration4.TestAutoExtractMemories" name="test_short_message_does_not_trigger_auto_extract" time="9.532" /><testcase classname="backend.tests.test_iteration4.TestAutoExtractMemories" name="test_long_unmemorable_message_yields_zero_or_minimal" time="15.779" /><testcase classname="backend.tests.test_iteration4.TestAutoExtractMemories" name="test_chat_does_not_fail_on_background_extract" time="2.592" /><testcase classname="backend.tests.test_iteration4.TestModularLayout" name="test_server_under_100_lines" time="0.000" /><testcase classname="backend.tests.test_iteration4.TestModularLayout" name="test_routes_folder_has_endpoints" time="0.000" /><testcase classname="backend.tests.test_iteration4.TestModularLayout" name="test_no_id_leak_on_core_endpoints" time="2.012" /><testcase classname="backend.tests.test_iteration5.TestAudioLibrary" name="test_audio_has_16_items_no_id_leak" time="0.200" /><testcase classname="backend.tests.test_iteration5.TestAudioLibrary" name="test_audio_categories_split" time="0.078" /><testcase classname="backend.tests.test_iteration5.TestAudioLibrary" name="test_audio_filter_by_category" time="0.051" /><testcase classname="backend.tests.test_iteration5.TestFamilyMembers" name="test_full_crud" time="0.299" /><testcase classname="backend.tests.test_iteration5.TestFamilyMemories" name="test_create_list_delete" time="0.220" /><testcase classname="backend.tests.test_iteration5.TestFamilyHolidays" name="test_full_crud_with_status_update" time="0.233" /><testcase classname="backend.tests.test_iteration5.TestFamilyAI" name="test_holiday_planner" time="10.424" /><testcase classname="backend.tests.test_iteration5.TestFamilyAI" name="test_memory_weave" time="5.439" /><testcase classname="backend.tests.test_iteration5.TestFamilyAI" name="test_family_ritual" time="4.435" /><testcase classname="backend.tests.test_iteration5.TestMorningRoutine" name="test_morning_routine_persists" time="0.198" /><testcase classname="backend.tests.test_iteration5.TestMorningRoutine" name="test_default_morning_routine_empty" time="0.051" /><testcase classname="backend.tests.test_iteration5.TestCompanionMemoryPatch" name="test_patch_pinned_true" time="0.240" /><testcase classname="backend.tests.test_iteration5.TestCompanionMemoryPatch" name="test_patch_content_update" time="0.376" /><testcase classname="backend.tests.test_iteration5.TestCompanionMemoryTTL" name="test_ttl_evicts_oldest_when_over_cap" time="6.262" /><testcase classname="backend.tests.test_iteration5.TestCompanionMemoryTTL" name="test_pinned_memory_survives_prune" time="5.728" /><testcase classname="backend.tests.test_iteration5.TestJaccardDedupe" name="test_near_duplicate_message_does_not_create_duplicate" time="40.831"><failure message="AssertionError: Jaccard dedupe failed: 2 new auto memories from near-duplicate. All: ['User has a seven-year-old daughter named Aisha.', 'Aisha loves painting watercolors.', 'Aisha enjoys reading short stories at bedtime.', &quot;User's daughter Aisha enjoys painting watercolors.&quot;, 'User reads bedtime stories to their daughter as a nightly routine.']&#10;assert 2 &lt;= 1">backend/tests/test_iteration5.py:389: in test_near_duplicate_message_does_not_create_duplicate
    assert new_count &lt;= 1, (
E   AssertionError: Jaccard dedupe failed: 2 new auto memories from near-duplicate. All: ['User has a seven-year-old daughter named Aisha.', 'Aisha loves painting watercolors.', 'Aisha enjoys reading short stories at bedtime.', "User's daughter Aisha enjoys painting watercolors.", 'User reads bedtime stories to their daughter as a nightly routine.']
E   assert 2 &lt;= 1</failure></testcase><testcase classname="backend.tests.test_iteration7.TestSelfProfile" name="test_get_creates_singleton" time="0.225" /><testcase classname="backend.tests.test_iteration7.TestSelfProfile" name="test_put_partial_preserves_other_fields" time="0.050" /><testcase classname="backend.tests.test_iteration7.TestSelfProfile" name="test_put_multi_field_and_updated_at_changes" time="1.197" /><testcase classname="backend.tests.test_iteration7.TestSelfProfile" name="test_get_returns_persisted_values" time="0.050" /><testcase classname="backend.tests.test_iteration7.TestAISelfSuggestion" name="test_invalid_dimension" time="0.046" /><testcase classname="backend.tests.test_iteration7.TestAISelfSuggestion" name="test_style_with_populated_profile_real_ai" time="9.089" /><testcase classname="backend.tests.test_iteration7.TestAISelfSuggestion" name="test_dimension_with_empty_returns_placeholder" time="0.113" /><testcase classname="backend.tests.test_iteration7.TestAISelfSuggestion" name="test_with_note_context_real_ai" time="8.368" /><testcase classname="backend.tests.test_iteration7.TestDailyBrief" name="test_daily_brief_has_all_five_labels" time="5.234" /><testcase classname="backend.tests.test_iteration7.TestDailyBrief" name="test_daily_brief_no_body" time="6.094" /><testcase classname="backend.tests.test_iteration7.TestDailyBrief" name="test_daily_brief_personalisation_with_companion" time="6.288" /><testcase classname="backend.tests.test_iteration7.TestDailyBrief" name="test_daily_brief_fallback_when_no_profile_still_has_labels" time="4.745" /><testcase classname="backend.tests.test_iteration8.TestEchoYesterday" name="test_empty_body_returns_text" time="0.161" /><testcase classname="backend.tests.test_iteration8.TestEchoYesterday" name="test_no_body_at_all" time="0.057" /><testcase classname="backend.tests.test_iteration8.TestEchoYesterday" name="test_fallback_when_no_yesterday_data" time="0.049" /><testcase classname="backend.tests.test_iteration8.TestEchoYesterday" name="test_with_yesterday_journal_entry" time="2.162" /><testcase classname="backend.tests.test_iteration8.TestFocusSessions" name="test_create_focus_session" time="0.046" /><testcase classname="backend.tests.test_iteration8.TestFocusSessions" name="test_list_focus_sessions_sorted_desc" time="0.188" /><testcase classname="backend.tests.test_iteration8.TestDistractions" name="test_create_distraction" time="0.043" /><testcase classname="backend.tests.test_iteration8.TestDistractions" name="test_list_distractions_sorted_desc" time="0.194" /><testcase classname="backend.tests.test_iteration8.TestFocusStats" name="test_focus_stats_counts_today" time="0.198" /><testcase classname="backend.tests.test_iteration8.TestFocusTips" name="test_ai_focus_tips_real_claude" time="8.607" /><testcase classname="backend.tests.test_iteration8.TestFocusTips" name="test_ai_focus_tips_empty_json_body_validation_bug" time="7.527" /><testcase classname="backend.tests.test_iteration8.TestAddictionsCRUD" name="test_create_addiction" time="0.093" /><testcase classname="backend.tests.test_iteration8.TestAddictionsCRUD" name="test_list_addictions" time="0.100" /><testcase classname="backend.tests.test_iteration8.TestAddictionsCRUD" name="test_update_addiction_partial_name" time="0.046" /><testcase classname="backend.tests.test_iteration8.TestAddictionsCRUD" name="test_update_addiction_partial_notes" time="0.088" /><testcase classname="backend.tests.test_iteration8.TestAddictionsCRUD" name="test_delete_addiction_cascades_slips" time="0.295" /><testcase classname="backend.tests.test_iteration8.TestSlipFlow" name="test_slip_resets_clock_and_updates_fields" time="1.292" /><testcase classname="backend.tests.test_iteration8.TestSlipFlow" name="test_list_slips_sorted_desc" time="0.350" /><testcase classname="backend.tests.test_iteration8.TestSlipFlow" name="test_multiple_slips_increment_reset_count" time="0.282" /><testcase classname="backend.tests.test_iteration8.TestSobrietySupport" name="test_sobriety_support_real_claude" time="5.622" /><testcase classname="backend.tests.test_iteration8.TestSobrietySupport" name="test_sobriety_support_404_on_invalid_id" time="0.047" /><testcase classname="backend.tests.test_iteration8.TestSobrietySupport" name="test_sobriety_support_empty_json_body_validation_bug" time="5.596" /><testcase classname="backend.tests.test_iteration8.TestNoMongoIdLeak" name="test_sweep_new_endpoints" time="0.298" /><testcase classname="backend.tests.test_iteration9.TestFocusStatsBackCompat" name="test_no_params_returns_utc_day_stats" time="0.136" /><testcase classname="backend.tests.test_iteration9.TestFocusStatsTzAware" name="test_pkt_day_counts_only_inside_session" time="0.047" /><testcase classname="backend.tests.test_iteration9.TestFocusStatsTzAware" name="test_pkt_day_excludes_outside_session" time="0.001" /><testcase classname="backend.tests.test_iteration9.TestFocusStatsTzAware" name="test_next_pkt_day_counts_outside_session" time="0.045" /><testcase classname="backend.tests.test_iteration9.TestFocusStatsInvalidDate" name="test_invalid_date_falls_back_no_error" time="0.053" /><testcase classname="backend.tests.test_iteration9.TestFocusStatsInvalidDate" name="test_invalid_date_with_tz_offset_also_falls_back" time="0.058" /><testcase classname="backend.tests.test_iteration9.TestFamilyMemoryUpdate" name="test_put_updates_full_doc" time="0.206" /><testcase classname="backend.tests.test_iteration9.TestFamilyMemoryUpdate" name="test_put_nonexistent_returns_404" time="0.168" /><testcase classname="backend.tests.test_iteration9.TestCompanionChatSendHelper" name="test_chat_with_contextual_message" time="8.758" /></testsuite></testsuites>