<?xml version="1.0" encoding="utf-8"?><testsuites name="pytest tests"><testsuite name="pytest" errors="0" failures="1" skipped="0" tests="67" time="197.036" timestamp="2026-05-03T18:34:20.172505+00:00" hostname="agent-env-106fdafc-599e-4456-9a93-aa5c0164bea0"><testcase classname="backend.tests.backend_test.TestHealth" name="test_root" time="0.216" /><testcase classname="backend.tests.backend_test.TestSeed" name="test_recipes_seeded_and_halal" time="0.047" /><testcase classname="backend.tests.backend_test.TestSeed" name="test_recipes_filter_cuisine" time="0.049" /><testcase classname="backend.tests.backend_test.TestSeed" name="test_recipes_filter_meal_type" time="0.090" /><testcase classname="backend.tests.backend_test.TestSeed" name="test_quotes_seeded" time="0.049" /><testcase classname="backend.tests.backend_test.TestSeed" name="test_podcasts_seeded" time="0.049" /><testcase classname="backend.tests.backend_test.TestSeed" name="test_meditations_seeded" time="0.046" /><testcase classname="backend.tests.backend_test.TestSeed" name="test_affirmations_seeded" time="0.048" /><testcase classname="backend.tests.backend_test.TestWorkouts" name="test_full_crud" time="0.296" /><testcase classname="backend.tests.backend_test.TestWorkouts" name="test_workout_logs" time="0.191" /><testcase classname="backend.tests.backend_test.TestRecipeCustom" name="test_create_and_delete" time="0.193" /><testcase classname="backend.tests.backend_test.TestJournal" name="test_crud" time="0.142" /><testcase classname="backend.tests.backend_test.TestEvents" name="test_crud" time="0.204" /><testcase classname="backend.tests.backend_test.TestLifeGoals" name="test_crud" time="0.185" /><testcase classname="backend.tests.backend_test.TestAI" name="test_motivation" time="6.173" /><testcase classname="backend.tests.backend_test.TestAI" name="test_reflect" time="6.346" /><testcase classname="backend.tests.backend_test.TestAI" name="test_meal_suggestion" time="6.865" /><testcase classname="backend.tests.backend_test.TestAI" name="test_workout_suggestion" time="8.839" /><testcase classname="backend.tests.backend_test.TestStreaks" name="test_streaks_shape_and_types" time="0.048" /><testcase classname="backend.tests.backend_test.TestStreaks" name="test_streaks_increment_with_today_log" time="0.192" /><testcase classname="backend.tests.backend_test.TestWeeklyLetter" name="test_weekly_letter_empty_body" time="7.922" /><testcase classname="backend.tests.backend_test.TestWeeklyLetter" name="test_weekly_letter_with_note" time="7.534" /><testcase classname="backend.tests.backend_test.TestWeeklyLetter" name="test_weekly_letter_no_body" time="8.065" /><testcase classname="backend.tests.backend_test.TestDayPlans" name="test_get_default_when_missing" time="0.048" /><testcase classname="backend.tests.backend_test.TestDayPlans" name="test_upsert_and_persist" time="0.223" /><testcase classname="backend.tests.backend_test.TestDayPlans" name="test_list_sorted_desc" time="0.145" /><testcase classname="backend.tests.backend_test.TestCompanion" name="test_get_creates_default" time="0.278" /><testcase classname="backend.tests.backend_test.TestCompanion" name="test_partial_update_preserves_fields" time="0.264" /><testcase classname="backend.tests.backend_test.TestCompanion" name="test_memories_crud_and_sort" time="0.379" /><testcase classname="backend.tests.backend_test.TestCompanion" name="test_messages_list_and_clear" time="1.676" /><testcase classname="backend.tests.backend_test.TestCompanion" name="test_chat_persists_and_real_reply" time="3.067" /><testcase classname="backend.tests.backend_test.TestCompanion" name="test_chat_respects_user_name" time="1.313" /><testcase classname="backend.tests.backend_test.TestCompanion" name="test_chat_persona_persisted_on_message" time="1.762" /><testcase classname="backend.tests.backend_test.TestCompanion" name="test_memory_injection_vegetarian" time="4.988" /><testcase classname="backend.tests.test_iteration4.TestStreaksFlags" name="test_streaks_includes_today_bool_flags" time="0.158" /><testcase classname="backend.tests.test_iteration4.TestStreaksFlags" name="test_workout_today_flips_true_after_log" time="0.219" /><testcase classname="backend.tests.test_iteration4.TestStreaksFlags" name="test_journal_today_flips_true_after_entry" time="0.177" /><testcase classname="backend.tests.test_iteration4.TestDayPlanTimeBlocks" name="test_time_blocks_persist" time="0.142" /><testcase classname="backend.tests.test_iteration4.TestDayPlanTimeBlocks" name="test_default_day_plan_has_empty_time_blocks" time="0.057" /><testcase classname="backend.tests.test_iteration4.TestDayPlanValidation" name="test_meal_string_instead_of_object_rejected" time="0.053" /><testcase classname="backend.tests.test_iteration4.TestDayPlanValidation" name="test_supplement_taken_non_bool_coerced_or_rejected" time="0.052" /><testcase classname="backend.tests.test_iteration4.TestDayPlanValidation" name="test_supplement_clean_payload_persists" time="0.067" /><testcase classname="backend.tests.test_iteration4.TestPersonaLiteral" name="test_bad_persona_rejected" time="0.066" /><testcase classname="backend.tests.test_iteration4.TestPersonaLiteral" name="test_valid_persona_accepted" time="0.307" /><testcase classname="backend.tests.test_iteration4.TestAutoExtractMemories" name="test_long_personal_message_triggers_auto_extract" time="7.269" /><testcase classname="backend.tests.test_iteration4.TestAutoExtractMemories" name="test_short_message_does_not_trigger_auto_extract" time="11.635" /><testcase classname="backend.tests.test_iteration4.TestAutoExtractMemories" name="test_long_unmemorable_message_yields_zero_or_minimal" time="15.938" /><testcase classname="backend.tests.test_iteration4.TestAutoExtractMemories" name="test_chat_does_not_fail_on_background_extract" time="3.229" /><testcase classname="backend.tests.test_iteration4.TestModularLayout" name="test_server_under_100_lines" time="0.000" /><testcase classname="backend.tests.test_iteration4.TestModularLayout" name="test_routes_folder_has_endpoints" time="0.000" /><testcase classname="backend.tests.test_iteration4.TestModularLayout" name="test_no_id_leak_on_core_endpoints" time="13.378" /><testcase classname="backend.tests.test_iteration5.TestAudioLibrary" name="test_audio_has_16_items_no_id_leak" time="0.152" /><testcase classname="backend.tests.test_iteration5.TestAudioLibrary" name="test_audio_categories_split" time="0.059" /><testcase classname="backend.tests.test_iteration5.TestAudioLibrary" name="test_audio_filter_by_category" time="0.049" /><testcase classname="backend.tests.test_iteration5.TestFamilyMembers" name="test_full_crud" time="0.259" /><testcase classname="backend.tests.test_iteration5.TestFamilyMemories" name="test_create_list_delete" time="0.177" /><testcase classname="backend.tests.test_iteration5.TestFamilyHolidays" name="test_full_crud_with_status_update" time="0.224" /><testcase classname="backend.tests.test_iteration5.TestFamilyAI" name="test_holiday_planner" time="10.975" /><testcase classname="backend.tests.test_iteration5.TestFamilyAI" name="test_memory_weave" time="4.707" /><testcase classname="backend.tests.test_iteration5.TestFamilyAI" name="test_family_ritual" time="5.193" /><testcase classname="backend.tests.test_iteration5.TestMorningRoutine" name="test_morning_routine_persists" time="0.106" /><testcase classname="backend.tests.test_iteration5.TestMorningRoutine" name="test_default_morning_routine_empty" time="0.055" /><testcase classname="backend.tests.test_iteration5.TestCompanionMemoryPatch" name="test_patch_pinned_true" time="0.227" /><testcase classname="backend.tests.test_iteration5.TestCompanionMemoryPatch" name="test_patch_content_update" time="0.266" /><testcase classname="backend.tests.test_iteration5.TestCompanionMemoryTTL" name="test_ttl_evicts_oldest_when_over_cap" time="6.237" /><testcase classname="backend.tests.test_iteration5.TestCompanionMemoryTTL" name="test_pinned_memory_survives_prune" time="6.178" /><testcase classname="backend.tests.test_iteration5.TestJaccardDedupe" name="test_near_duplicate_message_does_not_create_duplicate" time="41.317"><failure message="AssertionError: Jaccard dedupe failed: 3 new auto memories from near-duplicate. All: ['User has a seven-year-old daughter named Aisha.', 'Aisha loves painting watercolors.', 'Aisha enjoys reading short stories at bedtime.', 'User has a daughter named Aisha who is seven years old.', &quot;User's daughter Aisha enjoys painting watercolors.&quot;, 'User has a nightly bedtime story routine with their daughter.']&#10;assert 3 &lt;= 1">E   AssertionError: Jaccard dedupe failed: 3 new auto memories from near-duplicate. All: ['User has a seven-year-old daughter named Aisha.', 'Aisha loves painting watercolors.', 'Aisha enjoys reading short stories at bedtime.', 'User has a daughter named Aisha who is seven years old.', "User's daughter Aisha enjoys painting watercolors.", 'User has a nightly bedtime story routine with their daughter.']
    assert 3 &lt;= 1</failure></testcase></testsuite></testsuites>