<?xml version="1.0" encoding="utf-8"?><testsuites name="pytest tests"><testsuite name="pytest" errors="0" failures="1" skipped="0" tests="11" time="5.177" timestamp="2026-05-04T14:51:56.886212+00:00" hostname="agent-env-9d6c089a-2586-4db5-84e8-a8e6fee0f6e2"><testcase classname="tests.test_stealth_seo_kw_attribution_live" name="test_timeline_requires_auth" time="2.961" /><testcase classname="tests.test_stealth_seo_kw_attribution_live" name="test_rebuild_requires_auth" time="0.150" /><testcase classname="tests.test_stealth_seo_kw_attribution_live" name="test_timeline_days_too_low_422" time="0.509" /><testcase classname="tests.test_stealth_seo_kw_attribution_live" name="test_timeline_days_too_high_422" time="0.205" /><testcase classname="tests.test_stealth_seo_kw_attribution_live" name="test_timeline_scope_bad_value_422" time="0.153" /><testcase classname="tests.test_stealth_seo_kw_attribution_live" name="test_timeline_min_days_live_too_high_422" time="0.165" /><testcase classname="tests.test_stealth_seo_kw_attribution_live" name="test_timeline_default_ok" time="0.239" /><testcase classname="tests.test_stealth_seo_kw_attribution_live" name="test_timeline_scope_collection" time="0.113" /><testcase classname="tests.test_stealth_seo_kw_attribution_live" name="test_timeline_scope_city_page" time="0.138" /><testcase classname="tests.test_stealth_seo_kw_attribution_live" name="test_timeline_days_90_ok" time="0.115" /><testcase classname="tests.test_stealth_seo_kw_attribution_live" name="test_rebuild_endpoint" time="0.336"><failure message="AssertionError: missing key rebuilt_at in {'ok': True, 'rows_pulled': 793, 'tracked_kws': 0, 'matched_pairs': 0, 'keywords_with_data': 0}&#10;assert 'rebuilt_at' in {'keywords_with_data': 0, 'matched_pairs': 0, 'ok': True, 'rows_pulled': 793, ...}">tests/test_stealth_seo_kw_attribution_live.py:174: in test_rebuild_endpoint
    assert k in body, f"missing key {k} in {body}"
E   AssertionError: missing key rebuilt_at in {'ok': True, 'rows_pulled': 793, 'tracked_kws': 0, 'matched_pairs': 0, 'keywords_with_data': 0}
E   assert 'rebuilt_at' in {'keywords_with_data': 0, 'matched_pairs': 0, 'ok': True, 'rows_pulled': 793, ...}</failure></testcase></testsuite></testsuites>