<?xml version="1.0" encoding="utf-8"?><testsuites name="pytest tests"><testsuite name="pytest" errors="0" failures="0" skipped="1" tests="6" time="3.293" timestamp="2026-05-04T14:29:40.742159+00:00" hostname="agent-env-9d6c089a-2586-4db5-84e8-a8e6fee0f6e2"><testcase classname="backend.tests.test_stealth_seo_local_seed_live" name="test_get_settings_returns_auto_local_seed_field" time="2.167" /><testcase classname="backend.tests.test_stealth_seo_local_seed_live" name="test_put_auto_local_seed_round_trip" time="0.480" /><testcase classname="backend.tests.test_stealth_seo_local_seed_live" name="test_history_endpoint_token_redacted" time="0.169" /><testcase classname="backend.tests.test_stealth_seo_local_seed_live" name="test_undo_unknown_record_id_returns_404" time="0.153" /><testcase classname="backend.tests.test_stealth_seo_local_seed_live" name="test_public_undo_unknown_token_returns_404" time="0.137" /><testcase classname="backend.tests.test_stealth_seo_local_seed_live" name="test_public_city_page_returns_hidden_seo_keywords_field" time="0.115"><skipped type="pytest.skip" message="admin city-pages list unavailable: 404">/app/backend/tests/test_stealth_seo_local_seed_live.py:89: admin city-pages list unavailable: 404</skipped></testcase></testsuite></testsuites>