<?xml version="1.0" encoding="utf-8"?><testsuites name="pytest tests"><testsuite name="pytest" errors="0" failures="0" skipped="0" tests="16" time="77.508" timestamp="2026-05-03T18:41:20.914428+00:00" hostname="agent-env-106fdafc-599e-4456-9a93-aa5c0164bea0"><testcase classname="backend.tests.test_iteration5.TestAudioLibrary" name="test_audio_has_16_items_no_id_leak" time="0.265" /><testcase classname="backend.tests.test_iteration5.TestAudioLibrary" name="test_audio_categories_split" time="0.047" /><testcase classname="backend.tests.test_iteration5.TestAudioLibrary" name="test_audio_filter_by_category" time="0.045" /><testcase classname="backend.tests.test_iteration5.TestFamilyMembers" name="test_full_crud" time="0.229" /><testcase classname="backend.tests.test_iteration5.TestFamilyMemories" name="test_create_list_delete" time="0.130" /><testcase classname="backend.tests.test_iteration5.TestFamilyHolidays" name="test_full_crud_with_status_update" time="0.187" /><testcase classname="backend.tests.test_iteration5.TestFamilyAI" name="test_holiday_planner" time="11.286" /><testcase classname="backend.tests.test_iteration5.TestFamilyAI" name="test_memory_weave" time="5.691" /><testcase classname="backend.tests.test_iteration5.TestFamilyAI" name="test_family_ritual" time="4.698" /><testcase classname="backend.tests.test_iteration5.TestMorningRoutine" name="test_morning_routine_persists" time="0.098" /><testcase classname="backend.tests.test_iteration5.TestMorningRoutine" name="test_default_morning_routine_empty" time="0.049" /><testcase classname="backend.tests.test_iteration5.TestCompanionMemoryPatch" name="test_patch_pinned_true" time="0.237" /><testcase classname="backend.tests.test_iteration5.TestCompanionMemoryPatch" name="test_patch_content_update" time="0.246" /><testcase classname="backend.tests.test_iteration5.TestCompanionMemoryTTL" name="test_ttl_evicts_oldest_when_over_cap" time="7.262" /><testcase classname="backend.tests.test_iteration5.TestCompanionMemoryTTL" name="test_pinned_memory_survives_prune" time="5.495" /><testcase classname="backend.tests.test_iteration5.TestJaccardDedupe" name="test_near_duplicate_message_does_not_create_duplicate" time="41.399" /></testsuite></testsuites>