<?xml version="1.0" encoding="utf-8"?><testsuites name="pytest tests"><testsuite name="pytest" errors="0" failures="2" skipped="0" tests="16" time="95.554" timestamp="2026-05-03T18:32:22.109422+00:00" hostname="agent-env-106fdafc-599e-4456-9a93-aa5c0164bea0"><testcase classname="backend.tests.test_iteration5.TestAudioLibrary" name="test_audio_has_16_items_no_id_leak" time="0.321" /><testcase classname="backend.tests.test_iteration5.TestAudioLibrary" name="test_audio_categories_split" time="0.060" /><testcase classname="backend.tests.test_iteration5.TestAudioLibrary" name="test_audio_filter_by_category" time="0.052" /><testcase classname="backend.tests.test_iteration5.TestFamilyMembers" name="test_full_crud" time="0.285" /><testcase classname="backend.tests.test_iteration5.TestFamilyMemories" name="test_create_list_delete" time="0.174" /><testcase classname="backend.tests.test_iteration5.TestFamilyHolidays" name="test_full_crud_with_status_update" time="0.227" /><testcase classname="backend.tests.test_iteration5.TestFamilyAI" name="test_holiday_planner" time="11.521" /><testcase classname="backend.tests.test_iteration5.TestFamilyAI" name="test_memory_weave" time="4.984" /><testcase classname="backend.tests.test_iteration5.TestFamilyAI" name="test_family_ritual" time="5.002" /><testcase classname="backend.tests.test_iteration5.TestMorningRoutine" name="test_morning_routine_persists" time="0.108" /><testcase classname="backend.tests.test_iteration5.TestMorningRoutine" name="test_default_morning_routine_empty" time="0.062" /><testcase classname="backend.tests.test_iteration5.TestCompanionMemoryPatch" name="test_patch_pinned_true" time="0.222" /><testcase classname="backend.tests.test_iteration5.TestCompanionMemoryPatch" name="test_patch_content_update" time="0.276" /><testcase classname="backend.tests.test_iteration5.TestCompanionMemoryTTL" name="test_ttl_evicts_oldest_when_over_cap" time="27.691"><failure message="AssertionError: TTL did not prune auto memories: 205 &gt; 200&#10;assert 205 &lt;= 200&#10; +  where 200 = &lt;test_iteration5.TestCompanionMemoryTTL object at 0xfb168300b850&gt;.AUTO_CAP">backend/tests/test_iteration5.py:333: in test_ttl_evicts_oldest_when_over_cap
    assert final &lt;= self.AUTO_CAP, f"TTL did not prune auto memories: {final} &gt; {self.AUTO_CAP}"
E   AssertionError: TTL did not prune auto memories: 205 &gt; 200
E   assert 205 &lt;= 200
E    +  where 200 = &lt;test_iteration5.TestCompanionMemoryTTL object at 0xfb168300b850&gt;.AUTO_CAP</failure></testcase><testcase classname="backend.tests.test_iteration5.TestCompanionMemoryTTL" name="test_pinned_memory_survives_prune" time="6.058" /><testcase classname="backend.tests.test_iteration5.TestJaccardDedupe" name="test_near_duplicate_message_does_not_create_duplicate" time="38.241"><failure message="AssertionError: Jaccard dedupe failed: 3 new auto memories from near-duplicate. All: ['User has a daughter named Aisha who is seven years old.', 'Aisha loves painting watercolors.', 'Aisha enjoys reading short stories at bedtime.', 'User has a seven-year-old daughter named Aisha.', 'Aisha enjoys painting with watercolors.', 'User has a nightly bedtime story routine with their daughter.']&#10;assert 3 &lt;= 1">backend/tests/test_iteration5.py:389: in test_near_duplicate_message_does_not_create_duplicate
    assert new_count &lt;= 1, (
E   AssertionError: Jaccard dedupe failed: 3 new auto memories from near-duplicate. All: ['User has a daughter named Aisha who is seven years old.', 'Aisha loves painting watercolors.', 'Aisha enjoys reading short stories at bedtime.', 'User has a seven-year-old daughter named Aisha.', 'Aisha enjoys painting with watercolors.', 'User has a nightly bedtime story routine with their daughter.']
E   assert 3 &lt;= 1</failure></testcase></testsuite></testsuites>