<?xml version="1.0" encoding="utf-8"?><testsuites name="pytest tests"><testsuite name="pytest" errors="0" failures="0" skipped="0" tests="20" time="0.698" timestamp="2026-05-04T13:51:29.174405+00:00" hostname="agent-env-9d6c089a-2586-4db5-84e8-a8e6fee0f6e2"><testcase classname="tests.test_stealth_seo_auto_promote" name="test_find_matching_single_token" time="0.215" /><testcase classname="tests.test_stealth_seo_auto_promote" name="test_find_matching_prefers_most_specific" time="0.004" /><testcase classname="tests.test_stealth_seo_auto_promote" name="test_find_matching_requires_all_tokens" time="0.003" /><testcase classname="tests.test_stealth_seo_auto_promote" name="test_find_matching_strips_stopwords" time="0.003" /><testcase classname="tests.test_stealth_seo_auto_promote" name="test_find_matching_no_match_returns_none" time="0.003" /><testcase classname="tests.test_stealth_seo_auto_promote" name="test_pick_candidate_happy_path" time="0.013" /><testcase classname="tests.test_stealth_seo_auto_promote" name="test_pick_candidate_skips_below_threshold" time="0.017" /><testcase classname="tests.test_stealth_seo_auto_promote" name="test_pick_candidate_skips_no_collection_match" time="0.014" /><testcase classname="tests.test_stealth_seo_auto_promote" name="test_pick_candidate_skips_if_already_in_collection_keywords" time="0.023" /><testcase classname="tests.test_stealth_seo_auto_promote" name="test_pick_candidate_no_gsc_returns_none" time="0.003" /><testcase classname="tests.test_stealth_seo_auto_promote" name="test_apply_writes_keyword_and_record" time="0.038" /><testcase classname="tests.test_stealth_seo_auto_promote" name="test_undo_removes_keyword_and_stamps" time="0.060" /><testcase classname="tests.test_stealth_seo_auto_promote" name="test_undo_idempotent" time="0.055" /><testcase classname="tests.test_stealth_seo_auto_promote" name="test_undo_unknown_token" time="0.004" /><testcase classname="tests.test_stealth_seo_auto_promote" name="test_run_once_skipped_when_disabled" time="0.003" /><testcase classname="tests.test_stealth_seo_auto_promote" name="test_run_once_happy_path" time="0.037" /><testcase classname="tests.test_stealth_seo_auto_promote" name="test_run_once_returns_none_when_no_candidate" time="0.012" /><testcase classname="tests.test_stealth_seo_auto_promote" name="test_settings_auto_promote_flag" time="0.013" /><testcase classname="tests.test_stealth_seo_auto_promote" name="test_settings_min_impressions_clamped" time="0.014" /><testcase classname="tests.test_stealth_seo_auto_promote" name="test_list_since_returns_recent_rows" time="0.040" /></testsuite></testsuites>