<?xml version="1.0" encoding="utf-8"?><testsuites name="pytest tests"><testsuite name="pytest" errors="0" failures="0" skipped="0" tests="3" time="58.229" timestamp="2026-05-03T18:40:17.390861+00:00" hostname="agent-env-106fdafc-599e-4456-9a93-aa5c0164bea0"><testcase classname="backend.tests.test_iteration5.TestCompanionMemoryTTL" name="test_ttl_evicts_oldest_when_over_cap" time="8.336" /><testcase classname="backend.tests.test_iteration5.TestCompanionMemoryTTL" name="test_pinned_memory_survives_prune" time="7.098" /><testcase classname="backend.tests.test_iteration5.TestJaccardDedupe" name="test_near_duplicate_message_does_not_create_duplicate" time="42.663" /></testsuite></testsuites>