<?xml version="1.0" encoding="utf-8"?><testsuites name="pytest tests"><testsuite name="pytest" errors="0" failures="0" skipped="0" tests="15" time="6.711" timestamp="2026-05-04T16:52:37.390085+00:00" hostname="agent-env-9d6c089a-2586-4db5-84e8-a8e6fee0f6e2"><testcase classname="backend.tests.test_iter174_live_api.TestLifetimeSavings" name="test_anon_forbidden" time="3.908" /><testcase classname="backend.tests.test_iter174_live_api.TestLifetimeSavings" name="test_admin_200_and_schema" time="0.659" /><testcase classname="backend.tests.test_iter174_live_api.TestWebPushPublic" name="test_config_public" time="0.198" /><testcase classname="backend.tests.test_iter174_live_api.TestWebPushPublic" name="test_subscribe_ok" time="0.147" /><testcase classname="backend.tests.test_iter174_live_api.TestWebPushPublic" name="test_subscribe_idempotent" time="0.252" /><testcase classname="backend.tests.test_iter174_live_api.TestWebPushPublic" name="test_unsubscribe_ok" time="0.155" /><testcase classname="backend.tests.test_iter174_live_api.TestWebPushAdmin" name="test_stats_anon_forbidden" time="0.134" /><testcase classname="backend.tests.test_iter174_live_api.TestWebPushAdmin" name="test_stats_admin" time="0.112" /><testcase classname="backend.tests.test_iter174_live_api.TestWebPushAdmin" name="test_broadcast_validation_title" time="0.142" /><testcase classname="backend.tests.test_iter174_live_api.TestWebPushAdmin" name="test_broadcast_validation_body_too_long" time="0.183" /><testcase classname="backend.tests.test_iter174_live_api.TestWebPushAdmin" name="test_broadcast_ok" time="0.123" /><testcase classname="backend.tests.test_iter174_live_api.TestWebPushAdmin" name="test_history_admin" time="0.149" /><testcase classname="backend.tests.test_iter174_live_api.TestBotCleanup" name="test_anon_forbidden" time="0.158" /><testcase classname="backend.tests.test_iter174_live_api.TestBotCleanup" name="test_dry_run_ok" time="0.127" /><testcase classname="backend.tests.test_iter174_live_api.TestBotCleanup" name="test_actual_delete_ok" time="0.119" /></testsuite></testsuites>