<?xml version="1.0" encoding="utf-8"?><testsuites name="pytest tests"><testsuite name="pytest" errors="0" failures="0" skipped="0" tests="79" time="228.669" timestamp="2026-05-03T19:02:35.775498+00:00" hostname="agent-env-106fdafc-599e-4456-9a93-aa5c0164bea0"><testcase classname="backend.tests.backend_test.TestHealth" name="test_root" time="0.176" /><testcase classname="backend.tests.backend_test.TestSeed" name="test_recipes_seeded_and_halal" time="0.217" /><testcase classname="backend.tests.backend_test.TestSeed" name="test_recipes_filter_cuisine" time="0.053" /><testcase classname="backend.tests.backend_test.TestSeed" name="test_recipes_filter_meal_type" time="0.054" /><testcase classname="backend.tests.backend_test.TestSeed" name="test_quotes_seeded" time="0.070" /><testcase classname="backend.tests.backend_test.TestSeed" name="test_podcasts_seeded" time="0.056" /><testcase classname="backend.tests.backend_test.TestSeed" name="test_meditations_seeded" time="0.062" /><testcase classname="backend.tests.backend_test.TestSeed" name="test_affirmations_seeded" time="0.121" /><testcase classname="backend.tests.backend_test.TestWorkouts" name="test_full_crud" time="0.370" /><testcase classname="backend.tests.backend_test.TestWorkouts" name="test_workout_logs" time="0.238" /><testcase classname="backend.tests.backend_test.TestRecipeCustom" name="test_create_and_delete" time="0.223" /><testcase classname="backend.tests.backend_test.TestJournal" name="test_crud" time="0.173" /><testcase classname="backend.tests.backend_test.TestEvents" name="test_crud" time="0.214" /><testcase classname="backend.tests.backend_test.TestLifeGoals" name="test_crud" time="0.223" /><testcase classname="backend.tests.backend_test.TestAI" name="test_motivation" time="6.455" /><testcase classname="backend.tests.backend_test.TestAI" name="test_reflect" time="7.411" /><testcase classname="backend.tests.backend_test.TestAI" name="test_meal_suggestion" time="6.628" /><testcase classname="backend.tests.backend_test.TestAI" name="test_workout_suggestion" time="9.277" /><testcase classname="backend.tests.backend_test.TestStreaks" name="test_streaks_shape_and_types" time="0.062" /><testcase classname="backend.tests.backend_test.TestStreaks" name="test_streaks_increment_with_today_log" time="0.204" /><testcase classname="backend.tests.backend_test.TestWeeklyLetter" name="test_weekly_letter_empty_body" time="7.633" /><testcase classname="backend.tests.backend_test.TestWeeklyLetter" name="test_weekly_letter_with_note" time="6.686" /><testcase classname="backend.tests.backend_test.TestWeeklyLetter" name="test_weekly_letter_no_body" time="7.494" /><testcase classname="backend.tests.backend_test.TestDayPlans" name="test_get_default_when_missing" time="0.053" /><testcase classname="backend.tests.backend_test.TestDayPlans" name="test_upsert_and_persist" time="0.238" /><testcase classname="backend.tests.backend_test.TestDayPlans" name="test_list_sorted_desc" time="0.162" /><testcase classname="backend.tests.backend_test.TestCompanion" name="test_get_creates_default" time="0.345" /><testcase classname="backend.tests.backend_test.TestCompanion" name="test_partial_update_preserves_fields" time="0.274" /><testcase classname="backend.tests.backend_test.TestCompanion" name="test_memories_crud_and_sort" time="0.434" /><testcase classname="backend.tests.backend_test.TestCompanion" name="test_messages_list_and_clear" time="1.613" /><testcase classname="backend.tests.backend_test.TestCompanion" name="test_chat_persists_and_real_reply" time="3.642" /><testcase classname="backend.tests.backend_test.TestCompanion" name="test_chat_respects_user_name" time="5.402" /><testcase classname="backend.tests.backend_test.TestCompanion" name="test_chat_persona_persisted_on_message" time="1.917" /><testcase classname="backend.tests.backend_test.TestCompanion" name="test_memory_injection_vegetarian" time="4.761" /><testcase classname="backend.tests.test_iteration4.TestStreaksFlags" name="test_streaks_includes_today_bool_flags" time="0.147" /><testcase classname="backend.tests.test_iteration4.TestStreaksFlags" name="test_workout_today_flips_true_after_log" time="0.244" /><testcase classname="backend.tests.test_iteration4.TestStreaksFlags" name="test_journal_today_flips_true_after_entry" time="0.171" /><testcase classname="backend.tests.test_iteration4.TestDayPlanTimeBlocks" name="test_time_blocks_persist" time="0.105" /><testcase classname="backend.tests.test_iteration4.TestDayPlanTimeBlocks" name="test_default_day_plan_has_empty_time_blocks" time="0.046" /><testcase classname="backend.tests.test_iteration4.TestDayPlanValidation" name="test_meal_string_instead_of_object_rejected" time="0.046" /><testcase classname="backend.tests.test_iteration4.TestDayPlanValidation" name="test_supplement_taken_non_bool_coerced_or_rejected" time="0.056" /><testcase classname="backend.tests.test_iteration4.TestDayPlanValidation" name="test_supplement_clean_payload_persists" time="0.057" /><testcase classname="backend.tests.test_iteration4.TestPersonaLiteral" name="test_bad_persona_rejected" time="0.048" /><testcase classname="backend.tests.test_iteration4.TestPersonaLiteral" name="test_valid_persona_accepted" time="0.248" /><testcase classname="backend.tests.test_iteration4.TestAutoExtractMemories" name="test_long_personal_message_triggers_auto_extract" time="6.741" /><testcase classname="backend.tests.test_iteration4.TestAutoExtractMemories" name="test_short_message_does_not_trigger_auto_extract" time="10.201" /><testcase classname="backend.tests.test_iteration4.TestAutoExtractMemories" name="test_long_unmemorable_message_yields_zero_or_minimal" time="16.570" /><testcase classname="backend.tests.test_iteration4.TestAutoExtractMemories" name="test_chat_does_not_fail_on_background_extract" time="2.608" /><testcase classname="backend.tests.test_iteration4.TestModularLayout" name="test_server_under_100_lines" time="0.000" /><testcase classname="backend.tests.test_iteration4.TestModularLayout" name="test_routes_folder_has_endpoints" time="0.000" /><testcase classname="backend.tests.test_iteration4.TestModularLayout" name="test_no_id_leak_on_core_endpoints" time="2.687" /><testcase classname="backend.tests.test_iteration5.TestAudioLibrary" name="test_audio_has_16_items_no_id_leak" time="0.127" /><testcase classname="backend.tests.test_iteration5.TestAudioLibrary" name="test_audio_categories_split" time="0.045" /><testcase classname="backend.tests.test_iteration5.TestAudioLibrary" name="test_audio_filter_by_category" time="0.046" /><testcase classname="backend.tests.test_iteration5.TestFamilyMembers" name="test_full_crud" time="0.229" /><testcase classname="backend.tests.test_iteration5.TestFamilyMemories" name="test_create_list_delete" time="0.139" /><testcase classname="backend.tests.test_iteration5.TestFamilyHolidays" name="test_full_crud_with_status_update" time="0.179" /><testcase classname="backend.tests.test_iteration5.TestFamilyAI" name="test_holiday_planner" time="10.336" /><testcase classname="backend.tests.test_iteration5.TestFamilyAI" name="test_memory_weave" time="8.827" /><testcase classname="backend.tests.test_iteration5.TestFamilyAI" name="test_family_ritual" time="5.071" /><testcase classname="backend.tests.test_iteration5.TestMorningRoutine" name="test_morning_routine_persists" time="0.097" /><testcase classname="backend.tests.test_iteration5.TestMorningRoutine" name="test_default_morning_routine_empty" time="0.053" /><testcase classname="backend.tests.test_iteration5.TestCompanionMemoryPatch" name="test_patch_pinned_true" time="0.195" /><testcase classname="backend.tests.test_iteration5.TestCompanionMemoryPatch" name="test_patch_content_update" time="0.256" /><testcase classname="backend.tests.test_iteration5.TestCompanionMemoryTTL" name="test_ttl_evicts_oldest_when_over_cap" time="5.201" /><testcase classname="backend.tests.test_iteration5.TestCompanionMemoryTTL" name="test_pinned_memory_survives_prune" time="5.864" /><testcase classname="backend.tests.test_iteration5.TestJaccardDedupe" name="test_near_duplicate_message_does_not_create_duplicate" time="39.279" /><testcase classname="backend.tests.test_iteration7.TestSelfProfile" name="test_get_creates_singleton" time="0.253" /><testcase classname="backend.tests.test_iteration7.TestSelfProfile" name="test_put_partial_preserves_other_fields" time="0.049" /><testcase classname="backend.tests.test_iteration7.TestSelfProfile" name="test_put_multi_field_and_updated_at_changes" time="1.222" /><testcase classname="backend.tests.test_iteration7.TestSelfProfile" name="test_get_returns_persisted_values" time="0.049" /><testcase classname="backend.tests.test_iteration7.TestAISelfSuggestion" name="test_invalid_dimension" time="0.051" /><testcase classname="backend.tests.test_iteration7.TestAISelfSuggestion" name="test_style_with_populated_profile_real_ai" time="8.223" /><testcase classname="backend.tests.test_iteration7.TestAISelfSuggestion" name="test_dimension_with_empty_returns_placeholder" time="0.101" /><testcase classname="backend.tests.test_iteration7.TestAISelfSuggestion" name="test_with_note_context_real_ai" time="7.915" /><testcase classname="backend.tests.test_iteration7.TestDailyBrief" name="test_daily_brief_has_all_five_labels" time="5.158" /><testcase classname="backend.tests.test_iteration7.TestDailyBrief" name="test_daily_brief_no_body" time="5.233" /><testcase classname="backend.tests.test_iteration7.TestDailyBrief" name="test_daily_brief_personalisation_with_companion" time="6.455" /><testcase classname="backend.tests.test_iteration7.TestDailyBrief" name="test_daily_brief_fallback_when_no_profile_still_has_labels" time="4.912" /></testsuite></testsuites>