<?xml version="1.0" encoding="utf-8"?><testsuites name="pytest tests"><testsuite name="pytest" errors="0" failures="0" skipped="1" tests="6" time="17.869" timestamp="2026-05-06T23:26:05.274514+00:00" hostname="agent-env-9d6c089a-2586-4db5-84e8-a8e6fee0f6e2"><testcase classname="tests.test_pallet_pricing_live" name="test_tiles_products_returns_pallet_fields" time="5.146" /><testcase classname="tests.test_pallet_pricing_live" name="test_alabaster_60x60_has_expected_pallet_pricing" time="0.445" /><testcase classname="tests.test_pallet_pricing_live" name="test_half_pallet_default_is_half_when_only_full_set" time="11.157" /><testcase classname="tests.test_pallet_pricing_live" name="test_admin_pallet_settings_returns_expected_shape" time="0.663" /><testcase classname="tests.test_pallet_pricing_live" name="test_admin_pallet_settings_unauth_blocks" time="0.126" /><testcase classname="tests.test_pallet_pricing_live" name="test_update_product_persists_pallet_fields" time="0.256"><skipped type="pytest.skip" message="No admin product matching sku=LP-3611">/app/backend/tests/test_pallet_pricing_live.py:118: No admin product matching sku=LP-3611</skipped></testcase></testsuite></testsuites>