<?xml version="1.0" encoding="utf-8"?><testsuites name="pytest tests"><testsuite name="pytest" errors="0" failures="1" skipped="0" tests="17" time="5.159" timestamp="2026-05-04T20:32:56.777414+00:00" hostname="agent-env-9d6c089a-2586-4db5-84e8-a8e6fee0f6e2"><testcase classname="tests.test_pinterest_phase2_live.TestGoogleShoppingFeed" name="test_feed_endpoint_returns_200" time="1.580" /><testcase classname="tests.test_pinterest_phase2_live.TestGoogleShoppingFeed" name="test_feed_is_xml_with_g_namespace" time="0.181" /><testcase classname="tests.test_pinterest_phase2_live.TestGoogleShoppingFeed" name="test_feed_has_many_items" time="0.216" /><testcase classname="tests.test_pinterest_phase2_live.TestGoogleShoppingFeed" name="test_feed_each_item_has_required_fields" time="0.228" /><testcase classname="tests.test_pinterest_phase2_live.TestGoogleShoppingFeed" name="test_feed_has_x_product_count_header" time="0.289" /><testcase classname="tests.test_pinterest_phase2_live.TestGoogleShoppingFeed" name="test_feed_has_cache_control" time="0.194"><failure message="AssertionError: Cache-Control: no-store, no-cache, must-revalidate&#10;assert ('max-age' in 'no-store, no-cache, must-revalidate' or 'public' in 'no-store, no-cache, must-revalidate')&#10; +  where 'no-store, no-cache, must-revalidate' = &lt;built-in method lower of str object at 0xfc07cf041bf0&gt;()&#10; +    where &lt;built-in method lower of str object at 0xfc07cf041bf0&gt; = 'no-store, no-cache, must-revalidate'.lower&#10; +  and   'no-store, no-cache, must-revalidate' = &lt;built-in method lower of str object at 0xfc07cf041bf0&gt;()&#10; +    where &lt;built-in method lower of str object at 0xfc07cf041bf0&gt; = 'no-store, no-cache, must-revalidate'.lower">tests/test_pinterest_phase2_live.py:88: in test_feed_has_cache_control
    assert "max-age" in cc.lower() or "public" in cc.lower(), f"Cache-Control: {cc}"
E   AssertionError: Cache-Control: no-store, no-cache, must-revalidate
E   assert ('max-age' in 'no-store, no-cache, must-revalidate' or 'public' in 'no-store, no-cache, must-revalidate')
E    +  where 'no-store, no-cache, must-revalidate' = &lt;built-in method lower of str object at 0xfc07cf041bf0&gt;()
E    +    where &lt;built-in method lower of str object at 0xfc07cf041bf0&gt; = 'no-store, no-cache, must-revalidate'.lower
E    +  and   'no-store, no-cache, must-revalidate' = &lt;built-in method lower of str object at 0xfc07cf041bf0&gt;()
E    +    where &lt;built-in method lower of str object at 0xfc07cf041bf0&gt; = 'no-store, no-cache, must-revalidate'.lower</failure></testcase><testcase classname="tests.test_pinterest_phase2_live.TestGoogleShoppingFeed" name="test_feed_no_http_only_images" time="0.360" /><testcase classname="tests.test_pinterest_phase2_live.TestPinterestPhase2Admin" name="test_performance_get_returns_200" time="0.539" /><testcase classname="tests.test_pinterest_phase2_live.TestPinterestPhase2Admin" name="test_performance_get_requires_auth" time="0.261" /><testcase classname="tests.test_pinterest_phase2_live.TestPinterestPhase2Admin" name="test_performance_sync_returns_integration_not_connected" time="0.135" /><testcase classname="tests.test_pinterest_phase2_live.TestPinterestPhase2Admin" name="test_performance_sync_requires_auth" time="0.157" /><testcase classname="tests.test_pinterest_phase2_live.TestPinterestPhase2Admin" name="test_repin_run_returns_200" time="0.145" /><testcase classname="tests.test_pinterest_phase2_live.TestPinterestPhase2Admin" name="test_repin_run_requires_auth" time="0.213" /><testcase classname="tests.test_pinterest_phase2_live.TestPinterestPhase2Admin" name="test_lifestyle_renders_get_returns_200" time="0.140" /><testcase classname="tests.test_pinterest_phase2_live.TestPinterestPhase2Admin" name="test_lifestyle_renders_get_requires_auth" time="0.135" /><testcase classname="tests.test_pinterest_phase2_live.TestPinterestPhase2Admin" name="test_lifestyle_renders_run_batch_caps_size" time="0.155" /><testcase classname="tests.test_pinterest_phase2_live.TestPinterestPhase2Admin" name="test_lifestyle_renders_run_batch_requires_auth" time="0.129" /></testsuite></testsuites>