<?xml version="1.0" encoding="utf-8"?><testsuites name="pytest tests"><testsuite name="pytest" errors="0" failures="0" skipped="0" tests="7" time="1.084" timestamp="2026-05-03T20:41:01.940598+00:00" hostname="agent-env-106fdafc-599e-4456-9a93-aa5c0164bea0"><testcase classname="backend.tests.test_iteration11.TestUploadEndpoint" name="test_upload_png_success" time="0.255" /><testcase classname="backend.tests.test_iteration11.TestUploadEndpoint" name="test_static_serve_uploaded_file" time="0.062" /><testcase classname="backend.tests.test_iteration11.TestUploadEndpoint" name="test_upload_rejects_non_image_extension" time="0.049" /><testcase classname="backend.tests.test_iteration11.TestUploadEndpoint" name="test_upload_rejects_oversized_file" time="0.290" /><testcase classname="backend.tests.test_iteration11.TestUploadEndpoint" name="test_upload_jpeg_success" time="0.047" /><testcase classname="backend.tests.test_iteration11.TestRecipeWithUpload" name="test_create_recipe_with_uploaded_image" time="0.196" /><testcase classname="backend.tests.test_iteration11.TestHealth" name="test_root" time="0.045" /></testsuite></testsuites>