<?xml version="1.0" encoding="utf-8"?><testsuites name="pytest tests"><testsuite name="pytest" errors="0" failures="0" skipped="0" tests="14" time="4.445" timestamp="2026-05-04T10:10:46.440223+00:00" hostname="agent-env-9d6c089a-2586-4db5-84e8-a8e6fee0f6e2"><testcase classname="tests.test_stealth_seo_live" name="test_stats_anon_is_forbidden" time="1.229" /><testcase classname="tests.test_stealth_seo_live" name="test_stats_admin_returns_shape" time="0.456" /><testcase classname="tests.test_stealth_seo_live" name="test_collections_admin_only" time="0.226" /><testcase classname="tests.test_stealth_seo_live" name="test_products_admin_only" time="0.366" /><testcase classname="tests.test_stealth_seo_live" name="test_set_product_keywords_round_trip" time="0.337" /><testcase classname="tests.test_stealth_seo_live" name="test_set_product_keywords_404" time="0.326" /><testcase classname="tests.test_stealth_seo_live" name="test_bulk_apply_invalid_mode_400" time="0.107" /><testcase classname="tests.test_stealth_seo_live" name="test_bulk_apply_admin_only" time="0.141" /><testcase classname="tests.test_stealth_seo_live" name="test_auto_fill_dry_run_admin_only" time="0.110" /><testcase classname="tests.test_stealth_seo_live" name="test_auto_fill_dry_run_returns_preview" time="0.134" /><testcase classname="tests.test_stealth_seo_live" name="test_collection_keywords_admin_round_trip" time="0.485" /><testcase classname="tests.test_stealth_seo_live" name="test_public_collection_endpoint_anon_unknown_returns_empty" time="0.106" /><testcase classname="tests.test_stealth_seo_live" name="test_admin_collection_get_admin_only" time="0.107" /><testcase classname="tests.test_stealth_seo_live" name="test_tile_serializer_exposes_hidden_seo_keywords_field" time="0.219" /></testsuite></testsuites>