<?xml version="1.0" encoding="utf-8"?><testsuites name="pytest tests"><testsuite name="pytest" errors="0" failures="0" skipped="0" tests="30" time="3.850" timestamp="2026-05-06T23:43:59.550368+00:00" hostname="agent-env-9d6c089a-2586-4db5-84e8-a8e6fee0f6e2"><testcase classname="tests.test_pallet_pricing" name="test_visibility_same_mode_visible_for_all" time="0.000" /><testcase classname="tests.test_pallet_pricing" name="test_visibility_trade_only_hides_retail" time="0.000" /><testcase classname="tests.test_pallet_pricing" name="test_visibility_extra_discount_visible_for_all" time="0.000" /><testcase classname="tests.test_pallet_pricing" name="test_rate_unchanged_in_same_mode" time="0.000" /><testcase classname="tests.test_pallet_pricing" name="test_rate_unchanged_for_retail_in_extra_discount_mode" time="0.000" /><testcase classname="tests.test_pallet_pricing" name="test_rate_discounted_for_trade_in_extra_discount_mode" time="0.000" /><testcase classname="tests.test_pallet_pricing" name="test_rate_clamped_when_pct_invalid" time="0.000" /><testcase classname="tests.test_pallet_pricing" name="test_rate_none_passes_through" time="0.000" /><testcase classname="tests.test_pallet_pricing" name="test_half_pallet_explicit_wins" time="0.000" /><testcase classname="tests.test_pallet_pricing" name="test_half_pallet_default_is_half_of_full" time="0.000" /><testcase classname="tests.test_pallet_pricing" name="test_half_pallet_returns_none_when_no_pallet_data" time="0.000" /><testcase classname="tests.test_pallet_pricing" name="test_full_pallet_block_built_from_product_fields" time="0.000" /><testcase classname="tests.test_pallet_pricing" name="test_half_pallet_block_uses_explicit_when_set" time="0.000" /><testcase classname="tests.test_pallet_pricing" name="test_trade_only_mode_hides_for_retail" time="0.000" /><testcase classname="tests.test_pallet_pricing" name="test_extra_discount_mode_applies_to_trade_only" time="0.000" /><testcase classname="tests.test_pallet_pricing" name="test_no_pallet_fields_returns_visible_but_no_blocks" time="0.000" /><testcase classname="tests.test_pallet_pricing" name="test_manual_in_stock_overrides_zero_inventory" time="0.000" /><testcase classname="tests.test_pallet_pricing" name="test_manual_out_of_stock_overrides_high_inventory" time="0.000" /><testcase classname="tests.test_pallet_pricing" name="test_invalid_manual_status_falls_through_to_inventory" time="0.000" /><testcase classname="tests.test_pallet_pricing" name="test_auto_low_stock_when_below_threshold" time="0.000" /><testcase classname="tests.test_pallet_pricing" name="test_auto_out_of_stock_when_zero" time="0.000" /><testcase classname="tests.test_pallet_pricing" name="test_status_constants_complete" time="0.000" /><testcase classname="tests.test_pallet_tile_serializer" name="test_pallet_fields_present_when_set" time="0.000" /><testcase classname="tests.test_pallet_tile_serializer" name="test_half_pallet_m2_defaults_to_half_of_full_when_not_set" time="0.000" /><testcase classname="tests.test_pallet_tile_serializer" name="test_half_pallet_m2_explicit_overrides_default" time="0.000" /><testcase classname="tests.test_pallet_tile_serializer" name="test_pallet_fields_none_when_not_set_on_tile" time="0.000" /><testcase classname="tests.test_pallet_tile_serializer" name="test_no_full_pallet_m2_means_no_half_default" time="0.000" /><testcase classname="tests.test_pallet_tile_serializer" name="test_zero_pallet_m2_does_not_become_half_zero" time="0.000" /><testcase classname="tests.test_pallet_tile_serializer" name="test_zero_half_pallet_price_exposed_as_zero" time="0.000" /><testcase classname="tests.test_pallet_tile_serializer" name="test_admin_sync_fields_list_includes_pallet_fields" time="0.009" /></testsuite></testsuites>