<?xml version="1.0" encoding="utf-8"?><testsuites name="pytest tests"><testsuite name="pytest" errors="0" failures="0" skipped="0" tests="9" time="4.393" timestamp="2026-05-04T13:28:58.132547+00:00" hostname="agent-env-9d6c089a-2586-4db5-84e8-a8e6fee0f6e2"><testcase classname="tests.test_stealth_seo_digest_live" name="test_get_settings_anon_forbidden" time="3.110" /><testcase classname="tests.test_stealth_seo_digest_live" name="test_put_settings_anon_forbidden" time="0.055" /><testcase classname="tests.test_stealth_seo_digest_live" name="test_send_now_anon_forbidden" time="0.049" /><testcase classname="tests.test_stealth_seo_digest_live" name="test_get_settings_returns_shape" time="0.424" /><testcase classname="tests.test_stealth_seo_digest_live" name="test_put_toggle_enabled_round_trip" time="0.130" /><testcase classname="tests.test_stealth_seo_digest_live" name="test_put_recipients_whitelist_and_cap" time="0.169" /><testcase classname="tests.test_stealth_seo_digest_live" name="test_put_recipients_as_raw_string_returns_422" time="0.061" /><testcase classname="tests.test_stealth_seo_digest_live" name="test_put_empty_patch_idempotent" time="0.063" /><testcase classname="tests.test_stealth_seo_digest_live" name="test_send_now_no_recipients_returns_no_recipients" time="0.261" /></testsuite></testsuites>