<?xml version="1.0" encoding="utf-8"?><testsuites name="pytest tests"><testsuite name="pytest" errors="0" failures="0" skipped="1" tests="12" time="24.306" timestamp="2026-05-04T19:43:58.012127+00:00" hostname="agent-env-9d6c089a-2586-4db5-84e8-a8e6fee0f6e2"><testcase classname="tests.test_pinterest_visual_api_live" name="test_boards_requires_auth" time="2.382" /><testcase classname="tests.test_pinterest_visual_api_live" name="test_summary_requires_auth" time="0.083" /><testcase classname="tests.test_pinterest_visual_api_live" name="test_get_boards_returns_9_with_required_fields" time="0.518" /><testcase classname="tests.test_pinterest_visual_api_live" name="test_patch_board_toggle_auto_approve" time="0.203" /><testcase classname="tests.test_pinterest_visual_api_live" name="test_patch_board_unknown_slug_404" time="0.068" /><testcase classname="tests.test_pinterest_visual_api_live" name="test_patch_board_ignores_unknown_fields" time="0.076" /><testcase classname="tests.test_pinterest_visual_api_live" name="test_seed_boards_idempotent" time="0.139" /><testcase classname="tests.test_pinterest_visual_api_live" name="test_queue_summary_shape" time="0.068" /><testcase classname="tests.test_pinterest_visual_api_live" name="test_generate_candidates_and_filter_by_status" time="11.825" /><testcase classname="tests.test_pinterest_visual_api_live" name="test_approve_skip_block_edit_flow" time="8.726"><skipped type="pytest.skip" message="Not enough pending candidates to run flow">/app/backend/tests/test_pinterest_visual_api_live.py:176: Not enough pending candidates to run flow</skipped></testcase><testcase classname="tests.test_pinterest_visual_api_live" name="test_blocklist_and_delete" time="0.063" /><testcase classname="tests.test_pinterest_visual_api_live" name="test_blocklist_delete_bad_base64" time="0.064" /></testsuite></testsuites>