<?xml version="1.0" encoding="utf-8"?><testsuites name="pytest tests"><testsuite name="pytest" errors="0" failures="0" skipped="0" tests="6" time="13.309" timestamp="2026-05-03T22:33:27.606611+00:00" hostname="agent-env-106fdafc-599e-4456-9a93-aa5c0164bea0"><testcase classname="backend.tests.test_companion_actions" name="test_plain_chat_no_actions" time="3.878" /><testcase classname="backend.tests.test_companion_actions" name="test_add_time_block_intent" time="2.407" /><testcase classname="backend.tests.test_companion_actions" name="test_add_priority_intent" time="3.139" /><testcase classname="backend.tests.test_companion_actions" name="test_add_event_intent" time="1.914" /><testcase classname="backend.tests.test_companion_actions" name="test_cancel_action" time="1.777" /><testcase classname="backend.tests.test_companion_actions" name="test_apply_bad_ids" time="0.138" /></testsuite></testsuites>