<?xml version="1.0" encoding="utf-8"?><testsuites name="pytest tests"><testsuite name="pytest" errors="0" failures="0" skipped="0" tests="20" time="0.884" timestamp="2026-05-04T14:29:14.525736+00:00" hostname="agent-env-9d6c089a-2586-4db5-84e8-a8e6fee0f6e2"><testcase classname="backend.tests.test_stealth_seo_local_seed" name="test_matcher_single_token_town" time="0.211" /><testcase classname="backend.tests.test_stealth_seo_local_seed" name="test_matcher_multi_word_town" time="0.000" /><testcase classname="backend.tests.test_stealth_seo_local_seed" name="test_matcher_picks_best_intent_match" time="0.000" /><testcase classname="backend.tests.test_stealth_seo_local_seed" name="test_matcher_no_town_returns_none" time="0.000" /><testcase classname="backend.tests.test_stealth_seo_local_seed" name="test_matcher_tiebreak_prefers_tile_shop" time="0.000" /><testcase classname="backend.tests.test_stealth_seo_local_seed" name="test_pick_local_happy_path" time="0.025" /><testcase classname="backend.tests.test_stealth_seo_local_seed" name="test_pick_local_skips_already_seeded" time="0.018" /><testcase classname="backend.tests.test_stealth_seo_local_seed" name="test_pick_local_respects_2x_threshold" time="0.013" /><testcase classname="backend.tests.test_stealth_seo_local_seed" name="test_pick_local_one_per_page_guard" time="0.014" /><testcase classname="backend.tests.test_stealth_seo_local_seed" name="test_pick_local_skips_unpublished_statuses" time="0.012" /><testcase classname="backend.tests.test_stealth_seo_local_seed" name="test_apply_writes_to_city_page_and_records" time="0.023" /><testcase classname="backend.tests.test_stealth_seo_local_seed" name="test_apply_preserves_existing_kws" time="0.025" /><testcase classname="backend.tests.test_stealth_seo_local_seed" name="test_undo_city_page_scope_removes_from_city_page" time="0.025" /><testcase classname="backend.tests.test_stealth_seo_local_seed" name="test_undo_still_works_for_collection_scope" time="0.046" /><testcase classname="backend.tests.test_stealth_seo_local_seed" name="test_run_once_disabled" time="0.003" /><testcase classname="backend.tests.test_stealth_seo_local_seed" name="test_run_once_needs_auto_promote_enabled" time="0.014" /><testcase classname="backend.tests.test_stealth_seo_local_seed" name="test_run_once_happy_path" time="0.022" /><testcase classname="backend.tests.test_stealth_seo_local_seed" name="test_run_once_batch_mode_caps" time="0.025" /><testcase classname="backend.tests.test_stealth_seo_local_seed" name="test_settings_local_seed_flag" time="0.013" /><testcase classname="backend.tests.test_stealth_seo_local_seed" name="test_digest_cron_local_seed_consumes_from_shared_budget" time="0.249" /></testsuite></testsuites>