<?xml version="1.0" encoding="utf-8"?><testsuites name="pytest tests"><testsuite name="pytest" errors="0" failures="0" skipped="0" tests="51" time="104.305" timestamp="2026-05-03T18:42:46.111020+00:00" hostname="agent-env-106fdafc-599e-4456-9a93-aa5c0164bea0"><testcase classname="backend.tests.backend_test.TestHealth" name="test_root" time="0.156" /><testcase classname="backend.tests.backend_test.TestSeed" name="test_recipes_seeded_and_halal" time="0.061" /><testcase classname="backend.tests.backend_test.TestSeed" name="test_recipes_filter_cuisine" time="0.111" /><testcase classname="backend.tests.backend_test.TestSeed" name="test_recipes_filter_meal_type" time="0.070" /><testcase classname="backend.tests.backend_test.TestSeed" name="test_quotes_seeded" time="0.075" /><testcase classname="backend.tests.backend_test.TestSeed" name="test_podcasts_seeded" time="0.057" /><testcase classname="backend.tests.backend_test.TestSeed" name="test_meditations_seeded" time="0.057" /><testcase classname="backend.tests.backend_test.TestSeed" name="test_affirmations_seeded" time="0.057" /><testcase classname="backend.tests.backend_test.TestWorkouts" name="test_full_crud" time="0.327" /><testcase classname="backend.tests.backend_test.TestWorkouts" name="test_workout_logs" time="0.216" /><testcase classname="backend.tests.backend_test.TestRecipeCustom" name="test_create_and_delete" time="0.216" /><testcase classname="backend.tests.backend_test.TestJournal" name="test_crud" time="0.169" /><testcase classname="backend.tests.backend_test.TestEvents" name="test_crud" time="0.215" /><testcase classname="backend.tests.backend_test.TestLifeGoals" name="test_crud" time="0.216" /><testcase classname="backend.tests.backend_test.TestAI" name="test_motivation" time="5.652" /><testcase classname="backend.tests.backend_test.TestAI" name="test_reflect" time="7.427" /><testcase classname="backend.tests.backend_test.TestAI" name="test_meal_suggestion" time="6.901" /><testcase classname="backend.tests.backend_test.TestAI" name="test_workout_suggestion" time="9.247" /><testcase classname="backend.tests.backend_test.TestStreaks" name="test_streaks_shape_and_types" time="0.062" /><testcase classname="backend.tests.backend_test.TestStreaks" name="test_streaks_increment_with_today_log" time="0.244" /><testcase classname="backend.tests.backend_test.TestWeeklyLetter" name="test_weekly_letter_empty_body" time="8.158" /><testcase classname="backend.tests.backend_test.TestWeeklyLetter" name="test_weekly_letter_with_note" time="7.105" /><testcase classname="backend.tests.backend_test.TestWeeklyLetter" name="test_weekly_letter_no_body" time="7.442" /><testcase classname="backend.tests.backend_test.TestDayPlans" name="test_get_default_when_missing" time="0.058" /><testcase classname="backend.tests.backend_test.TestDayPlans" name="test_upsert_and_persist" time="0.229" /><testcase classname="backend.tests.backend_test.TestDayPlans" name="test_list_sorted_desc" time="0.159" /><testcase classname="backend.tests.backend_test.TestCompanion" name="test_get_creates_default" time="0.320" /><testcase classname="backend.tests.backend_test.TestCompanion" name="test_partial_update_preserves_fields" time="0.345" /><testcase classname="backend.tests.backend_test.TestCompanion" name="test_memories_crud_and_sort" time="0.416" /><testcase classname="backend.tests.backend_test.TestCompanion" name="test_messages_list_and_clear" time="1.585" /><testcase classname="backend.tests.backend_test.TestCompanion" name="test_chat_persists_and_real_reply" time="3.537" /><testcase classname="backend.tests.backend_test.TestCompanion" name="test_chat_respects_user_name" time="2.194" /><testcase classname="backend.tests.backend_test.TestCompanion" name="test_chat_persona_persisted_on_message" time="1.625" /><testcase classname="backend.tests.backend_test.TestCompanion" name="test_memory_injection_vegetarian" time="4.288" /><testcase classname="backend.tests.test_iteration4.TestStreaksFlags" name="test_streaks_includes_today_bool_flags" time="0.166" /><testcase classname="backend.tests.test_iteration4.TestStreaksFlags" name="test_workout_today_flips_true_after_log" time="0.186" /><testcase classname="backend.tests.test_iteration4.TestStreaksFlags" name="test_journal_today_flips_true_after_entry" time="0.147" /><testcase classname="backend.tests.test_iteration4.TestDayPlanTimeBlocks" name="test_time_blocks_persist" time="0.097" /><testcase classname="backend.tests.test_iteration4.TestDayPlanTimeBlocks" name="test_default_day_plan_has_empty_time_blocks" time="0.104" /><testcase classname="backend.tests.test_iteration4.TestDayPlanValidation" name="test_meal_string_instead_of_object_rejected" time="0.045" /><testcase classname="backend.tests.test_iteration4.TestDayPlanValidation" name="test_supplement_taken_non_bool_coerced_or_rejected" time="0.044" /><testcase classname="backend.tests.test_iteration4.TestDayPlanValidation" name="test_supplement_clean_payload_persists" time="0.049" /><testcase classname="backend.tests.test_iteration4.TestPersonaLiteral" name="test_bad_persona_rejected" time="0.048" /><testcase classname="backend.tests.test_iteration4.TestPersonaLiteral" name="test_valid_persona_accepted" time="0.229" /><testcase classname="backend.tests.test_iteration4.TestAutoExtractMemories" name="test_long_personal_message_triggers_auto_extract" time="5.764" /><testcase classname="backend.tests.test_iteration4.TestAutoExtractMemories" name="test_short_message_does_not_trigger_auto_extract" time="9.407" /><testcase classname="backend.tests.test_iteration4.TestAutoExtractMemories" name="test_long_unmemorable_message_yields_zero_or_minimal" time="14.532" /><testcase classname="backend.tests.test_iteration4.TestAutoExtractMemories" name="test_chat_does_not_fail_on_background_extract" time="2.559" /><testcase classname="backend.tests.test_iteration4.TestModularLayout" name="test_server_under_100_lines" time="0.000" /><testcase classname="backend.tests.test_iteration4.TestModularLayout" name="test_routes_folder_has_endpoints" time="0.000" /><testcase classname="backend.tests.test_iteration4.TestModularLayout" name="test_no_id_leak_on_core_endpoints" time="1.841" /></testsuite></testsuites>