<?xml version="1.0" encoding="utf-8"?><testsuites name="pytest tests"><testsuite name="pytest" errors="0" failures="0" skipped="0" tests="17" time="0.603" timestamp="2026-05-04T12:41:36.497202+00:00" hostname="agent-env-9d6c089a-2586-4db5-84e8-a8e6fee0f6e2"><testcase classname="tests.test_stealth_seo_performance" name="test_phrase_match_any_token_order" time="0.359" /><testcase classname="tests.test_stealth_seo_performance" name="test_code_substring_match_with_dash" time="0.000" /><testcase classname="tests.test_stealth_seo_performance" name="test_code_does_not_falsely_match_word" time="0.000" /><testcase classname="tests.test_stealth_seo_performance" name="test_short_kw_token_ignored" time="0.000" /><testcase classname="tests.test_stealth_seo_performance" name="test_empty_inputs_safe" time="0.000" /><testcase classname="tests.test_stealth_seo_performance" name="test_attribute_stealth_win" time="0.009" /><testcase classname="tests.test_stealth_seo_performance" name="test_attribute_stealth_via_collection" time="0.003" /><testcase classname="tests.test_stealth_seo_performance" name="test_attribute_brand_win_when_no_stealth_match" time="0.003" /><testcase classname="tests.test_stealth_seo_performance" name="test_attribute_other_when_neither" time="0.003" /><testcase classname="tests.test_stealth_seo_performance" name="test_load_universe_includes_stealth_kws_and_collection" time="0.024" /><testcase classname="tests.test_stealth_seo_performance" name="test_load_universe_skips_inactive" time="0.013" /><testcase classname="tests.test_stealth_seo_performance" name="test_compute_full_report_with_mocked_gsc" time="0.023" /><testcase classname="tests.test_stealth_seo_performance" name="test_compute_handles_no_gsc" time="0.004" /><testcase classname="tests.test_stealth_seo_performance" name="test_compute_handles_gsc_error" time="0.005" /><testcase classname="tests.test_stealth_seo_performance" name="test_get_performance_caches" time="0.012" /><testcase classname="tests.test_stealth_seo_performance" name="test_get_performance_force_refresh_bypasses_cache" time="0.013" /><testcase classname="tests.test_stealth_seo_performance" name="test_get_performance_different_window_uses_separate_cache" time="0.013" /></testsuite></testsuites>