<?xml version="1.0" encoding="utf-8"?><testsuites name="pytest tests"><testsuite name="pytest" errors="0" failures="0" skipped="0" tests="39" time="5.448" timestamp="2026-05-04T16:51:31.842220+00:00" hostname="agent-env-9d6c089a-2586-4db5-84e8-a8e6fee0f6e2"><testcase classname="backend.tests.test_lifetime_savings" name="test_compute_breakdown_zero_counts_returns_six_zero_rows" time="0.001" /><testcase classname="backend.tests.test_lifetime_savings" name="test_compute_breakdown_math_matches_rate_card" time="0.000" /><testcase classname="backend.tests.test_lifetime_savings" name="test_rates_card_is_a_dict_with_six_known_keys" time="0.000" /><testcase classname="backend.tests.test_lifetime_savings" name="test_breakdown_total_matches_summed_rows" time="0.001" /><testcase classname="backend.tests.test_lifetime_savings" name="test_compute_breakdown_includes_human_explainer_strings" time="0.000" /><testcase classname="backend.tests.test_lifetime_savings" name="test_safe_returns_default_on_exception" time="0.002" /><testcase classname="backend.tests.test_lifetime_savings" name="test_safe_returns_value_on_success" time="0.000" /><testcase classname="backend.tests.test_web_push" name="test_is_configured_true_when_keys_present" time="0.000" /><testcase classname="backend.tests.test_web_push" name="test_is_configured_false_when_missing" time="0.000" /><testcase classname="backend.tests.test_web_push" name="test_upsert_subscription_rejects_missing_endpoint" time="0.000" /><testcase classname="backend.tests.test_web_push" name="test_upsert_subscription_rejects_missing_keys" time="0.000" /><testcase classname="backend.tests.test_web_push" name="test_upsert_subscription_writes_doc" time="0.002" /><testcase classname="backend.tests.test_web_push" name="test_remove_subscription_marks_inactive" time="0.001" /><testcase classname="backend.tests.test_web_push" name="test_send_broadcast_skips_when_not_configured" time="0.000" /><testcase classname="backend.tests.test_web_push" name="test_send_broadcast_aggregates_results" time="0.034" /><testcase classname="backend.tests.test_web_push" name="test_payload_truncation_keeps_within_limits" time="0.002" /><testcase classname="backend.tests.test_web_push" name="test_vapid_helpers_use_env" time="0.000" /><testcase classname="backend.tests.test_bot_detection" name="test_python_requests_is_bot" time="0.000" /><testcase classname="backend.tests.test_bot_detection" name="test_curl_is_bot" time="0.000" /><testcase classname="backend.tests.test_bot_detection" name="test_wget_is_bot" time="0.000" /><testcase classname="backend.tests.test_bot_detection" name="test_gptbot_is_bot" time="0.000" /><testcase classname="backend.tests.test_bot_detection" name="test_claude_bot_is_bot" time="0.000" /><testcase classname="backend.tests.test_bot_detection" name="test_perplexity_bot_is_bot" time="0.000" /><testcase classname="backend.tests.test_bot_detection" name="test_bytespider_is_bot" time="0.000" /><testcase classname="backend.tests.test_bot_detection" name="test_meta_external_agent_is_bot" time="0.000" /><testcase classname="backend.tests.test_bot_detection" name="test_headless_chrome_is_bot" time="0.000" /><testcase classname="backend.tests.test_bot_detection" name="test_empty_ua_is_bot" time="0.000" /><testcase classname="backend.tests.test_bot_detection" name="test_short_ua_is_bot" time="0.000" /><testcase classname="backend.tests.test_bot_detection" name="test_real_chrome_ua_is_not_bot" time="0.000" /><testcase classname="backend.tests.test_bot_detection" name="test_real_safari_ua_is_not_bot" time="0.000" /><testcase classname="backend.tests.test_bot_detection" name="test_real_firefox_ua_is_not_bot" time="0.000" /><testcase classname="backend.tests.test_bot_detection" name="test_real_edge_ua_is_not_bot" time="0.000" /><testcase classname="backend.tests.test_bot_detection" name="test_relative_url_is_valid" time="0.000" /><testcase classname="backend.tests.test_bot_detection" name="test_absolute_url_to_own_domain_is_valid" time="0.000" /><testcase classname="backend.tests.test_bot_detection" name="test_absolute_url_to_railway_prod_is_valid" time="0.000" /><testcase classname="backend.tests.test_bot_detection" name="test_emergent_preview_url_is_valid" time="0.000" /><testcase classname="backend.tests.test_bot_detection" name="test_off_site_example_com_is_invalid" time="0.000" /><testcase classname="backend.tests.test_bot_detection" name="test_unrelated_domain_is_invalid" time="0.000" /><testcase classname="backend.tests.test_bot_detection" name="test_empty_url_is_invalid" time="0.000" /></testsuite></testsuites>