<?xml version="1.0" encoding="utf-8"?><testsuites name="pytest tests"><testsuite name="pytest" errors="0" failures="0" skipped="0" tests="34" time="3.565" timestamp="2026-05-04T20:32:12.170308+00:00" hostname="agent-env-9d6c089a-2586-4db5-84e8-a8e6fee0f6e2"><testcase classname="tests.test_pinterest_phase2" name="test_seasonal_weight_january_boosts_bathroom" time="0.000" /><testcase classname="tests.test_pinterest_phase2" name="test_seasonal_weight_summer_boosts_outdoor" time="0.000" /><testcase classname="tests.test_pinterest_phase2" name="test_seasonal_weight_summer_penalises_indoor" time="0.000" /><testcase classname="tests.test_pinterest_phase2" name="test_seasonal_weight_autumn_boosts_kitchen" time="0.000" /><testcase classname="tests.test_pinterest_phase2" name="test_seasonal_weight_unknown_board_returns_zero" time="0.000" /><testcase classname="tests.test_pinterest_phase2" name="test_seasonal_weight_all_months_have_some_boosts" time="0.000" /><testcase classname="tests.test_pinterest_phase2" name="test_match_product_with_seasonal_jan_pushes_bathroom_high" time="0.001" /><testcase classname="tests.test_pinterest_phase2" name="test_carousel_slides_returns_4_slides" time="0.000" /><testcase classname="tests.test_pinterest_phase2" name="test_carousel_slides_with_only_hero" time="0.000" /><testcase classname="tests.test_pinterest_phase2" name="test_carousel_slides_filters_non_https" time="0.000" /><testcase classname="tests.test_pinterest_phase2" name="test_scene_prompt_outdoor_includes_garden_context" time="0.000" /><testcase classname="tests.test_pinterest_phase2" name="test_scene_prompt_bathroom_includes_bathroom_context" time="0.000" /><testcase classname="tests.test_pinterest_phase2" name="test_scene_prompt_wall_tile_context" time="0.000" /><testcase classname="tests.test_pinterest_phase2" name="test_scene_prompt_unknown_category_falls_back" time="0.000" /><testcase classname="tests.test_pinterest_phase2" name="test_sync_pin_performance_skips_when_no_token" time="0.002" /><testcase classname="tests.test_pinterest_phase2" name="test_extract_image_url_from_string_http" time="0.000" /><testcase classname="tests.test_pinterest_phase2" name="test_extract_image_url_from_data_url" time="0.000" /><testcase classname="tests.test_pinterest_phase2" name="test_extract_image_url_from_dict" time="0.000" /><testcase classname="tests.test_pinterest_phase2" name="test_extract_image_url_returns_none_for_invalid" time="0.000" /><testcase classname="tests.test_pinterest_phase2" name="test_queue_lifestyle_render_skips_without_emergent_key" time="0.000" /><testcase classname="tests.test_pinterest_phase2" name="test_queue_lifestyle_render_skips_when_no_slug" time="0.000" /><testcase classname="tests.test_google_shopping_feed" name="test_outdoor_category_maps_to_pavers" time="0.000" /><testcase classname="tests.test_google_shopping_feed" name="test_wall_tile_category_maps_to_tile" time="0.000" /><testcase classname="tests.test_google_shopping_feed" name="test_default_category_is_tile" time="0.000" /><testcase classname="tests.test_google_shopping_feed" name="test_category_handles_none" time="0.000" /><testcase classname="tests.test_google_shopping_feed" name="test_product_to_item_xml_happy_path" time="0.000" /><testcase classname="tests.test_google_shopping_feed" name="test_product_xml_returns_none_without_essentials" time="0.000" /><testcase classname="tests.test_google_shopping_feed" name="test_product_xml_out_of_stock_when_zero_stock" time="0.000" /><testcase classname="tests.test_google_shopping_feed" name="test_product_xml_assumes_in_stock_when_stock_field_missing" time="0.000" /><testcase classname="tests.test_google_shopping_feed" name="test_product_xml_handles_dict_stock" time="0.000" /><testcase classname="tests.test_google_shopping_feed" name="test_product_xml_escapes_special_chars" time="0.000" /><testcase classname="tests.test_google_shopping_feed" name="test_product_xml_filters_http_only_images" time="0.000" /><testcase classname="tests.test_google_shopping_feed" name="test_product_xml_truncates_long_titles" time="0.000" /><testcase classname="tests.test_google_shopping_feed" name="test_product_xml_extra_images_capped_at_9" time="0.000" /></testsuite></testsuites>