<?xml version="1.0" encoding="utf-8"?><testsuites name="pytest tests"><testsuite name="pytest" errors="0" failures="0" skipped="0" tests="14" time="5.079" timestamp="2026-05-04T13:52:40.850109+00:00" hostname="agent-env-9d6c089a-2586-4db5-84e8-a8e6fee0f6e2"><testcase classname="tests.test_stealth_seo_auto_promote_live.TestDigestSettingsAutoPromoteFields" name="test_get_includes_auto_promote_fields" time="1.561" /><testcase classname="tests.test_stealth_seo_auto_promote_live.TestDigestSettingsAutoPromoteFields" name="test_put_persists_min_impressions_round_trip" time="0.487" /><testcase classname="tests.test_stealth_seo_auto_promote_live.TestDigestSettingsAutoPromoteFields" name="test_put_clamps_min_impressions_high" time="0.464" /><testcase classname="tests.test_stealth_seo_auto_promote_live.TestDigestSettingsAutoPromoteFields" name="test_put_clamps_min_impressions_low" time="0.482" /><testcase classname="tests.test_stealth_seo_auto_promote_live.TestDigestSettingsAutoPromoteFields" name="test_put_garbage_min_impressions_ignored_or_422" time="0.359" /><testcase classname="tests.test_stealth_seo_auto_promote_live.TestDigestSettingsAutoPromoteFields" name="test_put_auto_promote_enabled_round_trip_safe" time="0.598" /><testcase classname="tests.test_stealth_seo_auto_promote_live.TestAutoPromoteHistory" name="test_anon_blocked" time="0.130" /><testcase classname="tests.test_stealth_seo_auto_promote_live.TestAutoPromoteHistory" name="test_admin_returns_rows_array" time="0.109" /><testcase classname="tests.test_stealth_seo_auto_promote_live.TestAutoPromoteHistory" name="test_admin_redacts_raw_token" time="0.114" /><testcase classname="tests.test_stealth_seo_auto_promote_live.TestAutoPromoteHistory" name="test_limit_query_validated" time="0.233" /><testcase classname="tests.test_stealth_seo_auto_promote_live.TestAdminUndoByRecordId" name="test_anon_blocked" time="0.114" /><testcase classname="tests.test_stealth_seo_auto_promote_live.TestAdminUndoByRecordId" name="test_unknown_id_returns_404" time="0.108" /><testcase classname="tests.test_stealth_seo_auto_promote_live.TestPublicTokenUndo" name="test_bogus_token_returns_404" time="0.112" /><testcase classname="tests.test_stealth_seo_auto_promote_live.TestPublicTokenUndo" name="test_public_endpoint_does_not_require_auth_for_short_path" time="0.128" /></testsuite></testsuites>