<?xml version="1.0" encoding="utf-8"?><testsuites name="pytest tests"><testsuite name="pytest" errors="0" failures="0" skipped="0" tests="102" time="242.895" timestamp="2026-05-03T19:41:27.019332+00:00" hostname="agent-env-106fdafc-599e-4456-9a93-aa5c0164bea0"><testcase classname="backend.tests.backend_test.TestHealth" name="test_root" time="0.126" /><testcase classname="backend.tests.backend_test.TestSeed" name="test_recipes_seeded_and_halal" time="0.049" /><testcase classname="backend.tests.backend_test.TestSeed" name="test_recipes_filter_cuisine" time="0.047" /><testcase classname="backend.tests.backend_test.TestSeed" name="test_recipes_filter_meal_type" time="0.060" /><testcase classname="backend.tests.backend_test.TestSeed" name="test_quotes_seeded" time="0.047" /><testcase classname="backend.tests.backend_test.TestSeed" name="test_podcasts_seeded" time="0.048" /><testcase classname="backend.tests.backend_test.TestSeed" name="test_meditations_seeded" time="0.050" /><testcase classname="backend.tests.backend_test.TestSeed" name="test_affirmations_seeded" time="0.046" /><testcase classname="backend.tests.backend_test.TestWorkouts" name="test_full_crud" time="0.303" /><testcase classname="backend.tests.backend_test.TestWorkouts" name="test_workout_logs" time="0.186" /><testcase classname="backend.tests.backend_test.TestRecipeCustom" name="test_create_and_delete" time="0.198" /><testcase classname="backend.tests.backend_test.TestJournal" name="test_crud" time="0.156" /><testcase classname="backend.tests.backend_test.TestEvents" name="test_crud" time="0.193" /><testcase classname="backend.tests.backend_test.TestLifeGoals" name="test_crud" time="0.186" /><testcase classname="backend.tests.backend_test.TestAI" name="test_motivation" time="6.432" /><testcase classname="backend.tests.backend_test.TestAI" name="test_reflect" time="6.973" /><testcase classname="backend.tests.backend_test.TestAI" name="test_meal_suggestion" time="6.777" /><testcase classname="backend.tests.backend_test.TestAI" name="test_workout_suggestion" time="9.564" /><testcase classname="backend.tests.backend_test.TestStreaks" name="test_streaks_shape_and_types" time="0.053" /><testcase classname="backend.tests.backend_test.TestStreaks" name="test_streaks_increment_with_today_log" time="0.190" /><testcase classname="backend.tests.backend_test.TestWeeklyLetter" name="test_weekly_letter_empty_body" time="7.652" /><testcase classname="backend.tests.backend_test.TestWeeklyLetter" name="test_weekly_letter_with_note" time="7.881" /><testcase classname="backend.tests.backend_test.TestWeeklyLetter" name="test_weekly_letter_no_body" time="7.185" /><testcase classname="backend.tests.backend_test.TestDayPlans" name="test_get_default_when_missing" time="0.061" /><testcase classname="backend.tests.backend_test.TestDayPlans" name="test_upsert_and_persist" time="0.191" /><testcase classname="backend.tests.backend_test.TestDayPlans" name="test_list_sorted_desc" time="0.153" /><testcase classname="backend.tests.backend_test.TestCompanion" name="test_get_creates_default" time="0.331" /><testcase classname="backend.tests.backend_test.TestCompanion" name="test_partial_update_preserves_fields" time="0.231" /><testcase classname="backend.tests.backend_test.TestCompanion" name="test_memories_crud_and_sort" time="0.364" /><testcase classname="backend.tests.backend_test.TestCompanion" name="test_messages_list_and_clear" time="1.847" /><testcase classname="backend.tests.backend_test.TestCompanion" name="test_chat_persists_and_real_reply" time="3.715" /><testcase classname="backend.tests.backend_test.TestCompanion" name="test_chat_respects_user_name" time="2.125" /><testcase classname="backend.tests.backend_test.TestCompanion" name="test_chat_persona_persisted_on_message" time="1.382" /><testcase classname="backend.tests.backend_test.TestCompanion" name="test_memory_injection_vegetarian" time="4.645" /><testcase classname="backend.tests.test_iteration4.TestStreaksFlags" name="test_streaks_includes_today_bool_flags" time="0.121" /><testcase classname="backend.tests.test_iteration4.TestStreaksFlags" name="test_workout_today_flips_true_after_log" time="0.179" /><testcase classname="backend.tests.test_iteration4.TestStreaksFlags" name="test_journal_today_flips_true_after_entry" time="0.146" /><testcase classname="backend.tests.test_iteration4.TestDayPlanTimeBlocks" name="test_time_blocks_persist" time="0.090" /><testcase classname="backend.tests.test_iteration4.TestDayPlanTimeBlocks" name="test_default_day_plan_has_empty_time_blocks" time="0.045" /><testcase classname="backend.tests.test_iteration4.TestDayPlanValidation" name="test_meal_string_instead_of_object_rejected" time="0.051" /><testcase classname="backend.tests.test_iteration4.TestDayPlanValidation" name="test_supplement_taken_non_bool_coerced_or_rejected" time="0.044" /><testcase classname="backend.tests.test_iteration4.TestDayPlanValidation" name="test_supplement_clean_payload_persists" time="0.048" /><testcase classname="backend.tests.test_iteration4.TestPersonaLiteral" name="test_bad_persona_rejected" time="0.046" /><testcase classname="backend.tests.test_iteration4.TestPersonaLiteral" name="test_valid_persona_accepted" time="0.235" /><testcase classname="backend.tests.test_iteration4.TestAutoExtractMemories" name="test_long_personal_message_triggers_auto_extract" time="6.726" /><testcase classname="backend.tests.test_iteration4.TestAutoExtractMemories" name="test_short_message_does_not_trigger_auto_extract" time="9.788" /><testcase classname="backend.tests.test_iteration4.TestAutoExtractMemories" name="test_long_unmemorable_message_yields_zero_or_minimal" time="16.682" /><testcase classname="backend.tests.test_iteration4.TestAutoExtractMemories" name="test_chat_does_not_fail_on_background_extract" time="2.382" /><testcase classname="backend.tests.test_iteration4.TestModularLayout" name="test_server_under_100_lines" time="0.000" /><testcase classname="backend.tests.test_iteration4.TestModularLayout" name="test_routes_folder_has_endpoints" time="0.000" /><testcase classname="backend.tests.test_iteration4.TestModularLayout" name="test_no_id_leak_on_core_endpoints" time="3.278" /><testcase classname="backend.tests.test_iteration5.TestAudioLibrary" name="test_audio_has_16_items_no_id_leak" time="0.165" /><testcase classname="backend.tests.test_iteration5.TestAudioLibrary" name="test_audio_categories_split" time="0.046" /><testcase classname="backend.tests.test_iteration5.TestAudioLibrary" name="test_audio_filter_by_category" time="0.048" /><testcase classname="backend.tests.test_iteration5.TestFamilyMembers" name="test_full_crud" time="0.243" /><testcase classname="backend.tests.test_iteration5.TestFamilyMemories" name="test_create_list_delete" time="0.139" /><testcase classname="backend.tests.test_iteration5.TestFamilyHolidays" name="test_full_crud_with_status_update" time="0.242" /><testcase classname="backend.tests.test_iteration5.TestFamilyAI" name="test_holiday_planner" time="10.887" /><testcase classname="backend.tests.test_iteration5.TestFamilyAI" name="test_memory_weave" time="5.204" /><testcase classname="backend.tests.test_iteration5.TestFamilyAI" name="test_family_ritual" time="6.209" /><testcase classname="backend.tests.test_iteration5.TestMorningRoutine" name="test_morning_routine_persists" time="0.094" /><testcase classname="backend.tests.test_iteration5.TestMorningRoutine" name="test_default_morning_routine_empty" time="0.047" /><testcase classname="backend.tests.test_iteration5.TestCompanionMemoryPatch" name="test_patch_pinned_true" time="0.187" /><testcase classname="backend.tests.test_iteration5.TestCompanionMemoryPatch" name="test_patch_content_update" time="0.230" /><testcase classname="backend.tests.test_iteration5.TestCompanionMemoryTTL" name="test_ttl_evicts_oldest_when_over_cap" time="5.690" /><testcase classname="backend.tests.test_iteration5.TestCompanionMemoryTTL" name="test_pinned_memory_survives_prune" time="5.333" /><testcase classname="backend.tests.test_iteration5.TestJaccardDedupe" name="test_near_duplicate_message_does_not_create_duplicate" time="41.045" /><testcase classname="backend.tests.test_iteration7.TestSelfProfile" name="test_get_creates_singleton" time="0.179" /><testcase classname="backend.tests.test_iteration7.TestSelfProfile" name="test_put_partial_preserves_other_fields" time="0.051" /><testcase classname="backend.tests.test_iteration7.TestSelfProfile" name="test_put_multi_field_and_updated_at_changes" time="1.189" /><testcase classname="backend.tests.test_iteration7.TestSelfProfile" name="test_get_returns_persisted_values" time="0.046" /><testcase classname="backend.tests.test_iteration7.TestAISelfSuggestion" name="test_invalid_dimension" time="0.048" /><testcase classname="backend.tests.test_iteration7.TestAISelfSuggestion" name="test_style_with_populated_profile_real_ai" time="7.541" /><testcase classname="backend.tests.test_iteration7.TestAISelfSuggestion" name="test_dimension_with_empty_returns_placeholder" time="0.095" /><testcase classname="backend.tests.test_iteration7.TestAISelfSuggestion" name="test_with_note_context_real_ai" time="7.337" /><testcase classname="backend.tests.test_iteration7.TestDailyBrief" name="test_daily_brief_has_all_five_labels" time="5.610" /><testcase classname="backend.tests.test_iteration7.TestDailyBrief" name="test_daily_brief_no_body" time="4.579" /><testcase classname="backend.tests.test_iteration7.TestDailyBrief" name="test_daily_brief_personalisation_with_companion" time="6.717" /><testcase classname="backend.tests.test_iteration7.TestDailyBrief" name="test_daily_brief_fallback_when_no_profile_still_has_labels" time="4.899" /><testcase classname="backend.tests.test_iteration8.TestEchoYesterday" name="test_empty_body_returns_text" time="0.134" /><testcase classname="backend.tests.test_iteration8.TestEchoYesterday" name="test_no_body_at_all" time="0.046" /><testcase classname="backend.tests.test_iteration8.TestEchoYesterday" name="test_fallback_when_no_yesterday_data" time="0.051" /><testcase classname="backend.tests.test_iteration8.TestEchoYesterday" name="test_with_yesterday_journal_entry" time="2.358" /><testcase classname="backend.tests.test_iteration8.TestFocusSessions" name="test_create_focus_session" time="0.049" /><testcase classname="backend.tests.test_iteration8.TestFocusSessions" name="test_list_focus_sessions_sorted_desc" time="0.197" /><testcase classname="backend.tests.test_iteration8.TestDistractions" name="test_create_distraction" time="0.053" /><testcase classname="backend.tests.test_iteration8.TestDistractions" name="test_list_distractions_sorted_desc" time="0.190" /><testcase classname="backend.tests.test_iteration8.TestFocusStats" name="test_focus_stats_counts_today" time="0.189" /><testcase classname="backend.tests.test_iteration8.TestFocusTips" name="test_ai_focus_tips_real_claude" time="7.561" /><testcase classname="backend.tests.test_iteration8.TestFocusTips" name="test_ai_focus_tips_empty_json_body_validation_bug" time="0.049" /><testcase classname="backend.tests.test_iteration8.TestAddictionsCRUD" name="test_create_addiction" time="0.091" /><testcase classname="backend.tests.test_iteration8.TestAddictionsCRUD" name="test_list_addictions" time="0.089" /><testcase classname="backend.tests.test_iteration8.TestAddictionsCRUD" name="test_update_addiction_partial_name" time="0.047" /><testcase classname="backend.tests.test_iteration8.TestAddictionsCRUD" name="test_update_addiction_partial_notes" time="0.102" /><testcase classname="backend.tests.test_iteration8.TestAddictionsCRUD" name="test_delete_addiction_cascades_slips" time="0.278" /><testcase classname="backend.tests.test_iteration8.TestSlipFlow" name="test_slip_resets_clock_and_updates_fields" time="1.287" /><testcase classname="backend.tests.test_iteration8.TestSlipFlow" name="test_list_slips_sorted_desc" time="0.327" /><testcase classname="backend.tests.test_iteration8.TestSlipFlow" name="test_multiple_slips_increment_reset_count" time="0.270" /><testcase classname="backend.tests.test_iteration8.TestSobrietySupport" name="test_sobriety_support_real_claude" time="5.506" /><testcase classname="backend.tests.test_iteration8.TestSobrietySupport" name="test_sobriety_support_404_on_invalid_id" time="0.049" /><testcase classname="backend.tests.test_iteration8.TestSobrietySupport" name="test_sobriety_support_empty_json_body_validation_bug" time="0.139" /><testcase classname="backend.tests.test_iteration8.TestNoMongoIdLeak" name="test_sweep_new_endpoints" time="0.227" /></testsuite></testsuites>