<?xml version="1.0" encoding="utf-8"?><testsuites name="pytest tests"><testsuite name="pytest" errors="0" failures="0" skipped="0" tests="16" time="1.682" timestamp="2026-04-25T10:59:24.566790+00:00" hostname="agent-env-9d6c089a-2586-4db5-84e8-a8e6fee0f6e2"><testcase classname="backend.tests.test_launch_checkout_billing_admin_orders.TestGuestCheckoutBilling" name="test_creates_order_with_billing_same_as_delivery" time="0.623" /><testcase classname="backend.tests.test_launch_checkout_billing_admin_orders.TestGuestCheckoutBilling" name="test_creates_order_with_separate_billing_address" time="0.105" /><testcase classname="backend.tests.test_launch_checkout_billing_admin_orders.TestGuestCheckoutBilling" name="test_guest_checkout_rejects_missing_customer" time="0.044" /><testcase classname="backend.tests.test_launch_checkout_billing_admin_orders.TestAdminOnlineOrdersList" name="test_requires_auth" time="0.048" /><testcase classname="backend.tests.test_launch_checkout_billing_admin_orders.TestAdminOnlineOrdersList" name="test_list_response_shape" time="0.051" /><testcase classname="backend.tests.test_launch_checkout_billing_admin_orders.TestAdminOnlineOrdersList" name="test_status_filter" time="0.049" /><testcase classname="backend.tests.test_launch_checkout_billing_admin_orders.TestAdminOnlineOrdersList" name="test_status_all_returns_any" time="0.054" /><testcase classname="backend.tests.test_launch_checkout_billing_admin_orders.TestAdminOnlineOrdersList" name="test_search_by_email" time="0.099" /><testcase classname="backend.tests.test_launch_checkout_billing_admin_orders.TestAdminOnlineOrdersList" name="test_pagination_skip_limit" time="0.100" /><testcase classname="backend.tests.test_launch_checkout_billing_admin_orders.TestAdminOnlineOrdersList" name="test_no_mongodb_objectid_in_response" time="0.048" /><testcase classname="backend.tests.test_launch_checkout_billing_admin_orders.TestAdminOnlineOrderDetail" name="test_requires_auth" time="0.045" /><testcase classname="backend.tests.test_launch_checkout_billing_admin_orders.TestAdminOnlineOrderDetail" name="test_404_when_unknown" time="0.048" /><testcase classname="backend.tests.test_launch_checkout_billing_admin_orders.TestAdminOnlineOrderDetail" name="test_detail_includes_full_fields" time="0.109" /><testcase classname="backend.tests.test_launch_checkout_billing_admin_orders.TestSlashedDimensionUrl" name="test_collection_with_encoded_slash_does_not_404" time="0.050" /><testcase classname="backend.tests.test_launch_checkout_billing_admin_orders.TestCheckoutSettingsSeed" name="test_payments_flags_enabled" time="0.055" /><testcase classname="backend.tests.test_launch_checkout_billing_admin_orders.TestCheckoutSettingsSeed" name="test_free_sample_seed" time="0.054" /></testsuite></testsuites>