<?xml version="1.0" encoding="utf-8"?><testsuites name="pytest tests"><testsuite name="pytest" errors="0" failures="0" skipped="0" tests="16" time="0.945" timestamp="2026-05-04T15:34:58.229652+00:00" hostname="agent-env-9d6c089a-2586-4db5-84e8-a8e6fee0f6e2"><testcase classname="backend.tests.test_supplier_margin_intel" name="test_margin_math" time="0.578" /><testcase classname="backend.tests.test_supplier_margin_intel" name="test_composite_score_prefers_margin_plus_traffic_sweet_spot" time="0.000" /><testcase classname="backend.tests.test_supplier_margin_intel" name="test_composite_score_zero_when_margin_none_or_negative" time="0.000" /><testcase classname="backend.tests.test_supplier_margin_intel" name="test_product_query_set_dedupes" time="0.000" /><testcase classname="backend.tests.test_supplier_margin_intel" name="test_product_query_set_handles_empty_fields" time="0.000" /><testcase classname="backend.tests.test_supplier_margin_intel" name="test_attribute_rows_matches_and_sums" time="0.000" /><testcase classname="backend.tests.test_supplier_margin_intel" name="test_attribute_rows_dedupes_same_query_matching_multiple_phrases" time="0.000" /><testcase classname="backend.tests.test_supplier_margin_intel" name="test_attribute_rows_handles_empty" time="0.000" /><testcase classname="backend.tests.test_supplier_margin_intel" name="test_compute_report_happy_path" time="0.025" /><testcase classname="backend.tests.test_supplier_margin_intel" name="test_compute_report_no_gsc" time="0.013" /><testcase classname="backend.tests.test_supplier_margin_intel" name="test_compute_report_skips_inactive" time="0.013" /><testcase classname="backend.tests.test_supplier_margin_intel" name="test_compute_report_handles_missing_cost_gracefully" time="0.020" /><testcase classname="backend.tests.test_supplier_margin_intel" name="test_compute_report_impressions_delta_edge_cases" time="0.014" /><testcase classname="backend.tests.test_supplier_margin_intel" name="test_get_margin_report_cached" time="0.013" /><testcase classname="backend.tests.test_supplier_margin_intel" name="test_get_margin_report_force_refresh" time="0.015" /><testcase classname="backend.tests.test_supplier_margin_intel" name="test_get_margin_report_different_top_n_separate_cache" time="0.038" /></testsuite></testsuites>