<?xml version="1.0" encoding="utf-8"?><testsuites name="pytest tests"><testsuite name="pytest" errors="0" failures="0" skipped="0" tests="20" time="2.246" timestamp="2026-05-01T13:56:44.301628+00:00" hostname="agent-env-9d6c089a-2586-4db5-84e8-a8e6fee0f6e2"><testcase classname="backend.tests.test_payment_recovery.TestSendPaymentRecoveryEmail" name="test_persists_token_and_timestamps" time="0.207" /><testcase classname="backend.tests.test_payment_recovery.TestSendPaymentRecoveryEmail" name="test_recovery_url_shape_when_sent" time="0.186" /><testcase classname="backend.tests.test_payment_recovery.TestSendPaymentRecoveryEmail" name="test_idempotent_second_call_is_noop" time="0.198" /><testcase classname="backend.tests.test_payment_recovery.TestSendPaymentRecoveryEmail" name="test_missing_email_returns_not_ok" time="0.001" /><testcase classname="backend.tests.test_payment_recovery.TestLookupRecoveryToken" name="test_returns_order_without_token_field" time="0.001" /><testcase classname="backend.tests.test_payment_recovery.TestLookupRecoveryToken" name="test_returns_none_for_unknown_token" time="0.001" /><testcase classname="backend.tests.test_payment_recovery.TestLookupRecoveryToken" name="test_returns_none_for_short_token" time="0.000" /><testcase classname="backend.tests.test_payment_recovery.TestLookupRecoveryToken" name="test_returns_none_for_expired_token" time="0.001" /><testcase classname="backend.tests.test_payment_recovery.TestLookupRecoveryToken" name="test_returns_none_for_empty_or_non_string" time="0.000" /><testcase classname="backend.tests.test_payment_recovery.TestPublicRecoveryEndpoint" name="test_invalid_token_returns_404" time="0.197" /><testcase classname="backend.tests.test_payment_recovery.TestPublicRecoveryEndpoint" name="test_valid_token_returns_slim_payload" time="0.060" /><testcase classname="backend.tests.test_payment_recovery.TestPublicRecoveryEndpoint" name="test_expired_token_returns_404" time="0.064" /><testcase classname="backend.tests.test_payment_recovery.TestRecoveryEmailAdminEndpoint" name="test_without_auth_returns_403" time="0.118" /><testcase classname="backend.tests.test_payment_recovery.TestRecoveryEmailAdminEndpoint" name="test_missing_to_returns_422" time="0.450" /><testcase classname="backend.tests.test_payment_recovery.TestRecoveryEmailAdminEndpoint" name="test_bad_email_returns_400" time="0.133" /><testcase classname="backend.tests.test_payment_recovery.TestRecoveryEmailAdminEndpoint" name="test_valid_email_attempts_send" time="0.231" /><testcase classname="backend.tests.test_payment_recovery.TestWebhookWireUp" name="test_import_inside_failed_payment_branch" time="0.002" /><testcase classname="backend.tests.test_payment_recovery.TestWebhookWireUp" name="test_call_is_wrapped_in_try_except" time="0.001" /><testcase classname="backend.tests.test_payment_recovery.TestWebhookWireUp" name="test_rerfetches_order_before_send" time="0.001" /><testcase classname="backend.tests.test_payment_recovery.TestWebhookWireUp" name="test_persistence_guard_uses_exists_false" time="0.002" /></testsuite></testsuites>