<?xml version="1.0" encoding="utf-8"?><testsuites name="pytest tests"><testsuite name="pytest" errors="0" failures="0" skipped="0" tests="18" time="3.785" timestamp="2026-03-25T21:02:03.381368+00:00" hostname="agent-env-9d6c089a-2586-4db5-84e8-a8e6fee0f6e2"><testcase classname="backend.tests.test_shop_navigation_group_filtering.TestCollectionsGroupFiltering" name="test_collections_without_group_returns_all" time="0.171" /><testcase classname="backend.tests.test_shop_navigation_group_filtering.TestCollectionsGroupFiltering" name="test_collections_with_tiles_group" time="0.132" /><testcase classname="backend.tests.test_shop_navigation_group_filtering.TestCollectionsGroupFiltering" name="test_collections_with_flooring_group" time="0.134" /><testcase classname="backend.tests.test_shop_navigation_group_filtering.TestCollectionsGroupFiltering" name="test_collections_with_materials_group" time="0.132" /><testcase classname="backend.tests.test_shop_navigation_group_filtering.TestCollectionsGroupFiltering" name="test_collections_with_tools_group" time="0.120" /><testcase classname="backend.tests.test_shop_navigation_group_filtering.TestCollectionsGroupFiltering" name="test_collections_with_accessories_group" time="0.117" /><testcase classname="backend.tests.test_shop_navigation_group_filtering.TestCollectionsGroupFiltering" name="test_collections_with_underfloor_heating_group" time="0.115" /><testcase classname="backend.tests.test_shop_navigation_group_filtering.TestProductsEndpoint" name="test_products_include_product_group_field" time="0.128" /><testcase classname="backend.tests.test_shop_navigation_group_filtering.TestFiltersEndpoint" name="test_filters_without_group" time="0.146" /><testcase classname="backend.tests.test_shop_navigation_group_filtering.TestFiltersEndpoint" name="test_filters_with_tiles_group" time="0.127" /><testcase classname="backend.tests.test_shop_navigation_group_filtering.TestFiltersEndpoint" name="test_filters_with_flooring_group" time="0.136" /><testcase classname="backend.tests.test_shop_navigation_group_filtering.TestFiltersEndpoint" name="test_filters_with_materials_group" time="0.162" /><testcase classname="backend.tests.test_shop_navigation_group_filtering.TestPublishEndpoint" name="test_publish_endpoint_exists" time="0.979" /><testcase classname="backend.tests.test_shop_navigation_group_filtering.TestGroupIsolation" name="test_tiles_and_flooring_are_isolated" time="0.258" /><testcase classname="backend.tests.test_shop_navigation_group_filtering.TestGroupIsolation" name="test_all_products_vs_filtered" time="0.493" /><testcase classname="backend.tests.test_shop_navigation_group_filtering.TestNavigationMenus" name="test_main_navigation" time="0.120" /><testcase classname="backend.tests.test_shop_navigation_group_filtering.TestNavigationMenus" name="test_shop_flooring_navigation" time="0.111" /><testcase classname="backend.tests.test_shop_navigation_group_filtering.TestNavigationMenus" name="test_shop_materials_navigation" time="0.136" /></testsuite></testsuites>