<?xml version="1.0" encoding="utf-8"?><testsuites name="pytest tests"><testsuite name="pytest" errors="0" failures="0" skipped="0" tests="16" time="2.142" timestamp="2026-04-26T11:44:43.980169+00:00" hostname="agent-env-9d6c089a-2586-4db5-84e8-a8e6fee0f6e2"><testcase classname="tests.test_abandoned_cart_sequence.TestSettings" name="test_get_settings_defaults" time="0.139" /><testcase classname="tests.test_abandoned_cart_sequence.TestSettings" name="test_put_settings_persists" time="0.201" /><testcase classname="tests.test_abandoned_cart_sequence.TestSaveAndRecover" name="test_save_creates_then_updates_and_resets_flags" time="0.115" /><testcase classname="tests.test_abandoned_cart_sequence.TestSaveAndRecover" name="test_mark_recovered" time="0.051" /><testcase classname="tests.test_abandoned_cart_sequence.TestReminders" name="test_disabled_toggle_short_circuits" time="0.149" /><testcase classname="tests.test_abandoned_cart_sequence.TestReminders" name="test_day_0_then_day_1_cadence_with_promo" time="0.623" /><testcase classname="tests.test_abandoned_cart_sequence.TestPromoCodes" name="test_generate_is_idempotent_for_same_email_unused" time="0.206" /><testcase classname="tests.test_abandoned_cart_sequence.TestPromoCodes" name="test_generate_returns_new_after_consumed" time="0.002" /><testcase classname="tests.test_abandoned_cart_sequence.TestValidateEndpoint" name="test_missing_code" time="0.050" /><testcase classname="tests.test_abandoned_cart_sequence.TestValidateEndpoint" name="test_unknown_code" time="0.045" /><testcase classname="tests.test_abandoned_cart_sequence.TestValidateEndpoint" name="test_wrong_email" time="0.051" /><testcase classname="tests.test_abandoned_cart_sequence.TestValidateEndpoint" name="test_valid_code" time="0.048" /><testcase classname="tests.test_abandoned_cart_sequence.TestValidateEndpoint" name="test_expired_code" time="0.066" /><testcase classname="tests.test_abandoned_cart_sequence.TestGuestCheckoutPromo" name="test_promo_applied_and_consumed" time="0.104" /><testcase classname="tests.test_abandoned_cart_sequence.TestAdminListStats" name="test_list" time="0.055" /><testcase classname="tests.test_abandoned_cart_sequence.TestAdminListStats" name="test_stats" time="0.056" /></testsuite></testsuites>