<?xml version="1.0" encoding="utf-8"?><testsuites name="pytest tests"><testsuite name="pytest" errors="0" failures="0" skipped="0" tests="12" time="3.902" timestamp="2026-03-24T10:05:16.153170+00:00" hostname="agent-env-8368a08e-324d-4de4-a159-19fc83b7c8d6"><testcase classname="backend.tests.test_stripe_checkout.TestGuestCheckoutFlow" name="test_health_check" time="0.278" /><testcase classname="backend.tests.test_stripe_checkout.TestGuestCheckoutFlow" name="test_create_guest_checkout_order" time="0.103" /><testcase classname="backend.tests.test_stripe_checkout.TestGuestCheckoutFlow" name="test_create_stripe_payment_session" time="0.731" /><testcase classname="backend.tests.test_stripe_checkout.TestGuestCheckoutFlow" name="test_get_checkout_status" time="1.122" /><testcase classname="backend.tests.test_stripe_checkout.TestGuestCheckoutFlow" name="test_checkout_status_not_found" time="0.099" /><testcase classname="backend.tests.test_stripe_checkout.TestGuestCheckoutFlow" name="test_guest_checkout_validation_missing_email" time="0.107" /><testcase classname="backend.tests.test_stripe_checkout.TestGuestCheckoutFlow" name="test_guest_checkout_validation_empty_items" time="0.096" /><testcase classname="backend.tests.test_stripe_checkout.TestGuestCheckoutFlow" name="test_payment_session_missing_order_id" time="0.110" /><testcase classname="backend.tests.test_stripe_checkout.TestGuestCheckoutFlow" name="test_payment_session_invalid_order" time="0.100" /><testcase classname="backend.tests.test_stripe_checkout.TestGuestCheckoutFlow" name="test_click_collect_order" time="0.097" /><testcase classname="backend.tests.test_stripe_checkout.TestStripeWebhook" name="test_webhook_endpoint_exists" time="0.101" /><testcase classname="backend.tests.test_stripe_checkout.TestOrderSuccessPage" name="test_order_success_flow" time="0.881" /></testsuite></testsuites>