<?xml version="1.0" encoding="utf-8"?><testsuites name="pytest tests"><testsuite name="pytest" errors="0" failures="0" skipped="0" tests="8" time="0.828" timestamp="2026-03-29T09:26:47.486980+00:00" hostname="agent-env-9d6c089a-2586-4db5-84e8-a8e6fee0f6e2"><testcase classname="backend.tests.test_derived_series_fix.TestAssignEndpoint" name="test_assign_updates_all_supplier_products" time="0.255" /><testcase classname="backend.tests.test_derived_series_fix.TestAssignEndpoint" name="test_assign_updates_all_tiles" time="0.001" /><testcase classname="backend.tests.test_derived_series_fix.TestUnassignEndpoint" name="test_unassign_clears_all_products" time="0.133" /><testcase classname="backend.tests.test_derived_series_fix.TestBulkAssignEndpoint" name="test_bulk_assign_updates_all_products" time="0.053" /><testcase classname="backend.tests.test_derived_series_fix.TestCustomerFacingCollections" name="test_collections_appear_after_assign" time="0.106" /><testcase classname="backend.tests.test_derived_series_fix.TestCustomerFacingCollections" name="test_collections_disappear_after_unassign" time="0.054" /><testcase classname="backend.tests.test_derived_series_fix.TestEdgeCases" name="test_series_null_vs_empty_vs_missing" time="0.002" /><testcase classname="backend.tests.test_derived_series_fix.TestEdgeCases" name="test_partial_series_name_no_match" time="0.059" /></testsuite></testsuites>