<?xml version="1.0" encoding="utf-8"?><testsuites name="pytest tests"><testsuite name="pytest" errors="0" failures="0" skipped="0" tests="12" time="1.938" timestamp="2026-03-31T18:43:13.325999+00:00" hostname="agent-env-9d6c089a-2586-4db5-84e8-a8e6fee0f6e2"><testcase classname="backend.tests.test_color_swatches.TestColorSwatchesFix" name="test_collections_endpoint_returns_color_swatches" time="0.277" /><testcase classname="backend.tests.test_color_swatches.TestColorSwatchesFix" name="test_opaco_collection_extracts_colors_from_names" time="0.124" /><testcase classname="backend.tests.test_color_swatches.TestColorSwatchesFix" name="test_bluestone_collection_uses_db_color_field" time="0.156" /><testcase classname="backend.tests.test_color_swatches.TestColorSwatchesFix" name="test_sparkle_collection_extracts_colors_from_names" time="0.139" /><testcase classname="backend.tests.test_color_swatches.TestColorSwatchesFix" name="test_product_images_prioritizes_color_entries" time="0.125" /><testcase classname="backend.tests.test_color_swatches.TestColorSwatchesFix" name="test_additional_colors_based_on_swatches_length" time="0.134" /><testcase classname="backend.tests.test_color_swatches.TestColorSwatchesFix" name="test_color_swatches_have_required_fields" time="0.167" /><testcase classname="backend.tests.test_color_swatches.TestColorSwatchesFix" name="test_testseries_collection_extracts_colors" time="0.187" /><testcase classname="backend.tests.test_color_swatches.TestColorSwatchesFix" name="test_colour_pluralization_badge_data" time="0.163" /><testcase classname="backend.tests.test_color_swatches.TestCollectionDetailPage" name="test_collection_detail_returns_products" time="0.135" /><testcase classname="backend.tests.test_color_swatches.TestCollectionDetailPage" name="test_collection_detail_products_have_color_info" time="0.118" /><testcase classname="backend.tests.test_color_swatches.TestCollectionDetailPage" name="test_opaco_products_have_color_in_name" time="0.131" /></testsuite></testsuites>