<?xml version="1.0" encoding="utf-8"?><testsuites name="pytest tests"><testsuite name="pytest" errors="0" failures="0" skipped="0" tests="7" time="2.991" timestamp="2026-04-02T11:09:55.399021+00:00" hostname="agent-env-9d6c089a-2586-4db5-84e8-a8e6fee0f6e2"><testcase classname="backend.tests.test_scope_summary_panel.TestScopeSummaryPanelAPIs" name="test_supplier_products_endpoint_returns_products" time="0.526" /><testcase classname="backend.tests.test_scope_summary_panel.TestScopeSummaryPanelAPIs" name="test_supplier_products_with_supplier_filter" time="0.410" /><testcase classname="backend.tests.test_scope_summary_panel.TestScopeSummaryPanelAPIs" name="test_bulk_update_unified_endpoint_exists" time="0.383" /><testcase classname="backend.tests.test_scope_summary_panel.TestScopeSummaryPanelAPIs" name="test_bulk_update_with_scoped_categories" time="0.424" /><testcase classname="backend.tests.test_scope_summary_panel.TestScopeSummaryPanelAPIs" name="test_categories_by_group_endpoint" time="0.424" /><testcase classname="backend.tests.test_scope_summary_panel.TestScopeSummaryPanelAPIs" name="test_filters_types_endpoint" time="0.390" /><testcase classname="backend.tests.test_scope_summary_panel.TestScopeSummaryPanelAPIs" name="test_specifications_types_endpoint" time="0.376" /></testsuite></testsuites>