<?xml version="1.0" encoding="utf-8"?><testsuites name="pytest tests"><testsuite name="pytest" errors="0" failures="0" skipped="0" tests="12" time="5.068" timestamp="2026-03-28T18:58:38.217505+00:00" hostname="agent-env-9d6c089a-2586-4db5-84e8-a8e6fee0f6e2"><testcase classname="backend.tests.test_collection_organizer_bugfixes.TestCollectionOrganizerBugfixes" name="test_series_endpoint_returns_product_names_array" time="0.543" /><testcase classname="backend.tests.test_collection_organizer_bugfixes.TestCollectionOrganizerBugfixes" name="test_product_names_contain_actual_display_names" time="0.377" /><testcase classname="backend.tests.test_collection_organizer_bugfixes.TestCollectionOrganizerBugfixes" name="test_series_endpoint_returns_relevant_groups" time="0.423" /><testcase classname="backend.tests.test_collection_organizer_bugfixes.TestCollectionOrganizerBugfixes" name="test_series_endpoint_returns_ungrouped_count" time="0.421" /><testcase classname="backend.tests.test_collection_organizer_bugfixes.TestCollectionOrganizerBugfixes" name="test_relevant_groups_matches_supplier_product_groups" time="0.387" /><testcase classname="backend.tests.test_collection_organizer_bugfixes.TestCollectionOrganizerBugfixes" name="test_leporce_supplier_does_not_crash" time="0.380" /><testcase classname="backend.tests.test_collection_organizer_bugfixes.TestCollectionOrganizerBugfixes" name="test_unknown_supplier_returns_empty_series" time="0.411" /><testcase classname="backend.tests.test_collection_organizer_bugfixes.TestCollectionOrganizerBugfixes" name="test_null_series_excluded_from_results" time="0.420" /><testcase classname="backend.tests.test_collection_organizer_bugfixes.TestCollectionOrganizerBugfixes" name="test_series_has_required_fields" time="0.389" /><testcase classname="backend.tests.test_collection_organizer_bugfixes.TestCollectionOrganizerBugfixes" name="test_product_names_limited_to_5" time="0.423" /><testcase classname="backend.tests.test_collection_organizer_bugfixes.TestCollectionOrganizerBugfixes" name="test_suppliers_endpoint_works" time="0.438" /><testcase classname="backend.tests.test_collection_organizer_bugfixes.TestCollectionOrganizerBugfixes" name="test_category_tree_endpoint_works" time="0.383" /></testsuite></testsuites>