<?xml version="1.0" encoding="utf-8"?><testsuites name="pytest tests"><testsuite name="pytest" errors="0" failures="0" skipped="0" tests="14" time="2.589" timestamp="2026-03-13T16:41:28.551558+00:00" hostname="agent-env-75fb60af-d9dc-44ab-adea-45c51eddaaa6"><testcase classname="backend.tests.test_pricing_unit.TestBulkPricingUnitEndpoint" name="test_endpoint_exists" time="0.220" /><testcase classname="backend.tests.test_pricing_unit.TestBulkPricingUnitEndpoint" name="test_valid_pricing_unit_m2" time="0.108" /><testcase classname="backend.tests.test_pricing_unit.TestBulkPricingUnitEndpoint" name="test_valid_pricing_unit_unit" time="0.119" /><testcase classname="backend.tests.test_pricing_unit.TestBulkPricingUnitEndpoint" name="test_invalid_pricing_unit_returns_400" time="0.128" /><testcase classname="backend.tests.test_pricing_unit.TestBulkPricingUnitEndpoint" name="test_invalid_pricing_unit_box" time="0.112" /><testcase classname="backend.tests.test_pricing_unit.TestBulkPricingUnitEndpoint" name="test_missing_pricing_unit_field" time="0.152" /><testcase classname="backend.tests.test_pricing_unit.TestBulkPricingUnitEndpoint" name="test_unit_price_with_unit_type" time="0.140" /><testcase classname="backend.tests.test_pricing_unit.TestProductPricingUnitUpdate" name="test_update_product_to_unit_pricing" time="0.360" /><testcase classname="backend.tests.test_pricing_unit.TestProductPricingUnitUpdate" name="test_update_product_to_m2_pricing" time="0.398" /><testcase classname="backend.tests.test_pricing_unit.TestTierPricingWithUnits" name="test_calculate_unit_tier_price_endpoint_exists" time="0.113" /><testcase classname="backend.tests.test_pricing_unit.TestTierPricingWithUnits" name="test_calculate_unit_tier_price" time="0.115" /><testcase classname="backend.tests.test_pricing_unit.TestTierPricingWithUnits" name="test_calculate_m2_tier_price" time="0.106" /><testcase classname="backend.tests.test_pricing_unit.TestTileSerializationWithPricingUnit" name="test_get_tile_products_includes_pricing_unit" time="0.155" /><testcase classname="backend.tests.test_pricing_unit.TestTileSerializationWithPricingUnit" name="test_get_tile_by_slug_includes_pricing_unit" time="0.291" /></testsuite></testsuites>