<?xml version="1.0" encoding="utf-8"?><testsuites name="pytest tests"><testsuite name="pytest" errors="0" failures="0" skipped="0" tests="19" time="7.237" timestamp="2026-03-22T01:29:11.805452+00:00" hostname="agent-env-825224a1-ad49-42ca-a86e-5e5a28fa1e22"><testcase classname="backend.tests.test_description_auto_regen.TestDescriptionRegenSettings" name="test_get_settings_returns_defaults" time="0.542" /><testcase classname="backend.tests.test_description_auto_regen.TestDescriptionRegenSettings" name="test_get_settings_requires_auth" time="0.102" /><testcase classname="backend.tests.test_description_auto_regen.TestDescriptionRegenSettings" name="test_save_settings_success" time="0.246" /><testcase classname="backend.tests.test_description_auto_regen.TestDescriptionRegenSettings" name="test_save_settings_requires_auth" time="0.113" /><testcase classname="backend.tests.test_description_auto_regen.TestTrackedSeries" name="test_get_tracked_series" time="0.115" /><testcase classname="backend.tests.test_description_auto_regen.TestTrackedSeries" name="test_track_series_success" time="0.177" /><testcase classname="backend.tests.test_description_auto_regen.TestTrackedSeries" name="test_track_series_nonexistent" time="0.126" /><testcase classname="backend.tests.test_description_auto_regen.TestTrackedSeries" name="test_track_series_requires_auth" time="0.130" /><testcase classname="backend.tests.test_description_auto_regen.TestTrackedSeries" name="test_track_batch_series" time="0.135" /><testcase classname="backend.tests.test_description_auto_regen.TestTrackedSeries" name="test_track_batch_empty_list" time="0.099" /><testcase classname="backend.tests.test_description_auto_regen.TestTrackedSeries" name="test_remove_tracked_series" time="0.295" /><testcase classname="backend.tests.test_description_auto_regen.TestTrackedSeries" name="test_remove_nonexistent_series" time="0.107" /><testcase classname="backend.tests.test_description_auto_regen.TestPendingRegenerations" name="test_get_pending_regenerations" time="0.227" /><testcase classname="backend.tests.test_description_auto_regen.TestPendingRegenerations" name="test_pending_requires_auth" time="0.116" /><testcase classname="backend.tests.test_description_auto_regen.TestRegenerationHistory" name="test_get_history" time="0.108" /><testcase classname="backend.tests.test_description_auto_regen.TestRegenerationHistory" name="test_history_requires_auth" time="0.117" /><testcase classname="backend.tests.test_description_auto_regen.TestRunNow" name="test_run_now_success" time="0.114" /><testcase classname="backend.tests.test_description_auto_regen.TestRunNow" name="test_run_now_requires_auth" time="1.109" /><testcase classname="backend.tests.test_description_auto_regen.TestCleanup" name="test_cleanup_tracked_series" time="3.181" /></testsuite></testsuites>