<?xml version="1.0" encoding="utf-8"?><testsuites name="pytest tests"><testsuite name="pytest" errors="0" failures="0" skipped="0" tests="10" time="3.680" timestamp="2026-03-29T18:44:31.385626+00:00" hostname="agent-env-9d6c089a-2586-4db5-84e8-a8e6fee0f6e2"><testcase classname="backend.tests.test_p1_features.TestJWTExpiry" name="test_login_returns_token_with_30_day_expiry" time="0.507" /><testcase classname="backend.tests.test_p1_features.TestJWTExpiry" name="test_login_returns_user_data" time="0.344" /><testcase classname="backend.tests.test_p1_features.TestRefreshToken" name="test_refresh_token_returns_new_token" time="0.486" /><testcase classname="backend.tests.test_p1_features.TestRefreshToken" name="test_refresh_token_returns_user_data" time="0.489" /><testcase classname="backend.tests.test_p1_features.TestRefreshToken" name="test_refresh_token_without_auth_fails" time="0.123" /><testcase classname="backend.tests.test_p1_features.TestAdminEndpoints" name="test_homepage_manager_api_works" time="0.476" /><testcase classname="backend.tests.test_p1_features.TestAdminEndpoints" name="test_hero_slides_api_works" time="0.470" /><testcase classname="backend.tests.test_p1_features.TestAdminEndpoints" name="test_bathroom_page_api_works" time="0.456" /><testcase classname="backend.tests.test_p1_features.TestPublicEndpoints" name="test_public_navigation_returns_bathroom_link" time="0.147" /><testcase classname="backend.tests.test_p1_features.TestPublicEndpoints" name="test_trade_account_settings_public" time="0.106" /></testsuite></testsuites>