<?xml version="1.0" encoding="utf-8"?><testsuites name="pytest tests"><testsuite name="pytest" errors="0" failures="0" skipped="0" tests="9" time="1.657" timestamp="2026-03-29T16:24:37.176986+00:00" hostname="agent-env-9d6c089a-2586-4db5-84e8-a8e6fee0f6e2"><testcase classname="backend.tests.test_showroom_tours.TestShowroomToursBackend" name="test_get_homepage_returns_showroom_tours_fields" time="0.659" /><testcase classname="backend.tests.test_showroom_tours.TestShowroomToursBackend" name="test_put_homepage_saves_showroom_tours_fields" time="0.170" /><testcase classname="backend.tests.test_showroom_tours.TestShowroomToursBackend" name="test_deep_merge_preserves_video_showroom_data" time="0.184" /><testcase classname="backend.tests.test_showroom_tours.TestShowroomToursBackend" name="test_showroom_tours_videos_array_structure" time="0.084" /><testcase classname="backend.tests.test_showroom_tours.TestShowroomToursBackend" name="test_public_homepage_returns_showroom_tours" time="0.067" /><testcase classname="backend.tests.test_showroom_tours.TestShowroomToursBackend" name="test_update_showroom_tours_with_multiple_videos" time="0.093" /><testcase classname="backend.tests.test_showroom_tours.TestShowroomToursIndependence" name="test_both_sections_can_be_enabled_independently" time="0.092" /><testcase classname="backend.tests.test_showroom_tours.TestShowroomToursIndependence" name="test_disabling_one_section_doesnt_affect_other" time="0.145" /><testcase classname="backend.tests.test_showroom_tours.TestCleanup" name="test_restore_original_showroom_tours_data" time="0.094" /></testsuite></testsuites>