<?xml version="1.0" encoding="utf-8"?><testsuites name="pytest tests"><testsuite name="pytest" errors="0" failures="0" skipped="0" tests="13" time="2.235" timestamp="2026-04-03T21:51:57.950826+00:00" hostname="agent-env-9d6c089a-2586-4db5-84e8-a8e6fee0f6e2"><testcase classname="backend.tests.test_trade_discount_tier_disabled.TestCollectionAPITradeFields" name="test_collection_api_returns_trade_discount" time="0.332" /><testcase classname="backend.tests.test_trade_discount_tier_disabled.TestCollectionAPITradeFields" name="test_collection_api_returns_credit_back_rate" time="0.152" /><testcase classname="backend.tests.test_trade_discount_tier_disabled.TestCollectionAPITradeFields" name="test_collection_api_returns_products_with_tier_disabled" time="0.158" /><testcase classname="backend.tests.test_trade_discount_tier_disabled.TestTierPricingAPIDisabled" name="test_tier_pricing_disabled_returns_disabled_true" time="0.101" /><testcase classname="backend.tests.test_trade_discount_tier_disabled.TestTierPricingAPIDisabled" name="test_tier_pricing_disabled_returns_empty_tiers" time="0.127" /><testcase classname="backend.tests.test_trade_discount_tier_disabled.TestTierPricingAPIDisabled" name="test_tier_pricing_disabled_returns_base_price" time="0.122" /><testcase classname="backend.tests.test_trade_discount_tier_disabled.TestTierPricingAPIDisabled" name="test_tier_pricing_disabled_with_is_trade_param" time="0.164" /><testcase classname="backend.tests.test_trade_discount_tier_disabled.TestTierPricingAPIEnabled" name="test_tier_pricing_enabled_returns_tiers" time="0.107" /><testcase classname="backend.tests.test_trade_discount_tier_disabled.TestTierPricingAPIEnabled" name="test_tier_pricing_enabled_with_is_trade_returns_trade_tiers" time="0.151" /><testcase classname="backend.tests.test_trade_discount_tier_disabled.TestTradeDiscountCalculation" name="test_trade_discount_value_is_reasonable" time="0.149" /><testcase classname="backend.tests.test_trade_discount_tier_disabled.TestTradeDiscountCalculation" name="test_credit_back_rate_value_is_reasonable" time="0.169" /><testcase classname="backend.tests.test_trade_discount_tier_disabled.TestTradeDiscountCalculation" name="test_expected_trade_price_calculation" time="0.136" /><testcase classname="backend.tests.test_trade_discount_tier_disabled.TestMultipleCollections" name="test_different_collection_returns_trade_fields" time="0.292" /></testsuite></testsuites>