<?xml version="1.0" encoding="utf-8"?><testsuites name="pytest tests"><testsuite name="pytest" errors="0" failures="0" skipped="1" tests="12" time="4.704" timestamp="2026-03-31T22:58:27.541773+00:00" hostname="agent-env-9d6c089a-2586-4db5-84e8-a8e6fee0f6e2"><testcase classname="backend.tests.test_four_fixes_regression.TestTierPricingOnCollectionCards" name="test_collections_endpoint_returns_tier_pricing_disabled_flag" time="0.323" /><testcase classname="backend.tests.test_four_fixes_regression.TestTierPricingOnCollectionCards" name="test_tier_disabled_collection_prices_from_equals_min_price" time="0.163" /><testcase classname="backend.tests.test_four_fixes_regression.TestTierPricingOnCollectionCards" name="test_sale_collections_have_tier_pricing_disabled" time="0.156" /><testcase classname="backend.tests.test_four_fixes_regression.TestDiscountPercentage" name="test_sale_pricing_stores_exact_discount_percentage" time="0.499"><skipped type="pytest.skip" message="Product missing sku or supplier">/app/backend/tests/test_four_fixes_regression.py:128: Product missing sku or supplier</skipped></testcase><testcase classname="backend.tests.test_four_fixes_regression.TestDiscountPercentage" name="test_sale_pricing_clears_fields_when_disabled" time="0.807" /><testcase classname="backend.tests.test_four_fixes_regression.TestSpecificationsAPI" name="test_specifications_by_group_returns_nested_structure" time="0.127" /><testcase classname="backend.tests.test_four_fixes_regression.TestSpecificationsAPI" name="test_specifications_include_common_types" time="0.110" /><testcase classname="backend.tests.test_four_fixes_regression.TestProductGroupRouting" name="test_publish_preserves_product_group" time="1.087" /><testcase classname="backend.tests.test_four_fixes_regression.TestProductGroupRouting" name="test_migration_ran_successfully" time="0.437" /><testcase classname="backend.tests.test_four_fixes_regression.TestRegressionSalePricing" name="test_sale_toggle_clears_fields" time="0.670" /><testcase classname="backend.tests.test_four_fixes_regression.TestRegressionPublishFlow" name="test_tiles_have_tier_pricing_fields" time="0.120" /><testcase classname="backend.tests.test_four_fixes_regression.TestRegressionExistingTilePricing" name="test_standard_tiles_have_tier_discount_applied" time="0.126" /></testsuite></testsuites>