<?xml version="1.0" encoding="utf-8"?><testsuites name="pytest tests"><testsuite name="pytest" errors="0" failures="1" skipped="0" tests="9" time="4.428" timestamp="2026-04-03T23:19:37.581876+00:00" hostname="agent-env-9d6c089a-2586-4db5-84e8-a8e6fee0f6e2"><testcase classname="backend.tests.test_bulk_scope_save.TestBulkUpdateUnified" name="test_01_endpoint_exists" time="0.533" /><testcase classname="backend.tests.test_bulk_scope_save.TestBulkUpdateUnified" name="test_02_bulk_update_with_sku_id_field" time="0.591" /><testcase classname="backend.tests.test_bulk_scope_save.TestBulkUpdateUnified" name="test_03_bulk_update_with_supplier_code_id_field" time="0.590" /><testcase classname="backend.tests.test_bulk_scope_save.TestBulkUpdateUnified" name="test_04_bulk_update_multiple_products" time="0.450" /><testcase classname="backend.tests.test_bulk_scope_save.TestBulkUpdateUnified" name="test_05_bulk_update_with_fields_to_clear" time="0.494"><failure message="AssertionError: Bulk update with fields_to_clear failed: 500&#10;assert 500 == 200&#10; +  where 500 = &lt;Response [500]&gt;.status_code">backend/tests/test_bulk_scope_save.py:180: in test_05_bulk_update_with_fields_to_clear
    assert response.status_code == 200, f"Bulk update with fields_to_clear failed: {response.status_code}"
E   AssertionError: Bulk update with fields_to_clear failed: 500
E   assert 500 == 200
E    +  where 500 = &lt;Response [500]&gt;.status_code</failure></testcase><testcase classname="backend.tests.test_bulk_scope_save.TestBulkUpdateUnified" name="test_06_bulk_update_with_update_mode_append" time="0.440" /><testcase classname="backend.tests.test_bulk_scope_save.TestBulkUpdateUnified" name="test_07_bulk_update_category_assignment" time="0.437" /><testcase classname="backend.tests.test_bulk_scope_save.TestSupplierProductsAPI" name="test_01_get_supplier_products" time="0.403" /><testcase classname="backend.tests.test_bulk_scope_save.TestSupplierProductsAPI" name="test_02_products_have_id_fields" time="0.403" /></testsuite></testsuites>