<?xml version="1.0" encoding="utf-8"?><testsuites name="pytest tests"><testsuite name="pytest" errors="0" failures="0" skipped="0" tests="15" time="6.134" timestamp="2026-03-29T18:30:24.146190+00:00" hostname="agent-env-9d6c089a-2586-4db5-84e8-a8e6fee0f6e2"><testcase classname="backend.tests.test_bathroom_page.TestBathroomPagePublic" name="test_get_bathroom_page_returns_200" time="0.183" /><testcase classname="backend.tests.test_bathroom_page.TestBathroomPagePublic" name="test_get_bathroom_page_has_hero_fields" time="0.116" /><testcase classname="backend.tests.test_bathroom_page.TestBathroomPagePublic" name="test_get_bathroom_page_has_pricing_fields" time="0.127" /><testcase classname="backend.tests.test_bathroom_page.TestBathroomPagePublic" name="test_get_bathroom_page_has_features" time="0.150" /><testcase classname="backend.tests.test_bathroom_page.TestBathroomPagePublic" name="test_get_bathroom_page_has_how_to_order" time="0.138" /><testcase classname="backend.tests.test_bathroom_page.TestBathroomPagePublic" name="test_get_bathroom_page_has_trade_credit_back" time="0.137" /><testcase classname="backend.tests.test_bathroom_page.TestBathroomPagePublic" name="test_get_bathroom_page_has_review" time="0.114" /><testcase classname="backend.tests.test_bathroom_page.TestBathroomPagePublic" name="test_get_bathroom_page_has_cta" time="0.103" /><testcase classname="backend.tests.test_bathroom_page.TestBathroomPagePublic" name="test_get_bathroom_page_has_catalogue_path" time="0.126" /><testcase classname="backend.tests.test_bathroom_page.TestBathroomDownloadStats" name="test_get_download_stats_returns_200" time="0.162" /><testcase classname="backend.tests.test_bathroom_page.TestBathroomDownloadStats" name="test_get_download_stats_structure" time="0.117" /><testcase classname="backend.tests.test_bathroom_page.TestBathroomCatalogueDownload" name="test_catalogue_download_tracks_public_user" time="1.817" /><testcase classname="backend.tests.test_bathroom_page.TestBathroomCatalogueDownload" name="test_catalogue_download_tracks_trade_user" time="1.798" /><testcase classname="backend.tests.test_bathroom_page.TestBathroomPageAdmin" name="test_put_bathroom_page_updates_content" time="0.502" /><testcase classname="backend.tests.test_bathroom_page.TestBathroomPageAdmin" name="test_put_bathroom_page_preserves_arrays" time="0.470" /></testsuite></testsuites>