<?xml version="1.0" encoding="utf-8"?><testsuites name="pytest tests"><testsuite name="pytest" errors="0" failures="0" skipped="0" tests="14" time="3.248" timestamp="2026-04-16T19:00:40.425689+00:00" hostname="agent-env-9d6c089a-2586-4db5-84e8-a8e6fee0f6e2"><testcase classname="backend.tests.test_bulk_scope_feature.TestSpecificationsBulkAssignGroup" name="test_bulk_assign_spec_types_add_group" time="0.328" /><testcase classname="backend.tests.test_bulk_scope_feature.TestSpecificationsBulkAssignGroup" name="test_bulk_remove_spec_types_from_group" time="0.119" /><testcase classname="backend.tests.test_bulk_scope_feature.TestSpecificationsBulkAssignGroup" name="test_bulk_assign_spec_types_missing_type_ids" time="0.206" /><testcase classname="backend.tests.test_bulk_scope_feature.TestSpecificationsBulkAssignGroup" name="test_bulk_assign_spec_types_missing_product_group" time="0.140" /><testcase classname="backend.tests.test_bulk_scope_feature.TestSpecificationsBulkAssignGroup" name="test_bulk_assign_spec_types_empty_type_ids" time="0.135" /><testcase classname="backend.tests.test_bulk_scope_feature.TestSpecificationsBulkAssignGroup" name="test_bulk_assign_spec_types_invalid_ids_handled_gracefully" time="0.248" /><testcase classname="backend.tests.test_bulk_scope_feature.TestFiltersBulkAssignGroup" name="test_bulk_assign_filter_types_add_group" time="0.155" /><testcase classname="backend.tests.test_bulk_scope_feature.TestFiltersBulkAssignGroup" name="test_bulk_remove_filter_types_from_group" time="0.141" /><testcase classname="backend.tests.test_bulk_scope_feature.TestFiltersBulkAssignGroup" name="test_bulk_assign_filter_types_missing_type_ids" time="0.286" /><testcase classname="backend.tests.test_bulk_scope_feature.TestFiltersBulkAssignGroup" name="test_bulk_assign_filter_types_missing_product_group" time="0.269" /><testcase classname="backend.tests.test_bulk_scope_feature.TestFiltersBulkAssignGroup" name="test_bulk_assign_filter_types_empty_type_ids" time="0.170" /><testcase classname="backend.tests.test_bulk_scope_feature.TestFiltersBulkAssignGroup" name="test_bulk_assign_filter_types_invalid_ids_handled_gracefully" time="0.115" /><testcase classname="backend.tests.test_bulk_scope_feature.TestBulkAssignVerifyPersistence" name="test_bulk_assign_spec_and_verify_persistence" time="0.459" /><testcase classname="backend.tests.test_bulk_scope_feature.TestBulkAssignVerifyPersistence" name="test_bulk_assign_filter_and_verify_persistence" time="0.397" /></testsuite></testsuites>