<?xml version="1.0" encoding="utf-8"?><testsuites name="pytest tests"><testsuite name="pytest" errors="0" failures="0" skipped="0" tests="7" time="4.737" timestamp="2026-03-18T21:07:21.439700+00:00" hostname="agent-env-c9106867-9f1f-4f3b-8f2b-d85c9a9ba347"><testcase classname="tests.test_r2_image_uploads.TestHealthCheck" name="test_health_endpoint" time="0.199" /><testcase classname="tests.test_r2_image_uploads.TestUploadImageEndpoint" name="test_upload_image_returns_r2_url" time="1.571" /><testcase classname="tests.test_r2_image_uploads.TestWebsiteAdminUploadImageEndpoint" name="test_website_admin_upload_image_returns_r2_url" time="0.867" /><testcase classname="tests.test_r2_image_uploads.TestWebsiteAdminUploadBannerImageEndpoint" name="test_website_admin_upload_banner_image_returns_r2_url" time="1.127" /><testcase classname="tests.test_r2_image_uploads.TestSupplierSyncUploadProductImageEndpoint" name="test_supplier_sync_upload_product_image_returns_r2_url" time="0.688" /><testcase classname="tests.test_r2_image_uploads.TestR2Configuration" name="test_r2_is_configured" time="0.000" /><testcase classname="tests.test_r2_image_uploads.TestR2URLAccessibility" name="test_r2_cdn_accessible" time="0.205" /></testsuite></testsuites>