<?xml version="1.0" encoding="utf-8"?><testsuites name="pytest tests"><testsuite name="pytest" errors="0" failures="0" skipped="0" tests="14" time="3.678" timestamp="2026-03-30T17:25:48.779537+00:00" hostname="agent-env-9d6c089a-2586-4db5-84e8-a8e6fee0f6e2"><testcase classname="backend.tests.test_supplier_health.TestSupplierHealthEndpoint" name="test_health_check_returns_200" time="0.778" /><testcase classname="backend.tests.test_supplier_health.TestSupplierHealthEndpoint" name="test_health_check_response_structure" time="0.255" /><testcase classname="backend.tests.test_supplier_health.TestSupplierHealthEndpoint" name="test_summary_structure" time="0.273" /><testcase classname="backend.tests.test_supplier_health.TestSupplierHealthEndpoint" name="test_supplier_data_structure" time="0.196" /><testcase classname="backend.tests.test_supplier_health.TestIssueCategories" name="test_all_issue_categories_present" time="0.284" /><testcase classname="backend.tests.test_supplier_health.TestIssueCategories" name="test_issues_detail_structure" time="0.195" /><testcase classname="backend.tests.test_supplier_health.TestHealthScoreCalculation" name="test_health_score_range" time="0.221" /><testcase classname="backend.tests.test_supplier_health.TestHealthScoreCalculation" name="test_status_assignment" time="0.203" /><testcase classname="backend.tests.test_supplier_health.TestDuplicateDetection" name="test_duplicate_codes_structure" time="0.207" /><testcase classname="backend.tests.test_supplier_health.TestDuplicateDetection" name="test_duplicate_names_structure" time="0.203" /><testcase classname="backend.tests.test_supplier_health.TestNullSupplierProducts" name="test_null_supplier_count" time="0.208" /><testcase classname="backend.tests.test_supplier_health.TestSpecificSuppliers" name="test_rsa_tiles_missing_sku" time="0.265" /><testcase classname="backend.tests.test_supplier_health.TestSpecificSuppliers" name="test_thermosphere_missing_sku" time="0.189" /><testcase classname="backend.tests.test_supplier_health.TestAuthRequired" name="test_unauthenticated_request_fails" time="0.138" /></testsuite></testsuites>