<?xml version="1.0" encoding="utf-8"?><testsuites name="pytest tests"><testsuite name="pytest" errors="0" failures="0" skipped="0" tests="12" time="2.038" timestamp="2026-03-30T22:36:49.641979+00:00" hostname="agent-env-9d6c089a-2586-4db5-84e8-a8e6fee0f6e2"><testcase classname="backend.tests.test_trade_account_settings.TestTradeAccountSettings" name="test_get_trade_account_settings" time="0.802" /><testcase classname="backend.tests.test_trade_account_settings.TestTradeAccountSettings" name="test_get_trade_account_settings_has_announcement_bar" time="0.051" /><testcase classname="backend.tests.test_trade_account_settings.TestTradeAccountSettings" name="test_save_trade_account_settings" time="0.069" /><testcase classname="backend.tests.test_trade_account_settings.TestTradeAccountSettings" name="test_save_and_verify_settings_persistence" time="0.124" /><testcase classname="backend.tests.test_trade_account_settings.TestTradeAccounts" name="test_get_trade_accounts_list" time="0.056" /><testcase classname="backend.tests.test_trade_account_settings.TestTradeAccounts" name="test_get_pricing_tiers" time="0.054" /><testcase classname="backend.tests.test_trade_account_settings.TestTradeAccounts" name="test_get_trade_types" time="0.049" /><testcase classname="backend.tests.test_trade_account_settings.TestTradeAccountUpdate" name="test_update_trade_account_pricing_tier" time="0.203" /><testcase classname="backend.tests.test_trade_account_settings.TestTradeAccountUpdate" name="test_update_trade_account_status" time="0.108" /><testcase classname="backend.tests.test_trade_account_settings.TestTradeAccountUpdate" name="test_update_trade_account_custom_discount" time="0.143" /><testcase classname="backend.tests.test_trade_account_settings.TestTradeAccountUpdate" name="test_update_trade_account_multiple_fields" time="0.109" /><testcase classname="backend.tests.test_trade_account_settings.TestBenefitsBarSync" name="test_public_benefits_bar_endpoint" time="0.165" /></testsuite></testsuites>