<?xml version="1.0" encoding="utf-8"?><testsuites name="pytest tests"><testsuite name="pytest" errors="0" failures="0" skipped="0" tests="5" time="0.895" timestamp="2026-04-01T06:52:10.776214+00:00" hostname="agent-env-9d6c089a-2586-4db5-84e8-a8e6fee0f6e2"><testcase classname="backend.tests.test_bulk_category_editor.TestCategoriesAPI" name="test_categories_by_group_returns_wall_floor_tiles" time="0.142" /><testcase classname="backend.tests.test_bulk_category_editor.TestBulkUpdateUnified" name="test_bulk_update_with_wall_floor_tiles" time="0.197" /><testcase classname="backend.tests.test_bulk_category_editor.TestBulkUpdateUnified" name="test_bulk_update_with_multiple_categories" time="0.193" /><testcase classname="backend.tests.test_bulk_category_editor.TestBulkUpdateUnified" name="test_bulk_update_with_filters_and_specs" time="0.196" /><testcase classname="backend.tests.test_bulk_category_editor.TestCategorySlugConsistency" name="test_all_tile_categories_have_valid_slugs" time="0.104" /></testsuite></testsuites>