<?xml version="1.0" encoding="utf-8"?><testsuites name="pytest tests"><testsuite name="pytest" errors="0" failures="0" skipped="0" tests="8" time="3.638" timestamp="2026-04-27T18:29:45.684757+00:00" hostname="agent-env-9d6c089a-2586-4db5-84e8-a8e6fee0f6e2"><testcase classname="backend.tests.test_track_order_notes.TestPublicTrack" name="test_track_returns_order_with_history" time="0.301" /><testcase classname="backend.tests.test_track_order_notes.TestPublicTrack" name="test_track_case_insensitive" time="0.169" /><testcase classname="backend.tests.test_track_order_notes.TestPublicTrack" name="test_track_wrong_email_rejected" time="0.123" /><testcase classname="backend.tests.test_track_order_notes.TestPublicTrack" name="test_track_suggest_did_you_mean" time="0.122" /><testcase classname="backend.tests.test_track_order_notes.TestStatusUpdate" name="test_update_with_notes_persists_and_emails" time="1.405" /><testcase classname="backend.tests.test_track_order_notes.TestStatusUpdate" name="test_update_skip_notes" time="0.801" /><testcase classname="backend.tests.test_track_order_notes.TestStatusUpdate" name="test_reset_to_processing" time="0.644" /><testcase classname="backend.tests.test_track_order_notes.TestEmailDeepLink" name="test_email_template_contains_deep_link" time="0.001" /></testsuite></testsuites>