<?xml version="1.0" encoding="utf-8"?><testsuites name="pytest tests"><testsuite name="pytest" errors="0" failures="0" skipped="0" tests="9" time="7.737" timestamp="2026-03-14T02:36:21.899551+00:00" hostname="agent-env-a31d8ef5-96fe-4379-8768-b4ebf1b0d44e"><testcase classname="backend.tests.test_manage_options.TestWebsiteCategoryOptions" name="test_get_all_category_options" time="0.337" /><testcase classname="backend.tests.test_manage_options.TestWebsiteCategoryOptions" name="test_add_custom_option" time="0.856" /><testcase classname="backend.tests.test_manage_options.TestWebsiteCategoryOptions" name="test_update_rename_option" time="1.364" /><testcase classname="backend.tests.test_manage_options.TestWebsiteCategoryOptions" name="test_update_default_option" time="0.856" /><testcase classname="backend.tests.test_manage_options.TestWebsiteCategoryOptions" name="test_delete_custom_option" time="1.572" /><testcase classname="backend.tests.test_manage_options.TestWebsiteCategoryOptions" name="test_update_with_invalid_category" time="0.112" /><testcase classname="backend.tests.test_manage_options.TestWebsiteCategoryOptions" name="test_update_with_invalid_option_id" time="0.232" /><testcase classname="backend.tests.test_manage_options.TestWebsiteCategoryOptions" name="test_update_without_label" time="0.158" /><testcase classname="backend.tests.test_manage_options.TestManageOptionsE2E" name="test_full_crud_workflow" time="2.155" /></testsuite></testsuites>