<?xml version="1.0" encoding="utf-8"?><testsuites name="pytest tests"><testsuite name="pytest" errors="0" failures="0" skipped="0" tests="12" time="2.919" timestamp="2026-03-13T16:02:55.235885+00:00" hostname="agent-env-8bddc543-381d-4551-9342-26e2121a028c"><testcase classname="backend.tests.test_quote_requests.TestQuoteStatusEndpoint" name="test_quote_status_below_threshold" time="0.769" /><testcase classname="backend.tests.test_quote_requests.TestQuoteStatusEndpoint" name="test_quote_status_at_threshold" time="0.181" /><testcase classname="backend.tests.test_quote_requests.TestQuoteStatusEndpoint" name="test_quote_status_above_threshold" time="0.334" /><testcase classname="backend.tests.test_quote_requests.TestQuoteStatusEndpoint" name="test_quote_status_with_disabled_flag" time="0.168" /><testcase classname="backend.tests.test_quote_requests.TestQuoteStatusEndpoint" name="test_quote_status_with_custom_threshold" time="0.134" /><testcase classname="backend.tests.test_quote_requests.TestQuoteConfigEndpoint" name="test_get_quote_config" time="0.138" /><testcase classname="backend.tests.test_quote_requests.TestQuoteRequestSubmission" name="test_submit_quote_request_success" time="0.133" /><testcase classname="backend.tests.test_quote_requests.TestQuoteRequestSubmission" name="test_submit_quote_request_missing_required_fields" time="0.180" /><testcase classname="backend.tests.test_quote_requests.TestQuoteRequestSubmission" name="test_submit_quote_request_invalid_email" time="0.167" /><testcase classname="backend.tests.test_quote_requests.TestBulkQuoteSettings" name="test_bulk_disable_quote_for_products" time="0.152" /><testcase classname="backend.tests.test_quote_requests.TestBulkQuoteSettings" name="test_bulk_enable_quote_with_custom_threshold" time="0.192" /><testcase classname="backend.tests.test_quote_requests.TestQuoteIntegration" name="test_full_quote_flow" time="0.250" /></testsuite></testsuites>