<?xml version="1.0" encoding="utf-8"?><testsuites name="pytest tests"><testsuite name="pytest" errors="0" failures="0" skipped="0" tests="9" time="1.930" timestamp="2026-04-11T20:01:15.442049+00:00" hostname="agent-env-9d6c089a-2586-4db5-84e8-a8e6fee0f6e2"><testcase classname="backend.tests.test_bulk_description_collection_settings.TestCollectionSettingsAPI" name="test_put_collection_settings_saves_custom_description" time="0.250" /><testcase classname="backend.tests.test_bulk_description_collection_settings.TestCollectionSettingsAPI" name="test_get_collection_settings_returns_custom_description" time="0.109" /><testcase classname="backend.tests.test_bulk_description_collection_settings.TestCollectionSettingsAPI" name="test_get_collection_settings_not_found" time="0.116" /><testcase classname="backend.tests.test_bulk_description_collection_settings.TestStorefrontCollectionAPI" name="test_storefront_collection_returns_custom_description" time="0.114" /><testcase classname="backend.tests.test_bulk_description_collection_settings.TestStorefrontCollectionAPI" name="test_storefront_collection_empty_custom_description_for_no_settings" time="0.153" /><testcase classname="backend.tests.test_bulk_description_collection_settings.TestEndToEndDescriptionFlow" name="test_e2e_save_and_retrieve_custom_description" time="0.362" /><testcase classname="backend.tests.test_bulk_description_collection_settings.TestBulkDescriptionAPI" name="test_bulk_description_endpoint_exists" time="0.154" /><testcase classname="backend.tests.test_bulk_description_collection_settings.TestCollectionSettingsUpdate" name="test_update_multiple_fields" time="0.259" /><testcase classname="backend.tests.test_bulk_description_collection_settings.TestCollectionSettingsUpdate" name="test_update_only_description_preserves_other_fields" time="0.348" /></testsuite></testsuites>