<?xml version="1.0" encoding="utf-8"?><testsuites name="pytest tests"><testsuite name="pytest" errors="0" failures="0" skipped="0" tests="4" time="3.267" timestamp="2026-04-03T22:27:02.889650+00:00" hostname="agent-env-9d6c089a-2586-4db5-84e8-a8e6fee0f6e2"><testcase classname="backend.tests.test_collection_description.TestCollectionDescription" name="test_get_collections_returns_custom_description_field" time="0.701" /><testcase classname="backend.tests.test_collection_description.TestCollectionDescription" name="test_put_collection_saves_custom_description" time="0.729" /><testcase classname="backend.tests.test_collection_description.TestCollectionDescription" name="test_clear_custom_description" time="0.886" /><testcase classname="backend.tests.test_collection_description.TestCollectionDescription" name="test_custom_description_does_not_affect_other_fields" time="0.892" /></testsuite></testsuites>