<?xml version="1.0" encoding="utf-8"?><testsuites name="pytest tests"><testsuite name="pytest" errors="0" failures="0" skipped="0" tests="6" time="2.443" timestamp="2026-03-28T11:52:11.737755+00:00" hostname="agent-env-9d6c089a-2586-4db5-84e8-a8e6fee0f6e2"><testcase classname="backend.tests.test_footer_settings.TestFooterSettingsAPI" name="test_get_footer_settings_returns_200" time="0.390" /><testcase classname="backend.tests.test_footer_settings.TestFooterSettingsAPI" name="test_get_footer_settings_initially_empty_or_has_data" time="0.388" /><testcase classname="backend.tests.test_footer_settings.TestFooterSettingsAPI" name="test_post_footer_settings_saves_data" time="0.361" /><testcase classname="backend.tests.test_footer_settings.TestFooterSettingsAPI" name="test_get_footer_settings_returns_saved_data" time="0.417" /><testcase classname="backend.tests.test_footer_settings.TestFooterSettingsAPI" name="test_footer_settings_public_access" time="0.415" /><testcase classname="backend.tests.test_footer_settings.TestFooterSettingsAPI" name="test_post_footer_settings_with_all_fields" time="0.413" /></testsuite></testsuites>