<?xml version="1.0" encoding="utf-8"?><testsuites name="pytest tests"><testsuite name="pytest" errors="0" failures="2" skipped="0" tests="9" time="1.808" timestamp="2026-04-02T10:54:57.511739+00:00" hostname="agent-env-9d6c089a-2586-4db5-84e8-a8e6fee0f6e2"><testcase classname="tests.test_bulk_category_scope.TestSupplierProductsAPI" name="test_get_products_returns_category_fields" time="0.308" /><testcase classname="tests.test_bulk_category_scope.TestSupplierProductsAPI" name="test_get_products_with_sub_categories" time="0.125" /><testcase classname="tests.test_bulk_category_scope.TestSupplierProductsAPI" name="test_get_products_with_filter_fields" time="0.145" /><testcase classname="tests.test_bulk_category_scope.TestBulkUpdateUnifiedAPI" name="test_bulk_update_unified_endpoint_exists" time="0.104" /><testcase classname="tests.test_bulk_category_scope.TestBulkUpdateUnifiedAPI" name="test_bulk_update_requires_product_ids" time="0.140" /><testcase classname="tests.test_bulk_category_scope.TestBulkUpdateUnifiedAPI" name="test_bulk_update_requires_updates" time="0.091" /><testcase classname="tests.test_bulk_category_scope.TestBulkUpdateUnifiedAPI" name="test_bulk_update_with_scoped_categories" time="0.257" /><testcase classname="tests.test_bulk_category_scope.TestCategoriesAPI" name="test_get_categories_by_group" time="0.340"><failure message="AssertionError: Categories endpoint should exist: 403&#10;assert 403 == 200&#10; +  where 403 = &lt;Response [403]&gt;.status_code">tests/test_bulk_category_scope.py:155: in test_get_categories_by_group
    assert response.status_code == 200, f"Categories endpoint should exist: {response.status_code}"
E   AssertionError: Categories endpoint should exist: 403
E   assert 403 == 200
E    +  where 403 = &lt;Response [403]&gt;.status_code</failure></testcase><testcase classname="tests.test_bulk_category_scope.TestFiltersAPI" name="test_get_filters" time="0.212"><failure message="AssertionError: Filters endpoint should exist: 404&#10;assert 404 == 200&#10; +  where 404 = &lt;Response [404]&gt;.status_code">tests/test_bulk_category_scope.py:174: in test_get_filters
    assert response.status_code == 200, f"Filters endpoint should exist: {response.status_code}"
E   AssertionError: Filters endpoint should exist: 404
E   assert 404 == 200
E    +  where 404 = &lt;Response [404]&gt;.status_code</failure></testcase></testsuite></testsuites>