<?xml version="1.0" encoding="utf-8"?><testsuites name="pytest tests"><testsuite name="pytest" errors="0" failures="0" skipped="0" tests="18" time="2.710" timestamp="2026-03-28T14:26:38.059791+00:00" hostname="agent-env-9d6c089a-2586-4db5-84e8-a8e6fee0f6e2"><testcase classname="backend.tests.test_sitemap_manager.TestSitemapEndpoint" name="test_sitemap_returns_200" time="0.139" /><testcase classname="backend.tests.test_sitemap_manager.TestSitemapEndpoint" name="test_sitemap_returns_pages_array" time="0.142" /><testcase classname="backend.tests.test_sitemap_manager.TestSitemapEndpoint" name="test_sitemap_returns_summary" time="0.119" /><testcase classname="backend.tests.test_sitemap_manager.TestSitemapEndpoint" name="test_sitemap_summary_matches_actual_counts" time="0.123" /><testcase classname="backend.tests.test_sitemap_manager.TestSitemapEndpoint" name="test_sitemap_page_structure" time="0.122" /><testcase classname="backend.tests.test_sitemap_manager.TestSitemapEndpoint" name="test_sitemap_has_shop_pages" time="0.152" /><testcase classname="backend.tests.test_sitemap_manager.TestSitemapEndpoint" name="test_sitemap_has_collections" time="0.126" /><testcase classname="backend.tests.test_sitemap_manager.TestSitemapEndpoint" name="test_sitemap_has_products" time="0.123" /><testcase classname="backend.tests.test_sitemap_manager.TestSitemapEndpoint" name="test_sitemap_has_info_pages" time="0.119" /><testcase classname="backend.tests.test_sitemap_manager.TestSitemapEndpoint" name="test_sitemap_has_categories" time="0.112" /><testcase classname="backend.tests.test_sitemap_manager.TestSitemapEndpoint" name="test_sitemap_linked_from_references" time="0.116" /><testcase classname="backend.tests.test_sitemap_manager.TestSitemapEndpoint" name="test_sitemap_homepage_categories_badge" time="0.120" /><testcase classname="backend.tests.test_sitemap_manager.TestSitemapEndpoint" name="test_sitemap_total_products_count" time="0.121" /><testcase classname="backend.tests.test_sitemap_manager.TestSitemapEndpoint" name="test_sitemap_total_collections_count" time="0.125" /><testcase classname="backend.tests.test_sitemap_manager.TestNavigationItemEndpoint" name="test_add_to_main_nav_works" time="0.120" /><testcase classname="backend.tests.test_sitemap_manager.TestNavigationItemEndpoint" name="test_add_to_main_nav_with_auth" time="0.428" /><testcase classname="backend.tests.test_sitemap_manager.TestFooterSettingsEndpoint" name="test_get_footer_settings_public" time="0.103" /><testcase classname="backend.tests.test_sitemap_manager.TestFooterSettingsEndpoint" name="test_save_footer_settings_works" time="0.224" /></testsuite></testsuites>