<?xml version="1.0" encoding="utf-8"?><testsuites name="pytest tests"><testsuite name="pytest" errors="0" failures="0" skipped="0" tests="14" time="3.988" timestamp="2026-03-28T19:27:13.597704+00:00" hostname="agent-env-9d6c089a-2586-4db5-84e8-a8e6fee0f6e2"><testcase classname="backend.tests.test_production_bugfixes.TestCollectionOrganizerAssignFixes" name="test_assign_updates_supplier_products" time="0.501" /><testcase classname="backend.tests.test_production_bugfixes.TestCollectionOrganizerAssignFixes" name="test_assign_updates_tiles_collection" time="0.323" /><testcase classname="backend.tests.test_production_bugfixes.TestCollectionOrganizerAssignFixes" name="test_category_query_returns_assigned_products" time="0.980" /><testcase classname="backend.tests.test_production_bugfixes.TestCollectionOrganizerAssignFixes" name="test_unassign_updates_tiles_collection" time="0.478" /><testcase classname="backend.tests.test_production_bugfixes.TestCollectionOrganizerAssignFixes" name="test_bulk_assign_updates_tiles_collection" time="0.368" /><testcase classname="backend.tests.test_production_bugfixes.TestCategoryQueryFix" name="test_category_query_structure" time="0.113" /><testcase classname="backend.tests.test_production_bugfixes.TestCategoryQueryFix" name="test_category_query_with_wall_tiles" time="0.108" /><testcase classname="backend.tests.test_production_bugfixes.TestCategoryQueryFix" name="test_category_query_without_category" time="0.128" /><testcase classname="backend.tests.test_production_bugfixes.TestTileDetailRoute" name="test_tile_detail_api_exists" time="0.225" /><testcase classname="backend.tests.test_production_bugfixes.TestTileDetailRoute" name="test_tile_detail_with_known_slug" time="0.116" /><testcase classname="backend.tests.test_production_bugfixes.TestAssignWithTilesOnlyProducts" name="test_assign_with_leporce_tiles" time="0.102" /><testcase classname="backend.tests.test_production_bugfixes.TestTileMatchingLogic" name="test_assign_uses_broad_matching" time="0.126" /><testcase classname="backend.tests.test_production_bugfixes.TestSeriesEndpointRelevantGroups" name="test_series_returns_relevant_groups" time="0.125" /><testcase classname="backend.tests.test_production_bugfixes.TestSeriesEndpointRelevantGroups" name="test_series_returns_ungrouped_count" time="0.218" /></testsuite></testsuites>