<?xml version="1.0" encoding="utf-8"?><testsuites name="pytest tests"><testsuite name="pytest" errors="0" failures="0" skipped="0" tests="12" time="4.308" timestamp="2026-03-30T13:15:04.624366+00:00" hostname="agent-env-9d6c089a-2586-4db5-84e8-a8e6fee0f6e2"><testcase classname="backend.tests.test_sku_null_bugfixes.TestSetup" name="test_health_check" time="0.150" /><testcase classname="backend.tests.test_sku_null_bugfixes.TestRSATilesProducts" name="test_rsa_tiles_products_have_null_sku" time="0.128" /><testcase classname="backend.tests.test_sku_null_bugfixes.TestRSATilesProducts" name="test_quick_edit_save_rsa_tiles_by_id" time="0.865" /><testcase classname="backend.tests.test_sku_null_bugfixes.TestRSATilesProducts" name="test_add_to_database_rsa_tiles_by_product_id" time="0.131" /><testcase classname="backend.tests.test_sku_null_bugfixes.TestThermoSphereProducts" name="test_thermosphere_products_have_null_sku" time="0.186" /><testcase classname="backend.tests.test_sku_null_bugfixes.TestThermoSphereProducts" name="test_quick_edit_save_thermosphere_by_id" time="0.845" /><testcase classname="backend.tests.test_sku_null_bugfixes.TestThermoSphereProducts" name="test_add_to_database_thermosphere_by_product_id" time="0.109" /><testcase classname="backend.tests.test_sku_null_bugfixes.TestBulkOperationsWithoutSku" name="test_bulk_pricing_unit_update_without_sku" time="0.710" /><testcase classname="backend.tests.test_sku_null_bugfixes.TestProductKeyUniqueness" name="test_rsa_tiles_products_have_unique_keys" time="0.123" /><testcase classname="backend.tests.test_sku_null_bugfixes.TestProductKeyUniqueness" name="test_thermosphere_products_have_unique_keys" time="0.138" /><testcase classname="backend.tests.test_sku_null_bugfixes.TestBuildProductQueryHelper" name="test_quick_update_finds_product_by_supplier_code" time="0.574" /><testcase classname="backend.tests.test_sku_null_bugfixes.TestBuildProductQueryHelper" name="test_add_to_database_finds_product_by_supplier_code" time="0.260" /></testsuite></testsuites>