<?xml version="1.0" encoding="utf-8"?><testsuites name="pytest tests"><testsuite name="pytest" errors="0" failures="0" skipped="0" tests="12" time="2.752" timestamp="2026-03-22T17:42:47.830966+00:00" hostname="agent-env-0e315915-4785-419e-a715-a4819c8d1258"><testcase classname="backend.tests.test_collection_detail_settings.TestCollectionDetailSettingsAPI" name="test_get_settings_public_no_auth" time="0.306" /><testcase classname="backend.tests.test_collection_detail_settings.TestCollectionDetailSettingsAPI" name="test_get_settings_returns_empty_by_default" time="0.115" /><testcase classname="backend.tests.test_collection_detail_settings.TestCollectionDetailSettingsAPI" name="test_post_settings_requires_no_auth_check" time="0.449" /><testcase classname="backend.tests.test_collection_detail_settings.TestCollectionDetailSettingsAPI" name="test_save_and_retrieve_trust_badges_disabled" time="0.242" /><testcase classname="backend.tests.test_collection_detail_settings.TestCollectionDetailSettingsAPI" name="test_save_and_retrieve_delivery_estimate_disabled" time="0.242" /><testcase classname="backend.tests.test_collection_detail_settings.TestCollectionDetailSettingsAPI" name="test_save_and_retrieve_share_buttons_disabled" time="0.226" /><testcase classname="backend.tests.test_collection_detail_settings.TestCollectionDetailSettingsAPI" name="test_save_and_retrieve_accordion_sections_disabled" time="0.208" /><testcase classname="backend.tests.test_collection_detail_settings.TestCollectionDetailSettingsAPI" name="test_save_and_retrieve_sticky_mobile_cart_disabled" time="0.214" /><testcase classname="backend.tests.test_collection_detail_settings.TestCollectionDetailSettingsAPI" name="test_save_and_retrieve_frequently_bought_together_disabled" time="0.224" /><testcase classname="backend.tests.test_collection_detail_settings.TestCollectionDetailSettingsAPI" name="test_save_complete_settings_object" time="0.240" /><testcase classname="backend.tests.test_collection_detail_settings.TestCollectionPageLoads" name="test_collection_api_returns_products" time="0.105" /><testcase classname="backend.tests.test_collection_detail_settings.TestCollectionPageLoads" name="test_settings_endpoint_accessible_from_frontend" time="0.103" /></testsuite></testsuites>