<?xml version="1.0" encoding="utf-8"?><testsuites name="pytest tests"><testsuite name="pytest" errors="0" failures="0" skipped="0" tests="7" time="1.231" timestamp="2026-03-28T03:41:16.683109+00:00" hostname="agent-env-9d6c089a-2586-4db5-84e8-a8e6fee0f6e2"><testcase classname="backend.tests.test_credit_back_badges.TestCreditBackRateAPIs" name="test_collections_endpoint_returns_credit_back_rate" time="0.181" /><testcase classname="backend.tests.test_credit_back_badges.TestCreditBackRateAPIs" name="test_collection_detail_endpoint_returns_credit_back_rate" time="0.233" /><testcase classname="backend.tests.test_credit_back_badges.TestCreditBackRateAPIs" name="test_tier_pricing_endpoint_returns_credit_back_rate" time="0.266" /><testcase classname="backend.tests.test_credit_back_badges.TestCreditBackRateAPIs" name="test_credit_back_rate_default_value" time="0.115" /><testcase classname="backend.tests.test_credit_back_badges.TestCreditBackRatesCartEndpoint" name="test_credit_back_rates_endpoint" time="0.255" /><testcase classname="backend.tests.test_credit_back_badges.TestSavedVsRetailCalculation" name="test_saved_vs_retail_formula" time="0.000" /><testcase classname="backend.tests.test_credit_back_badges.TestStoresEndpoint" name="test_stores_endpoint_returns_stores" time="0.121" /></testsuite></testsuites>