<?xml version="1.0" encoding="utf-8"?><testsuites name="pytest tests"><testsuite name="pytest" errors="0" failures="0" skipped="0" tests="17" time="3.725" timestamp="2026-03-28T17:59:44.588701+00:00" hostname="agent-env-9d6c089a-2586-4db5-84e8-a8e6fee0f6e2"><testcase classname="backend.tests.test_collection_organizer.TestCollectionOrganizerSuppliers" name="test_get_suppliers_returns_list" time="0.251" /><testcase classname="backend.tests.test_collection_organizer.TestCollectionOrganizerSuppliers" name="test_suppliers_sorted_by_product_count" time="0.134" /><testcase classname="backend.tests.test_collection_organizer.TestCollectionOrganizerSuppliers" name="test_plus39_supplier_has_series" time="0.116" /><testcase classname="backend.tests.test_collection_organizer.TestCollectionOrganizerSeries" name="test_get_series_for_supplier" time="0.124" /><testcase classname="backend.tests.test_collection_organizer.TestCollectionOrganizerSeries" name="test_series_structure" time="0.108" /><testcase classname="backend.tests.test_collection_organizer.TestCollectionOrganizerSeries" name="test_series_includes_known_series" time="0.124" /><testcase classname="backend.tests.test_collection_organizer.TestCollectionOrganizerCategoryTree" name="test_get_category_tree" time="0.142" /><testcase classname="backend.tests.test_collection_organizer.TestCollectionOrganizerCategoryTree" name="test_category_group_structure" time="0.119" /><testcase classname="backend.tests.test_collection_organizer.TestCollectionOrganizerCategoryTree" name="test_tiles_group_exists" time="0.114" /><testcase classname="backend.tests.test_collection_organizer.TestCollectionOrganizerCategoryTree" name="test_expected_groups_exist" time="0.163" /><testcase classname="backend.tests.test_collection_organizer.TestCollectionOrganizerAssign" name="test_assign_series_to_category" time="0.228" /><testcase classname="backend.tests.test_collection_organizer.TestCollectionOrganizerAssign" name="test_assign_requires_all_fields" time="0.120" /><testcase classname="backend.tests.test_collection_organizer.TestCollectionOrganizerAssign" name="test_assign_nonexistent_series_returns_404" time="0.099" /><testcase classname="backend.tests.test_collection_organizer.TestCollectionOrganizerUnassign" name="test_unassign_sub_category" time="0.326" /><testcase classname="backend.tests.test_collection_organizer.TestCollectionOrganizerUnassign" name="test_unassign_entire_category" time="0.398" /><testcase classname="backend.tests.test_collection_organizer.TestCollectionOrganizerUnassign" name="test_unassign_requires_supplier_and_series" time="0.105" /><testcase classname="backend.tests.test_collection_organizer.TestCollectionOrganizerIntegration" name="test_full_assign_unassign_workflow" time="0.957" /></testsuite></testsuites>