<?xml version="1.0" encoding="utf-8"?><testsuites name="pytest tests"><testsuite name="pytest" errors="0" failures="0" skipped="0" tests="10" time="2.970" timestamp="2026-04-02T13:14:29.867529+00:00" hostname="agent-env-9d6c089a-2586-4db5-84e8-a8e6fee0f6e2"><testcase classname="tests.test_fields_to_clear.TestFieldsToClear" name="test_endpoint_accepts_fields_to_clear_parameter" time="0.290" /><testcase classname="tests.test_fields_to_clear.TestFieldsToClear" name="test_scalar_field_clearing_with_unset" time="0.402" /><testcase classname="tests.test_fields_to_clear.TestFieldsToClear" name="test_array_field_clearing_with_pull" time="0.313" /><testcase classname="tests.test_fields_to_clear.TestFieldsToClear" name="test_combined_updates_and_fields_to_clear" time="0.317" /><testcase classname="tests.test_fields_to_clear.TestFieldsToClear" name="test_fields_to_clear_only_with_empty_updates" time="0.210" /><testcase classname="tests.test_fields_to_clear.TestFieldsToClear" name="test_attributes_mirror_fields_cleared" time="0.350" /><testcase classname="tests.test_fields_to_clear.TestFieldsToClear" name="test_multiple_array_fields_clearing" time="0.259" /><testcase classname="tests.test_fields_to_clear.TestFieldsToClear" name="test_error_when_no_updates_and_no_fields_to_clear" time="0.182" /><testcase classname="tests.test_fields_to_clear.TestBulkUpdateUnifiedBasics" name="test_bulk_update_unified_endpoint_exists" time="0.320" /><testcase classname="tests.test_fields_to_clear.TestBulkUpdateUnifiedBasics" name="test_bulk_update_with_supplier_code_id_field" time="0.269" /></testsuite></testsuites>