<?xml version="1.0" encoding="utf-8"?><testsuites name="pytest tests"><testsuite name="pytest" errors="0" failures="0" skipped="0" tests="12" time="7.811" timestamp="2026-03-13T15:17:25.582263+00:00" hostname="agent-env-8bddc543-381d-4551-9342-26e2121a028c"><testcase classname="tests.test_tier_pricing_disable.TestTierPricingDisableFeature" name="test_01_get_tier_pricing_config_global" time="0.463" /><testcase classname="tests.test_tier_pricing_disable.TestTierPricingDisableFeature" name="test_02_get_product_exists" time="0.423" /><testcase classname="tests.test_tier_pricing_disable.TestTierPricingDisableFeature" name="test_03_tier_pricing_enabled_initially" time="1.054" /><testcase classname="tests.test_tier_pricing_disable.TestTierPricingDisableFeature" name="test_04_disable_tier_pricing_via_api" time="0.475" /><testcase classname="tests.test_tier_pricing_disable.TestTierPricingDisableFeature" name="test_05_verify_disabled_in_calculate_endpoint" time="1.045" /><testcase classname="tests.test_tier_pricing_disable.TestTierPricingDisableFeature" name="test_06_verify_disabled_in_tier_pricing_endpoint" time="1.347" /><testcase classname="tests.test_tier_pricing_disable.TestTierPricingDisableFeature" name="test_07_reenable_tier_pricing" time="0.919" /><testcase classname="tests.test_tier_pricing_disable.TestTierPricingDisableFeature" name="test_08_verify_enabled_after_reenable" time="0.988" /><testcase classname="tests.test_tier_pricing_disable.TestTierPricingDisableFeature" name="test_09_product_without_sku_uses_global_tiers" time="0.390" /><testcase classname="tests.test_tier_pricing_disable.TestTierPricingDisableFeature" name="test_10_bulk_update_with_custom_tiers" time="0.357" /><testcase classname="tests.test_tier_pricing_disable.TestTierPricingShopPageIntegration" name="test_shop_detail_page_product_exists" time="0.144" /><testcase classname="tests.test_tier_pricing_disable.TestTierPricingShopPageIntegration" name="test_tier_pricing_endpoint_for_shop_display" time="0.121" /></testsuite></testsuites>