<?xml version="1.0" encoding="utf-8"?><testsuites name="pytest tests"><testsuite name="pytest" errors="0" failures="0" skipped="0" tests="18" time="30.996" timestamp="2026-05-03T17:42:24.864403+00:00" hostname="agent-env-106fdafc-599e-4456-9a93-aa5c0164bea0"><testcase classname="backend.tests.backend_test.TestHealth" name="test_root" time="0.145" /><testcase classname="backend.tests.backend_test.TestSeed" name="test_recipes_seeded_and_halal" time="0.056" /><testcase classname="backend.tests.backend_test.TestSeed" name="test_recipes_filter_cuisine" time="0.043" /><testcase classname="backend.tests.backend_test.TestSeed" name="test_recipes_filter_meal_type" time="0.050" /><testcase classname="backend.tests.backend_test.TestSeed" name="test_quotes_seeded" time="0.048" /><testcase classname="backend.tests.backend_test.TestSeed" name="test_podcasts_seeded" time="0.042" /><testcase classname="backend.tests.backend_test.TestSeed" name="test_meditations_seeded" time="0.048" /><testcase classname="backend.tests.backend_test.TestSeed" name="test_affirmations_seeded" time="0.045" /><testcase classname="backend.tests.backend_test.TestWorkouts" name="test_full_crud" time="0.274" /><testcase classname="backend.tests.backend_test.TestWorkouts" name="test_workout_logs" time="0.213" /><testcase classname="backend.tests.backend_test.TestRecipeCustom" name="test_create_and_delete" time="0.180" /><testcase classname="backend.tests.backend_test.TestJournal" name="test_crud" time="0.142" /><testcase classname="backend.tests.backend_test.TestEvents" name="test_crud" time="0.217" /><testcase classname="backend.tests.backend_test.TestLifeGoals" name="test_crud" time="0.196" /><testcase classname="backend.tests.backend_test.TestAI" name="test_motivation" time="7.740" /><testcase classname="backend.tests.backend_test.TestAI" name="test_reflect" time="6.283" /><testcase classname="backend.tests.backend_test.TestAI" name="test_meal_suggestion" time="6.492" /><testcase classname="backend.tests.backend_test.TestAI" name="test_workout_suggestion" time="8.687" /></testsuite></testsuites>