<?xml version="1.0" encoding="utf-8"?><testsuites name="pytest tests"><testsuite name="pytest" errors="0" failures="0" skipped="0" tests="10" time="9.013" timestamp="2026-04-11T20:46:00.701941+00:00" hostname="agent-env-9d6c089a-2586-4db5-84e8-a8e6fee0f6e2"><testcase classname="backend.tests.test_scoped_bulk_save_fields.TestBulkUpdateUnifiedAllFields" name="test_bulk_update_spec_fields" time="1.189" /><testcase classname="backend.tests.test_scoped_bulk_save_fields.TestBulkUpdateUnifiedAllFields" name="test_bulk_update_filter_fields" time="0.963" /><testcase classname="backend.tests.test_scoped_bulk_save_fields.TestBulkUpdateUnifiedAllFields" name="test_bulk_update_array_fields" time="0.878" /><testcase classname="backend.tests.test_scoped_bulk_save_fields.TestBulkUpdateUnifiedAllFields" name="test_bulk_update_category_fields" time="0.888" /><testcase classname="backend.tests.test_scoped_bulk_save_fields.TestBulkUpdateUnifiedAllFields" name="test_bulk_update_all_16_fields_together" time="1.060" /><testcase classname="backend.tests.test_scoped_bulk_save_fields.TestBulkUpdateUnifiedAllFields" name="test_bulk_update_does_not_clear_existing_fields" time="1.608" /><testcase classname="backend.tests.test_scoped_bulk_save_fields.TestBulkUpdateUnifiedAllFields" name="test_bulk_update_multiple_products_different_values" time="1.327" /><testcase classname="backend.tests.test_scoped_bulk_save_fields.TestTilesCollectionSync" name="test_tiles_collection_updated_on_bulk_update" time="0.408" /><testcase classname="backend.tests.test_scoped_bulk_save_fields.TestExistingProductsUpdate" name="test_update_existing_product_d11197" time="0.293" /><testcase classname="backend.tests.test_scoped_bulk_save_fields.TestExistingProductsUpdate" name="test_update_existing_product_800853" time="0.309" /></testsuite></testsuites>