<?xml version="1.0" encoding="utf-8"?><testsuites name="pytest tests"><testsuite name="pytest" errors="0" failures="0" skipped="1" tests="9" time="6.995" timestamp="2026-04-09T20:27:49.590332+00:00" hostname="agent-env-9d6c089a-2586-4db5-84e8-a8e6fee0f6e2"><testcase classname="tests.test_auto_publish_categories.TestAutoPublishCategories" name="test_api_health" time="0.679" /><testcase classname="tests.test_auto_publish_categories.TestAutoPublishCategories" name="test_bulk_update_unified_endpoint_exists" time="0.523" /><testcase classname="tests.test_auto_publish_categories.TestAutoPublishCategories" name="test_auto_publish_when_categories_assigned" time="1.147" /><testcase classname="tests.test_auto_publish_categories.TestAutoPublishCategories" name="test_no_auto_publish_for_existing_tiles_products" time="0.568" /><testcase classname="tests.test_auto_publish_categories.TestAutoPublishCategories" name="test_no_auto_publish_without_categories" time="0.643" /><testcase classname="tests.test_auto_publish_categories.TestAutoPublishCategories" name="test_auto_published_product_has_required_fields" time="1.171" /><testcase classname="tests.test_auto_publish_categories.TestAutoPublishCategories" name="test_auto_published_products_appear_in_category_query" time="1.156" /><testcase classname="tests.test_auto_publish_categories.TestExistingProductAutoPublish" name="test_supplier_code_based_product" time="0.451"><skipped type="pytest.skip" message="Test product not found">/app/backend/tests/test_auto_publish_categories.py:494: Test product not found</skipped></testcase><testcase classname="tests.test_auto_publish_categories.TestBulkUpdateResponse" name="test_response_contains_auto_published_field" time="0.590" /></testsuite></testsuites>