<?xml version="1.0" encoding="utf-8"?><testsuites name="pytest tests"><testsuite name="pytest" errors="0" failures="0" skipped="0" tests="6" time="1.907" timestamp="2026-04-26T23:03:38.345924+00:00" hostname="agent-env-9d6c089a-2586-4db5-84e8-a8e6fee0f6e2"><testcase classname="backend.tests.test_cart_save_banner.TestStorefrontFeaturesPublic" name="test_public_returns_cart_save_banner_flag" time="0.151" /><testcase classname="backend.tests.test_cart_save_banner.TestStorefrontFeaturesPublic" name="test_admin_toggle_reflects_on_public" time="0.571" /><testcase classname="backend.tests.test_cart_save_banner.TestWelcomePopupPublic" name="test_public_returns_coupon_fields" time="0.054" /><testcase classname="backend.tests.test_cart_save_banner.TestWelcomePopupEmailCapture" name="test_post_email_captures_lead_and_mints_welcome_code" time="0.381" /><testcase classname="backend.tests.test_cart_save_banner.TestWelcomePopupEmailCapture" name="test_missing_email_returns_400" time="0.055" /><testcase classname="backend.tests.test_cart_save_banner.TestWelcomePopupEmailCapture" name="test_idempotent_same_email_does_not_create_second_lead" time="0.550" /></testsuite></testsuites>