<?xml version="1.0" encoding="utf-8"?><testsuites name="pytest tests"><testsuite name="pytest" errors="0" failures="0" skipped="0" tests="14" time="2.336" timestamp="2026-03-18T14:54:47.870327+00:00" hostname="agent-env-a99b6bbf-bafa-4cf3-b1f1-e54908a31996"><testcase classname="backend.tests.test_unified_product_options.TestBulkEditorOptionsAPI" name="test_get_bulk_editor_options_success" time="0.189" /><testcase classname="backend.tests.test_unified_product_options.TestBulkEditorOptionsAPI" name="test_bulk_editor_options_structure" time="0.144" /><testcase classname="backend.tests.test_unified_product_options.TestCategoryGroupsAPI" name="test_get_category_groups_success" time="0.156" /><testcase classname="backend.tests.test_unified_product_options.TestCategoryGroupsAPI" name="test_category_group_structure" time="0.118" /><testcase classname="backend.tests.test_unified_product_options.TestFilterTypesAPI" name="test_get_filter_types_success" time="0.168" /><testcase classname="backend.tests.test_unified_product_options.TestFilterTypesAPI" name="test_filter_types_have_visibility_flags" time="0.179" /><testcase classname="backend.tests.test_unified_product_options.TestFilterValueDeleteAPI" name="test_delete_value_endpoint_exists" time="0.115" /><testcase classname="backend.tests.test_unified_product_options.TestFilterValueDeleteAPI" name="test_delete_value_by_slug_workflow" time="0.122" /><testcase classname="backend.tests.test_unified_product_options.TestWebsiteCategoryOptionsAPI" name="test_get_legacy_options_success" time="0.189" /><testcase classname="backend.tests.test_unified_product_options.TestWebsiteCategoryOptionsAPI" name="test_legacy_and_unified_options_sync" time="0.272" /><testcase classname="backend.tests.test_unified_product_options.TestAddOptionSync" name="test_add_option_to_legacy_system" time="0.248" /><testcase classname="backend.tests.test_unified_product_options.TestAddOptionSync" name="test_add_filter_value_api" time="0.122" /><testcase classname="backend.tests.test_unified_product_options.TestProductGroupFiltering" name="test_category_groups_have_category_count" time="0.106" /><testcase classname="backend.tests.test_unified_product_options.TestProductGroupFiltering" name="test_categories_have_group_slug" time="0.123" /></testsuite></testsuites>