<?xml version="1.0" encoding="utf-8"?><testsuites name="pytest tests"><testsuite name="pytest" errors="0" failures="0" skipped="0" tests="8" time="5.375" timestamp="2026-03-31T12:58:18.667248+00:00" hostname="agent-env-9d6c089a-2586-4db5-84e8-a8e6fee0f6e2"><testcase classname="backend.tests.test_materials_bulk_update.TestMaterialsBulkUpdate" name="test_add_materials_array" time="0.707" /><testcase classname="backend.tests.test_materials_bulk_update.TestMaterialsBulkUpdate" name="test_remove_materials_array" time="0.625" /><testcase classname="backend.tests.test_materials_bulk_update.TestMaterialsBulkUpdate" name="test_toggle_single_material" time="0.729" /><testcase classname="backend.tests.test_materials_bulk_update.TestMaterialsBulkUpdate" name="test_materials_with_other_arrays" time="0.578" /><testcase classname="backend.tests.test_materials_bulk_update.TestMaterialsBulkUpdate" name="test_materials_append_mode" time="0.662" /><testcase classname="backend.tests.test_materials_bulk_update.TestMaterialsBulkUpdate" name="test_materials_field_in_api_response" time="0.510" /><testcase classname="backend.tests.test_materials_bulk_update.TestBulkUpdateUnifiedArrayFields" name="test_all_array_fields_recognized" time="0.802" /><testcase classname="backend.tests.test_materials_bulk_update.TestBulkUpdateUnifiedArrayFields" name="test_clear_all_array_fields" time="0.684" /></testsuite></testsuites>