<?xml version="1.0" encoding="utf-8"?><testsuites name="pytest tests"><testsuite name="pytest" errors="0" failures="0" skipped="0" tests="16" time="3.343" timestamp="2026-03-24T00:07:22.255724+00:00" hostname="agent-env-8368a08e-324d-4de4-a159-19fc83b7c8d6"><testcase classname="backend.tests.test_checkout_system.TestAdminLogin" name="test_admin_login_success" time="0.536" /><testcase classname="backend.tests.test_checkout_system.TestCheckoutSettingsAPI" name="test_get_checkout_settings_admin" time="0.472" /><testcase classname="backend.tests.test_checkout_system.TestCheckoutSettingsAPI" name="test_get_public_checkout_settings" time="0.129" /><testcase classname="backend.tests.test_checkout_system.TestCheckoutSettingsAPI" name="test_save_checkout_settings" time="0.607" /><testcase classname="backend.tests.test_checkout_system.TestDeliveryFeeCalculation" name="test_tn_postcode_delivery_fee" time="0.109" /><testcase classname="backend.tests.test_checkout_system.TestDeliveryFeeCalculation" name="test_se_postcode_delivery_fee" time="0.099" /><testcase classname="backend.tests.test_checkout_system.TestDeliveryFeeCalculation" name="test_unknown_postcode_default_fee" time="0.148" /><testcase classname="backend.tests.test_checkout_system.TestDeliveryFeeCalculation" name="test_free_delivery_threshold" time="0.112" /><testcase classname="backend.tests.test_checkout_system.TestGuestCheckout" name="test_guest_checkout_order_creation" time="0.152" /><testcase classname="backend.tests.test_checkout_system.TestGuestCheckout" name="test_guest_checkout_click_collect" time="0.105" /><testcase classname="backend.tests.test_checkout_system.TestGuestCheckout" name="test_guest_checkout_free_delivery_over_500" time="0.097" /><testcase classname="backend.tests.test_checkout_system.TestGuestCheckout" name="test_guest_checkout_missing_customer_details" time="0.101" /><testcase classname="backend.tests.test_checkout_system.TestGuestCheckout" name="test_guest_checkout_empty_items" time="0.142" /><testcase classname="backend.tests.test_checkout_system.TestCheckoutSettingsStructure" name="test_settings_have_delivery_section" time="0.126" /><testcase classname="backend.tests.test_checkout_system.TestCheckoutSettingsStructure" name="test_settings_have_collection_section" time="0.202" /><testcase classname="backend.tests.test_checkout_system.TestCheckoutSettingsStructure" name="test_settings_have_text_section" time="0.118" /></testsuite></testsuites>