<?xml version="1.0" encoding="utf-8"?><testsuites name="pytest tests"><testsuite name="pytest" errors="0" failures="1" skipped="0" tests="16" time="3.556" timestamp="2026-04-03T23:46:16.880578+00:00" hostname="agent-env-9d6c089a-2586-4db5-84e8-a8e6fee0f6e2"><testcase classname="backend.tests.test_bulk_edit_tools.TestBulkEditPresets" name="test_get_presets_initially_empty_or_list" time="0.243" /><testcase classname="backend.tests.test_bulk_edit_tools.TestBulkEditPresets" name="test_create_preset" time="0.113" /><testcase classname="backend.tests.test_bulk_edit_tools.TestBulkEditPresets" name="test_get_presets_returns_saved_preset" time="0.263" /><testcase classname="backend.tests.test_bulk_edit_tools.TestBulkEditPresets" name="test_create_preset_duplicate_name_fails" time="0.303" /><testcase classname="backend.tests.test_bulk_edit_tools.TestBulkEditPresets" name="test_create_preset_empty_name_fails" time="0.100" /><testcase classname="backend.tests.test_bulk_edit_tools.TestBulkEditPresets" name="test_delete_preset" time="0.326" /><testcase classname="backend.tests.test_bulk_edit_tools.TestBulkEditPresets" name="test_delete_nonexistent_preset_returns_404" time="0.110" /><testcase classname="backend.tests.test_bulk_edit_tools.TestBulkEditSnapshot" name="test_snapshot_empty_product_ids" time="0.138" /><testcase classname="backend.tests.test_bulk_edit_tools.TestBulkEditSnapshot" name="test_snapshot_with_product_ids" time="0.112"><failure message="AttributeError: 'str' object has no attribute 'get'">backend/tests/test_bulk_edit_tools.py:174: in test_snapshot_with_product_ids
    skus = [p.get("sku") for p in products if p.get("sku")][:3]
           ^^^^^^^^^^^^^^^^^^^^^^^^^^^^^^^^^^^^^^^^^^^^^^^^
backend/tests/test_bulk_edit_tools.py:174: in &lt;listcomp&gt;
    skus = [p.get("sku") for p in products if p.get("sku")][:3]
                                              ^^^^^
E   AttributeError: 'str' object has no attribute 'get'</failure></testcase><testcase classname="backend.tests.test_bulk_edit_tools.TestBulkEditHistory" name="test_get_history_returns_list" time="0.138" /><testcase classname="backend.tests.test_bulk_edit_tools.TestBulkEditHistory" name="test_save_edit_history" time="0.102" /><testcase classname="backend.tests.test_bulk_edit_tools.TestBulkEditHistory" name="test_get_history_returns_saved_entry" time="0.231" /><testcase classname="backend.tests.test_bulk_edit_tools.TestBulkEditHistory" name="test_get_history_with_supplier_filter" time="0.111" /><testcase classname="backend.tests.test_bulk_edit_tools.TestBulkEditUndo" name="test_undo_nonexistent_entry_returns_404" time="0.124" /><testcase classname="backend.tests.test_bulk_edit_tools.TestBulkEditUndo" name="test_undo_entry_without_snapshot_returns_400" time="0.226" /><testcase classname="backend.tests.test_bulk_edit_tools.TestBulkEditUndo" name="test_undo_already_undone_entry_returns_400" time="0.809" /></testsuite></testsuites>