<?xml version="1.0" encoding="utf-8"?><testsuites name="pytest tests"><testsuite name="pytest" errors="0" failures="0" skipped="0" tests="14" time="3.042" timestamp="2026-03-28T09:35:19.321379+00:00" hostname="agent-env-9d6c089a-2586-4db5-84e8-a8e6fee0f6e2"><testcase classname="backend.tests.test_filter_group_assignment.TestFilterTypesAPI" name="test_get_filter_types_returns_200" time="0.231" /><testcase classname="backend.tests.test_filter_group_assignment.TestFilterTypesAPI" name="test_filter_types_have_required_fields" time="0.127" /><testcase classname="backend.tests.test_filter_group_assignment.TestFilterTypesAPI" name="test_filter_types_have_values" time="0.106" /><testcase classname="backend.tests.test_filter_group_assignment.TestSpecificationTypesAPI" name="test_get_spec_types_returns_200" time="0.114" /><testcase classname="backend.tests.test_filter_group_assignment.TestSpecificationTypesAPI" name="test_spec_types_have_required_fields" time="0.155" /><testcase classname="backend.tests.test_filter_group_assignment.TestFilterToggleVisibilityAPI" name="test_toggle_filter_hide" time="0.253" /><testcase classname="backend.tests.test_filter_group_assignment.TestFilterToggleVisibilityAPI" name="test_toggle_filter_show" time="0.354" /><testcase classname="backend.tests.test_filter_group_assignment.TestFilterToggleVisibilityAPI" name="test_toggle_filter_missing_product_group" time="0.221" /><testcase classname="backend.tests.test_filter_group_assignment.TestFilterToggleVisibilityAPI" name="test_toggle_filter_invalid_id" time="0.098" /><testcase classname="backend.tests.test_filter_group_assignment.TestSpecToggleVisibilityAPI" name="test_toggle_spec_hide" time="0.237" /><testcase classname="backend.tests.test_filter_group_assignment.TestSpecToggleVisibilityAPI" name="test_toggle_spec_show" time="0.327" /><testcase classname="backend.tests.test_filter_group_assignment.TestSpecToggleVisibilityAPI" name="test_toggle_spec_missing_product_group" time="0.203" /><testcase classname="backend.tests.test_filter_group_assignment.TestSpecToggleVisibilityAPI" name="test_toggle_spec_invalid_id" time="0.096" /><testcase classname="backend.tests.test_filter_group_assignment.TestVisibilityPersistence" name="test_filter_visibility_persists_after_refetch" time="0.444" /></testsuite></testsuites>