<?xml version="1.0" encoding="utf-8"?><testsuites name="pytest tests"><testsuite name="pytest" errors="0" failures="0" skipped="0" tests="9" time="3.488" timestamp="2026-03-13T15:37:37.579673+00:00" hostname="agent-env-8bddc543-381d-4551-9342-26e2121a028c"><testcase classname="tests.test_trade_pricing.TestTradeStatus" name="test_trade_status_without_auth_returns_401" time="1.602" /><testcase classname="tests.test_trade_pricing.TestTradeStatus" name="test_trade_customer_login" time="0.352" /><testcase classname="tests.test_trade_pricing.TestTradeStatus" name="test_trade_status_returns_trade_info" time="0.507" /><testcase classname="tests.test_trade_pricing.TestPricingCalculateWithTrade" name="test_regular_pricing_no_trade" time="0.204" /><testcase classname="tests.test_trade_pricing.TestPricingCalculateWithTrade" name="test_trade_pricing_with_trade_params" time="0.139" /><testcase classname="tests.test_trade_pricing.TestProductTierPricingEndpoint" name="test_product_tier_pricing_no_trade" time="0.141" /><testcase classname="tests.test_trade_pricing.TestProductTierPricingEndpoint" name="test_product_tier_pricing_with_trade" time="0.130" /><testcase classname="tests.test_trade_pricing.TestProductExists" name="test_product_exists" time="0.144" /><testcase classname="tests.test_trade_pricing.TestTierPricingConfig" name="test_get_tier_config" time="0.135" /></testsuite></testsuites>