<?xml version="1.0" encoding="utf-8"?><testsuites name="pytest tests"><testsuite name="pytest" errors="0" failures="0" skipped="0" tests="8" time="1.833" timestamp="2026-03-29T20:45:06.184378+00:00" hostname="agent-env-9d6c089a-2586-4db5-84e8-a8e6fee0f6e2"><testcase classname="backend.tests.test_contact_settings.TestContactSettingsPublic" name="test_get_public_contact_settings_returns_200" time="0.163" /><testcase classname="backend.tests.test_contact_settings.TestContactSettingsPublic" name="test_public_contact_settings_has_phone_and_emails" time="0.118" /><testcase classname="backend.tests.test_contact_settings.TestContactSettingsPublic" name="test_public_contact_settings_email_structure" time="0.112" /><testcase classname="backend.tests.test_contact_settings.TestContactSettingsAdmin" name="test_get_admin_contact_settings_returns_200" time="0.457" /><testcase classname="backend.tests.test_contact_settings.TestContactSettingsAdmin" name="test_update_contact_settings_and_verify_persistence" time="0.337" /><testcase classname="backend.tests.test_contact_settings.TestContactSettingsAdmin" name="test_add_new_email_entry" time="0.346" /><testcase classname="backend.tests.test_contact_settings.TestContactPageRedirect" name="test_stores_page_loads" time="0.110" /><testcase classname="backend.tests.test_contact_settings.TestContactPageRedirect" name="test_contact_page_loads" time="0.120" /></testsuite></testsuites>