<?xml version="1.0" encoding="utf-8"?><testsuites name="pytest tests"><testsuite name="pytest" errors="0" failures="0" skipped="0" tests="8" time="1.462" timestamp="2026-03-28T11:36:54.669562+00:00" hostname="agent-env-9d6c089a-2586-4db5-84e8-a8e6fee0f6e2"><testcase classname="backend.tests.test_next_day_delivery.TestSuppliersListAPI" name="test_suppliers_list_returns_200" time="0.130" /><testcase classname="backend.tests.test_next_day_delivery.TestSuppliersListAPI" name="test_suppliers_list_returns_array" time="0.104" /><testcase classname="backend.tests.test_next_day_delivery.TestSuppliersListAPI" name="test_suppliers_list_contains_expected_suppliers" time="0.111" /><testcase classname="backend.tests.test_next_day_delivery.TestCollectionDetailSettingsAPI" name="test_get_settings_returns_200" time="0.112" /><testcase classname="backend.tests.test_next_day_delivery.TestCollectionDetailSettingsAPI" name="test_save_next_day_delivery_settings" time="0.259" /><testcase classname="backend.tests.test_next_day_delivery.TestCollectionDetailSettingsAPI" name="test_get_saved_next_day_delivery_settings" time="0.291" /><testcase classname="backend.tests.test_next_day_delivery.TestCollectionDetailSettingsAPI" name="test_disable_next_day_delivery" time="0.290" /><testcase classname="backend.tests.test_next_day_delivery.TestProductSupplierField" name="test_collection_products_have_supplier" time="0.105" /></testsuite></testsuites>