<?xml version="1.0" encoding="utf-8"?><testsuites name="pytest tests"><testsuite name="pytest" errors="0" failures="0" skipped="0" tests="10" time="3.630" timestamp="2026-03-24T19:25:06.533911+00:00" hostname="agent-env-5b7ff554-21bb-47fb-a9f0-022063688fc6"><testcase classname="backend.tests.test_spec_filter_merge_toggle.TestSpecificationMergeBehavior" name="test_get_spec_type_initial_values" time="0.344" /><testcase classname="backend.tests.test_spec_filter_merge_toggle.TestSpecificationMergeBehavior" name="test_put_spec_with_partial_values_preserves_existing" time="0.370" /><testcase classname="backend.tests.test_spec_filter_merge_toggle.TestFilterMergeBehavior" name="test_get_filter_type_initial_values" time="0.149" /><testcase classname="backend.tests.test_spec_filter_merge_toggle.TestFilterMergeBehavior" name="test_put_filter_with_partial_values_preserves_existing" time="0.412" /><testcase classname="backend.tests.test_spec_filter_merge_toggle.TestSpecToggleGroupIsolation" name="test_toggle_group_endpoint_exists" time="0.284" /><testcase classname="backend.tests.test_spec_filter_merge_toggle.TestSpecToggleGroupIsolation" name="test_toggle_group_hides_value_from_specific_group" time="0.383" /><testcase classname="backend.tests.test_spec_filter_merge_toggle.TestFilterToggleGroupIsolation" name="test_toggle_group_endpoint_exists" time="0.277" /><testcase classname="backend.tests.test_spec_filter_merge_toggle.TestFilterToggleGroupIsolation" name="test_toggle_group_hides_filter_value_from_specific_group" time="0.376" /><testcase classname="backend.tests.test_spec_filter_merge_toggle.TestGlobalDeleteStillWorks" name="test_spec_delete_endpoint_works" time="0.468" /><testcase classname="backend.tests.test_spec_filter_merge_toggle.TestGlobalDeleteStillWorks" name="test_filter_delete_endpoint_works" time="0.496" /></testsuite></testsuites>