<?xml version="1.0" encoding="utf-8"?><testsuites name="pytest tests"><testsuite name="pytest" errors="0" failures="0" skipped="0" tests="10" time="2.189" timestamp="2026-03-28T03:52:07.008126+00:00" hostname="agent-env-9d6c089a-2586-4db5-84e8-a8e6fee0f6e2"><testcase classname="backend.tests.test_dynamic_trade_rates.TestDynamicTradeRates" name="test_collections_endpoint_returns_trade_discount" time="0.141" /><testcase classname="backend.tests.test_dynamic_trade_rates.TestDynamicTradeRates" name="test_collections_endpoint_returns_credit_back_rate" time="0.198" /><testcase classname="backend.tests.test_dynamic_trade_rates.TestDynamicTradeRates" name="test_collection_detail_returns_trade_discount" time="0.290" /><testcase classname="backend.tests.test_dynamic_trade_rates.TestDynamicTradeRates" name="test_collection_detail_returns_credit_back_rate" time="0.257" /><testcase classname="backend.tests.test_dynamic_trade_rates.TestDynamicTradeRates" name="test_tier_pricing_returns_trade_discount" time="0.231" /><testcase classname="backend.tests.test_dynamic_trade_rates.TestDynamicTradeRates" name="test_tier_pricing_returns_credit_back_rate" time="0.223" /><testcase classname="backend.tests.test_dynamic_trade_rates.TestDynamicTradeRates" name="test_tier_pricing_uses_per_product_trade_discount" time="0.238" /><testcase classname="backend.tests.test_dynamic_trade_rates.TestDynamicTradeRates" name="test_tier_pricing_with_is_trade_flag" time="0.317" /><testcase classname="backend.tests.test_dynamic_trade_rates.TestDefaultValues" name="test_default_trade_discount_is_5" time="0.122" /><testcase classname="backend.tests.test_dynamic_trade_rates.TestDefaultValues" name="test_default_credit_back_rate_is_2" time="0.114" /></testsuite></testsuites>