<?xml version="1.0" encoding="utf-8"?><testsuites name="pytest tests"><testsuite name="pytest" errors="0" failures="0" skipped="0" tests="13" time="1.858" timestamp="2026-03-31T02:07:27.757660+00:00" hostname="agent-env-9d6c089a-2586-4db5-84e8-a8e6fee0f6e2"><testcase classname="backend.tests.test_info_pages.TestInfoPagesAPI" name="test_get_delivery_page" time="0.277" /><testcase classname="backend.tests.test_info_pages.TestInfoPagesAPI" name="test_get_returns_page" time="0.111" /><testcase classname="backend.tests.test_info_pages.TestInfoPagesAPI" name="test_get_faq_page" time="0.130" /><testcase classname="backend.tests.test_info_pages.TestInfoPagesAPI" name="test_get_privacy_page" time="0.108" /><testcase classname="backend.tests.test_info_pages.TestInfoPagesAPI" name="test_get_terms_page" time="0.114" /><testcase classname="backend.tests.test_info_pages.TestSlugAliases" name="test_delivery_information_alias" time="0.119" /><testcase classname="backend.tests.test_info_pages.TestSlugAliases" name="test_returns_and_refunds_alias" time="0.104" /><testcase classname="backend.tests.test_info_pages.TestSlugAliases" name="test_privacy_policy_alias" time="0.108" /><testcase classname="backend.tests.test_info_pages.TestSlugAliases" name="test_terms_and_conditions_alias" time="0.190" /><testcase classname="backend.tests.test_info_pages.TestSlugAliases" name="test_faqs_alias" time="0.147" /><testcase classname="backend.tests.test_info_pages.TestDeliveryPageContent" name="test_delivery_has_cards_section" time="0.104" /><testcase classname="backend.tests.test_info_pages.TestDeliveryPageContent" name="test_delivery_has_table_section" time="0.156" /><testcase classname="backend.tests.test_info_pages.TestAllInfoPagesEndpoint" name="test_get_all_info_pages" time="0.109" /></testsuite></testsuites>