<?xml version="1.0" encoding="utf-8"?><testsuites name="pytest tests"><testsuite name="pytest" errors="0" failures="0" skipped="0" tests="16" time="10.131" timestamp="2026-03-21T12:52:55.084279+00:00" hostname="agent-env-cddb3929-f46d-474f-9a1e-6ec22b9f346e"><testcase classname="backend.tests.test_live_chat_analytics.TestLiveChatPublicEndpoints" name="test_get_public_settings" time="0.197" /><testcase classname="backend.tests.test_live_chat_analytics.TestLiveChatPublicEndpoints" name="test_start_chat_session" time="0.120" /><testcase classname="backend.tests.test_live_chat_analytics.TestLiveChatPublicEndpoints" name="test_send_visitor_message" time="2.684" /><testcase classname="backend.tests.test_live_chat_analytics.TestLiveChatPublicEndpoints" name="test_get_session_messages" time="0.247" /><testcase classname="backend.tests.test_live_chat_analytics.TestLiveChatAdminEndpoints" name="test_get_chat_sessions" time="0.420" /><testcase classname="backend.tests.test_live_chat_analytics.TestLiveChatAdminEndpoints" name="test_get_chat_sessions_with_filter" time="0.437" /><testcase classname="backend.tests.test_live_chat_analytics.TestLiveChatAdminEndpoints" name="test_get_chat_stats" time="0.443" /><testcase classname="backend.tests.test_live_chat_analytics.TestLiveChatAdminEndpoints" name="test_get_chat_settings_admin" time="0.425" /><testcase classname="backend.tests.test_live_chat_analytics.TestLiveChatAdminEndpoints" name="test_admin_reply_to_session" time="0.561" /><testcase classname="backend.tests.test_live_chat_analytics.TestWebsiteAnalyticsEndpoints" name="test_track_page_view" time="0.510" /><testcase classname="backend.tests.test_live_chat_analytics.TestWebsiteAnalyticsEndpoints" name="test_get_live_visitors" time="0.412" /><testcase classname="backend.tests.test_live_chat_analytics.TestWebsiteAnalyticsEndpoints" name="test_get_website_stats" time="0.430" /><testcase classname="backend.tests.test_live_chat_analytics.TestWebsiteAnalyticsEndpoints" name="test_get_website_stats_different_periods" time="0.763" /><testcase classname="backend.tests.test_live_chat_analytics.TestWebsiteAnalyticsEndpoints" name="test_get_top_pages" time="0.416" /><testcase classname="backend.tests.test_live_chat_analytics.TestWebsiteAnalyticsEndpoints" name="test_get_recent_visitors" time="0.416" /><testcase classname="backend.tests.test_live_chat_analytics.TestIntegrationFlow" name="test_full_chat_flow" time="1.559" /></testsuite></testsuites>