<?xml version="1.0" encoding="utf-8"?><testsuites name="pytest tests"><testsuite name="pytest" errors="0" failures="0" skipped="0" tests="13" time="4.163" timestamp="2026-04-16T18:51:41.628342+00:00" hostname="agent-env-9d6c089a-2586-4db5-84e8-a8e6fee0f6e2"><testcase classname="backend.tests.test_spec_filter_group_isolation.TestSpecificationGroupIsolation" name="test_get_spec_types_returns_product_groups" time="0.177" /><testcase classname="backend.tests.test_spec_filter_group_isolation.TestSpecificationGroupIsolation" name="test_toggle_spec_type_group_add" time="0.406" /><testcase classname="backend.tests.test_spec_filter_group_isolation.TestSpecificationGroupIsolation" name="test_toggle_spec_type_group_remove" time="0.412" /><testcase classname="backend.tests.test_spec_filter_group_isolation.TestSpecificationGroupIsolation" name="test_toggle_spec_type_group_requires_product_group" time="0.290" /><testcase classname="backend.tests.test_spec_filter_group_isolation.TestSpecificationGroupIsolation" name="test_add_spec_value_with_product_groups" time="0.556" /><testcase classname="backend.tests.test_spec_filter_group_isolation.TestFilterGroupIsolation" name="test_get_filter_types_returns_auto_populate_groups" time="0.131" /><testcase classname="backend.tests.test_spec_filter_group_isolation.TestFilterGroupIsolation" name="test_toggle_filter_type_group_add" time="0.469" /><testcase classname="backend.tests.test_spec_filter_group_isolation.TestFilterGroupIsolation" name="test_toggle_filter_type_group_remove" time="0.423" /><testcase classname="backend.tests.test_spec_filter_group_isolation.TestFilterGroupIsolation" name="test_toggle_filter_type_group_requires_product_group" time="0.265" /><testcase classname="backend.tests.test_spec_filter_group_isolation.TestFilterGroupIsolation" name="test_add_filter_value_with_product_groups" time="0.566" /><testcase classname="backend.tests.test_spec_filter_group_isolation.TestGroupIsolationIntegration" name="test_spec_type_scoped_to_tiles_not_visible_in_flooring" time="0.134" /><testcase classname="backend.tests.test_spec_filter_group_isolation.TestGroupIsolationIntegration" name="test_filter_type_scoped_to_bathroom_not_visible_in_tiles" time="0.134" /><testcase classname="backend.tests.test_spec_filter_group_isolation.TestGroupIsolationIntegration" name="test_value_with_product_groups_isolation" time="0.136" /></testsuite></testsuites>