<?xml version="1.0" encoding="utf-8"?><testsuites name="pytest tests"><testsuite name="pytest" errors="0" failures="0" skipped="0" tests="5" time="3.773" timestamp="2026-04-03T21:36:23.548136+00:00" hostname="agent-env-9d6c089a-2586-4db5-84e8-a8e6fee0f6e2"><testcase classname="backend.tests.test_bulk_description.TestBulkDescriptionAPI" name="test_01_get_collections_returns_custom_description" time="0.634" /><testcase classname="backend.tests.test_bulk_description.TestBulkDescriptionAPI" name="test_02_put_collection_custom_description" time="0.604" /><testcase classname="backend.tests.test_bulk_description.TestBulkDescriptionAPI" name="test_03_bulk_apply_description_to_multiple_collections" time="1.298" /><testcase classname="backend.tests.test_bulk_description.TestBulkDescriptionAPI" name="test_04_clear_description" time="0.646" /><testcase classname="backend.tests.test_bulk_description.TestBulkDescriptionAPI" name="test_05_cleanup_test_descriptions" time="0.524" /></testsuite></testsuites>