<?xml version="1.0" encoding="utf-8"?><testsuites name="pytest tests"><testsuite name="pytest" errors="0" failures="0" skipped="0" tests="9" time="4.422" timestamp="2026-04-12T10:20:56.768425+00:00" hostname="agent-env-9d6c089a-2586-4db5-84e8-a8e6fee0f6e2"><testcase classname="backend.tests.test_bulk_category_audit_fixes.TestBulkUpdateFieldEndpoint" name="test_bulk_update_field_endpoint_exists" time="0.433" /><testcase classname="backend.tests.test_bulk_category_audit_fixes.TestBulkUpdateFieldEndpoint" name="test_bulk_update_field_updates_description" time="0.391" /><testcase classname="backend.tests.test_bulk_category_audit_fixes.TestBulkUpdateFieldEndpoint" name="test_bulk_update_field_rejects_disallowed_fields" time="0.387" /><testcase classname="backend.tests.test_bulk_category_audit_fixes.TestBulkUpdateFieldEndpoint" name="test_bulk_update_field_rejects_empty_skus" time="0.365" /><testcase classname="backend.tests.test_bulk_category_audit_fixes.TestBulkUpdateFieldEndpoint" name="test_bulk_update_field_allowed_fields" time="1.146" /><testcase classname="backend.tests.test_bulk_category_audit_fixes.TestDetectSeriesNamePriority" name="test_detect_series_endpoint_works" time="0.369" /><testcase classname="backend.tests.test_bulk_category_audit_fixes.TestDetectSeriesNamePriority" name="test_detect_series_rejects_empty_skus" time="0.369" /><testcase classname="backend.tests.test_bulk_category_audit_fixes.TestBulkUpdateUnifiedStillWorks" name="test_bulk_update_unified_still_works" time="0.532" /><testcase classname="backend.tests.test_bulk_category_audit_fixes.TestOldEndpointReturns404" name="test_old_supplier_products_path_returns_404" time="0.373" /></testsuite></testsuites>