<?xml version="1.0" encoding="utf-8"?><testsuites name="pytest tests"><testsuite name="pytest" errors="0" failures="0" skipped="0" tests="13" time="3.599" timestamp="2026-03-29T16:03:34.577844+00:00" hostname="agent-env-9d6c089a-2586-4db5-84e8-a8e6fee0f6e2"><testcase classname="backend.tests.test_video_showroom.TestHomepageVideoShowroomGET" name="test_get_homepage_returns_video_showroom_fields" time="0.579" /><testcase classname="backend.tests.test_video_showroom.TestHomepageVideoShowroomPUT" name="test_save_video_showroom_fields" time="0.274" /><testcase classname="backend.tests.test_video_showroom.TestHomepageVideoShowroomPUT" name="test_deep_merge_preserves_existing_data" time="0.375" /><testcase classname="backend.tests.test_video_showroom.TestVideoUpload" name="test_upload_video_accepts_mp4" time="0.269" /><testcase classname="backend.tests.test_video_showroom.TestVideoUpload" name="test_upload_video_rejects_invalid_type" time="0.112" /><testcase classname="backend.tests.test_video_showroom.TestVideoUpload" name="test_upload_video_accepts_webm" time="0.229" /><testcase classname="backend.tests.test_video_showroom.TestThumbnailUpload" name="test_upload_thumbnail_accepts_jpeg" time="0.226" /><testcase classname="backend.tests.test_video_showroom.TestThumbnailUpload" name="test_upload_thumbnail_accepts_png" time="0.224" /><testcase classname="backend.tests.test_video_showroom.TestThumbnailUpload" name="test_upload_thumbnail_rejects_invalid_type" time="0.118" /><testcase classname="backend.tests.test_video_showroom.TestMediaServing" name="test_media_endpoint_returns_404_for_nonexistent" time="0.451" /><testcase classname="backend.tests.test_video_showroom.TestPublicHomepageAccess" name="test_homepage_accessible_without_auth" time="0.131" /><testcase classname="backend.tests.test_video_showroom.TestVideoShowroomVisibilityToggle" name="test_toggle_visibility_off" time="0.317" /><testcase classname="backend.tests.test_video_showroom.TestVideoShowroomVisibilityToggle" name="test_toggle_visibility_on" time="0.216" /></testsuite></testsuites>