<?xml version="1.0" encoding="utf-8"?><testsuites name="pytest tests"><testsuite name="pytest" errors="0" failures="1" skipped="0" tests="18" time="8.320" timestamp="2026-04-06T09:02:21.266044+00:00" hostname="agent-env-9d6c089a-2586-4db5-84e8-a8e6fee0f6e2"><testcase classname="backend.tests.test_scoped_save_fix.TestScopedSaveFix" name="test_01_backend_health" time="0.498" /><testcase classname="backend.tests.test_scoped_save_fix.TestScopedSaveFix" name="test_02_bulk_update_endpoint_accepts_per_product_updates" time="0.817" /><testcase classname="backend.tests.test_scoped_save_fix.TestScopedSaveFix" name="test_03_bulk_update_with_array_values" time="0.456" /><testcase classname="backend.tests.test_scoped_save_fix.TestScopedSaveFix" name="test_04_bulk_update_with_suitability" time="0.440" /><testcase classname="backend.tests.test_scoped_save_fix.TestScopedSaveFix" name="test_05_bulk_update_with_slip_rating" time="0.432" /><testcase classname="backend.tests.test_scoped_save_fix.TestScopedSaveFix" name="test_06_bulk_update_with_thickness" time="0.422" /><testcase classname="backend.tests.test_scoped_save_fix.TestSupplierProductsEndpoints" name="test_01_get_supplier_products_list" time="0.374" /><testcase classname="backend.tests.test_scoped_save_fix.TestSupplierProductsEndpoints" name="test_02_get_supplier_products_by_supplier" time="0.393" /><testcase classname="backend.tests.test_scoped_save_fix.TestSupplierProductsEndpoints" name="test_03_products_have_required_fields" time="0.385" /><testcase classname="backend.tests.test_bulk_scope_save.TestBulkUpdateUnified" name="test_01_endpoint_exists" time="0.376" /><testcase classname="backend.tests.test_bulk_scope_save.TestBulkUpdateUnified" name="test_02_bulk_update_with_sku_id_field" time="0.574" /><testcase classname="backend.tests.test_bulk_scope_save.TestBulkUpdateUnified" name="test_03_bulk_update_with_supplier_code_id_field" time="0.567" /><testcase classname="backend.tests.test_bulk_scope_save.TestBulkUpdateUnified" name="test_04_bulk_update_multiple_products" time="0.434" /><testcase classname="backend.tests.test_bulk_scope_save.TestBulkUpdateUnified" name="test_05_bulk_update_with_fields_to_clear" time="0.427"><failure message="AssertionError: Bulk update with fields_to_clear failed: 500&#10;assert 500 == 200&#10; +  where 500 = &lt;Response [500]&gt;.status_code">backend/tests/test_bulk_scope_save.py:180: in test_05_bulk_update_with_fields_to_clear
    assert response.status_code == 200, f"Bulk update with fields_to_clear failed: {response.status_code}"
E   AssertionError: Bulk update with fields_to_clear failed: 500
E   assert 500 == 200
E    +  where 500 = &lt;Response [500]&gt;.status_code</failure></testcase><testcase classname="backend.tests.test_bulk_scope_save.TestBulkUpdateUnified" name="test_06_bulk_update_with_update_mode_append" time="0.444" /><testcase classname="backend.tests.test_bulk_scope_save.TestBulkUpdateUnified" name="test_07_bulk_update_category_assignment" time="0.431" /><testcase classname="backend.tests.test_bulk_scope_save.TestSupplierProductsAPI" name="test_01_get_supplier_products" time="0.379" /><testcase classname="backend.tests.test_bulk_scope_save.TestSupplierProductsAPI" name="test_02_products_have_id_fields" time="0.386" /></testsuite></testsuites>