<?xml version="1.0" encoding="utf-8"?><testsuites name="pytest tests"><testsuite name="pytest" errors="0" failures="0" skipped="0" tests="16" time="9.770" timestamp="2026-03-28T18:14:51.632499+00:00" hostname="agent-env-9d6c089a-2586-4db5-84e8-a8e6fee0f6e2"><testcase classname="backend.tests.test_bulk_assign.TestBulkAssignFeature" name="test_bulk_assign_endpoint_exists" time="0.610" /><testcase classname="backend.tests.test_bulk_assign.TestBulkAssignFeature" name="test_bulk_assign_requires_supplier" time="0.471" /><testcase classname="backend.tests.test_bulk_assign.TestBulkAssignFeature" name="test_bulk_assign_requires_series_names" time="0.486" /><testcase classname="backend.tests.test_bulk_assign.TestBulkAssignFeature" name="test_bulk_assign_requires_group_slug" time="0.442" /><testcase classname="backend.tests.test_bulk_assign.TestBulkAssignFeature" name="test_bulk_assign_requires_main_category" time="0.438" /><testcase classname="backend.tests.test_bulk_assign.TestBulkAssignFeature" name="test_bulk_assign_single_series" time="0.669" /><testcase classname="backend.tests.test_bulk_assign.TestBulkAssignFeature" name="test_bulk_assign_multiple_series" time="0.785" /><testcase classname="backend.tests.test_bulk_assign.TestBulkAssignFeature" name="test_bulk_assign_to_group_level" time="0.728" /><testcase classname="backend.tests.test_bulk_assign.TestBulkAssignFeature" name="test_bulk_assign_verifies_assignment" time="0.828" /><testcase classname="backend.tests.test_bulk_assign.TestBulkAssignFeature" name="test_bulk_assign_all_four_series" time="1.059" /><testcase classname="backend.tests.test_bulk_assign.TestBulkAssignFeature" name="test_bulk_assign_empty_series_array" time="0.432" /><testcase classname="backend.tests.test_bulk_assign.TestExistingCollectionOrganizerEndpoints" name="test_suppliers_endpoint" time="0.461" /><testcase classname="backend.tests.test_bulk_assign.TestExistingCollectionOrganizerEndpoints" name="test_series_endpoint" time="0.430" /><testcase classname="backend.tests.test_bulk_assign.TestExistingCollectionOrganizerEndpoints" name="test_category_tree_endpoint" time="0.433" /><testcase classname="backend.tests.test_bulk_assign.TestExistingCollectionOrganizerEndpoints" name="test_single_assign_still_works" time="0.689" /><testcase classname="backend.tests.test_bulk_assign.TestExistingCollectionOrganizerEndpoints" name="test_unassign_still_works" time="0.712" /></testsuite></testsuites>