<?xml version="1.0" encoding="utf-8"?><testsuites name="pytest tests"><testsuite name="pytest" errors="0" failures="0" skipped="0" tests="10" time="9.110" timestamp="2026-03-28T18:27:36.062690+00:00" hostname="agent-env-9d6c089a-2586-4db5-84e8-a8e6fee0f6e2"><testcase classname="backend.tests.test_multi_target_bulk_assign.TestMultiTargetBulkAssign" name="test_multi_target_bulk_assign_with_targets_array" time="1.062" /><testcase classname="backend.tests.test_multi_target_bulk_assign.TestMultiTargetBulkAssign" name="test_multi_target_three_categories" time="1.009" /><testcase classname="backend.tests.test_multi_target_bulk_assign.TestMultiTargetBulkAssign" name="test_multi_target_multiple_series_multiple_categories" time="1.016" /><testcase classname="backend.tests.test_multi_target_bulk_assign.TestMultiTargetBulkAssign" name="test_backwards_compatible_single_target" time="0.685" /><testcase classname="backend.tests.test_multi_target_bulk_assign.TestMultiTargetBulkAssign" name="test_multi_target_merges_sub_categories" time="1.128" /><testcase classname="backend.tests.test_multi_target_bulk_assign.TestMultiTargetBulkAssign" name="test_multi_target_empty_targets_array_fails" time="0.492" /><testcase classname="backend.tests.test_multi_target_bulk_assign.TestMultiTargetBulkAssign" name="test_multi_target_all_four_series_to_multiple_categories" time="1.433" /><testcase classname="backend.tests.test_multi_target_bulk_assign.TestMultiTargetBulkAssign" name="test_response_message_shows_all_targets" time="0.861" /><testcase classname="backend.tests.test_multi_target_bulk_assign.TestExistingEndpointsStillWork" name="test_single_assign_endpoint_still_works" time="0.692" /><testcase classname="backend.tests.test_multi_target_bulk_assign.TestExistingEndpointsStillWork" name="test_unassign_endpoint_still_works" time="0.660" /></testsuite></testsuites>