<?xml version="1.0" encoding="utf-8"?><testsuites name="pytest tests"><testsuite name="pytest" errors="0" failures="0" skipped="0" tests="14" time="76.559" timestamp="2026-03-22T01:15:58.941655+00:00" hostname="agent-env-825224a1-ad49-42ca-a86e-5e5a28fa1e22"><testcase classname="backend.tests.test_batch_series_description.TestDetectSeriesEndpoint" name="test_detect_series_success" time="0.828" /><testcase classname="backend.tests.test_batch_series_description.TestDetectSeriesEndpoint" name="test_detect_series_empty_skus" time="0.171" /><testcase classname="backend.tests.test_batch_series_description.TestDetectSeriesEndpoint" name="test_detect_series_invalid_skus" time="0.106" /><testcase classname="backend.tests.test_batch_series_description.TestDetectSeriesEndpoint" name="test_detect_series_requires_auth" time="0.109" /><testcase classname="backend.tests.test_batch_series_description.TestDetectSeriesEndpoint" name="test_detect_series_returns_attributes" time="0.106" /><testcase classname="backend.tests.test_batch_series_description.TestGenerateBatchSeriesDescriptions" name="test_generate_batch_descriptions_success" time="19.470" /><testcase classname="backend.tests.test_batch_series_description.TestGenerateBatchSeriesDescriptions" name="test_generate_batch_descriptions_brief_length" time="9.811" /><testcase classname="backend.tests.test_batch_series_description.TestGenerateBatchSeriesDescriptions" name="test_generate_batch_descriptions_standard_length" time="16.479" /><testcase classname="backend.tests.test_batch_series_description.TestGenerateBatchSeriesDescriptions" name="test_generate_batch_descriptions_empty_skus" time="0.135" /><testcase classname="backend.tests.test_batch_series_description.TestGenerateBatchSeriesDescriptions" name="test_generate_batch_descriptions_invalid_skus" time="0.146" /><testcase classname="backend.tests.test_batch_series_description.TestGenerateBatchSeriesDescriptions" name="test_generate_batch_descriptions_requires_auth" time="0.120" /><testcase classname="backend.tests.test_batch_series_description.TestGenerateBatchSeriesDescriptions" name="test_generate_batch_descriptions_with_seo_keywords" time="9.619" /><testcase classname="backend.tests.test_batch_series_description.TestGenerateBatchSeriesDescriptions" name="test_generate_batch_descriptions_aggregated_data" time="17.176" /><testcase classname="backend.tests.test_batch_series_description.TestIntegrationFlow" name="test_full_flow_detect_then_generate" time="2.195" /></testsuite></testsuites>