<?xml version="1.0" encoding="utf-8"?><testsuites name="pytest tests"><testsuite name="pytest" errors="0" failures="0" skipped="0" tests="13" time="2.072" timestamp="2026-03-14T00:23:34.065433+00:00" hostname="agent-env-b1b6b739-6288-4936-a553-47e99106c00d"><testcase classname="backend.tests.test_bulk_category_features.TestBulkDescriptionEndpoint" name="test_hidden_seo_keywords_manual_input" time="0.243" /><testcase classname="backend.tests.test_bulk_category_features.TestBulkDescriptionEndpoint" name="test_auto_generate_hidden_seo_from_supplier_names" time="0.136" /><testcase classname="backend.tests.test_bulk_category_features.TestBulkDescriptionEndpoint" name="test_description_with_hidden_seo_keywords" time="0.139" /><testcase classname="backend.tests.test_bulk_category_features.TestBulkUpdateUnifiedEndpoint" name="test_main_category_saves_correctly" time="0.114" /><testcase classname="backend.tests.test_bulk_category_features.TestBulkUpdateUnifiedEndpoint" name="test_sub_categories_saves_correctly" time="0.145" /><testcase classname="backend.tests.test_bulk_category_features.TestBulkUpdateUnifiedEndpoint" name="test_main_category_and_sub_categories_together" time="0.120" /><testcase classname="backend.tests.test_bulk_category_features.TestBulkUpdateUnifiedEndpoint" name="test_large_format_in_sub_categories" time="0.161" /><testcase classname="backend.tests.test_bulk_category_features.TestBulkUpdateUnifiedEndpoint" name="test_sub_categories_append_mode" time="0.245" /><testcase classname="backend.tests.test_bulk_category_features.TestBulkUpdateUnifiedEndpoint" name="test_hidden_seo_keywords_via_unified_endpoint" time="0.183" /><testcase classname="backend.tests.test_bulk_category_features.TestSupplierProductsEndpoint" name="test_get_leporce_products" time="0.138" /><testcase classname="backend.tests.test_bulk_category_features.TestSupplierProductsEndpoint" name="test_search_test_products" time="0.154" /><testcase classname="backend.tests.test_bulk_category_features.TestBulkDescriptionValidation" name="test_empty_products_list" time="0.107" /><testcase classname="backend.tests.test_bulk_category_features.TestBulkDescriptionValidation" name="test_only_hidden_seo_keywords" time="0.117" /></testsuite></testsuites>