<?xml version="1.0" encoding="utf-8"?><testsuites name="pytest tests"><testsuite name="pytest" errors="0" failures="0" skipped="0" tests="11" time="2.129" timestamp="2026-03-23T23:00:10.193151+00:00" hostname="agent-env-b9faae0f-7790-42ff-b2cf-dcab8505ab37"><testcase classname="backend.tests.test_dynamic_settings.TestTradeAccountSettings" name="test_public_trade_settings_endpoint_exists" time="0.362" /><testcase classname="backend.tests.test_dynamic_settings.TestTradeAccountSettings" name="test_admin_trade_settings_get" time="0.144" /><testcase classname="backend.tests.test_dynamic_settings.TestTradeAccountSettings" name="test_admin_trade_settings_save" time="0.140" /><testcase classname="backend.tests.test_dynamic_settings.TestTradeAccountSettings" name="test_public_trade_settings_returns_saved_data" time="0.155" /><testcase classname="backend.tests.test_dynamic_settings.TestCustomerAccountSettings" name="test_public_customer_settings_endpoint_exists" time="0.132" /><testcase classname="backend.tests.test_dynamic_settings.TestCustomerAccountSettings" name="test_admin_customer_settings_get" time="0.117" /><testcase classname="backend.tests.test_dynamic_settings.TestCustomerAccountSettings" name="test_admin_customer_settings_save" time="0.111" /><testcase classname="backend.tests.test_dynamic_settings.TestCustomerAccountSettings" name="test_public_customer_settings_returns_saved_data" time="0.124" /><testcase classname="backend.tests.test_dynamic_settings.TestSettingsPersistence" name="test_trade_settings_persist_after_save" time="0.236" /><testcase classname="backend.tests.test_dynamic_settings.TestSettingsPersistence" name="test_customer_settings_persist_after_save" time="0.263" /><testcase classname="backend.tests.test_dynamic_settings.TestDefaultFallbacks" name="test_empty_settings_response_structure" time="0.275" /></testsuite></testsuites>