<?xml version="1.0" encoding="utf-8"?><testsuites name="pytest tests"><testsuite name="pytest" errors="0" failures="0" skipped="0" tests="16" time="2.726" timestamp="2026-03-18T15:39:02.405549+00:00" hostname="agent-env-a99b6bbf-bafa-4cf3-b1f1-e54908a31996"><testcase classname="tests.test_manage_options_modal_redesign.TestCategoriesTab" name="test_categories_endpoint_returns_list" time="0.223" /><testcase classname="tests.test_manage_options_modal_redesign.TestCategoriesTab" name="test_categories_by_group_endpoint" time="0.143" /><testcase classname="tests.test_manage_options_modal_redesign.TestCategoriesTab" name="test_categories_have_group_slug" time="0.115" /><testcase classname="tests.test_manage_options_modal_redesign.TestCategoriesTab" name="test_categories_filter_by_group" time="0.138" /><testcase classname="tests.test_manage_options_modal_redesign.TestFiltersTab" name="test_filters_types_endpoint" time="0.195" /><testcase classname="tests.test_manage_options_modal_redesign.TestFiltersTab" name="test_filters_have_values" time="0.140" /><testcase classname="tests.test_manage_options_modal_redesign.TestFiltersTab" name="test_add_filter_value_endpoint_exists" time="0.115" /><testcase classname="tests.test_manage_options_modal_redesign.TestFiltersTab" name="test_delete_filter_value_endpoint_exists" time="0.141" /><testcase classname="tests.test_manage_options_modal_redesign.TestFiltersTab" name="test_filters_have_auto_populate_groups" time="0.207" /><testcase classname="tests.test_manage_options_modal_redesign.TestSpecificationsTab" name="test_specifications_by_group_endpoint" time="0.124" /><testcase classname="tests.test_manage_options_modal_redesign.TestSpecificationsTab" name="test_specification_groups_endpoint" time="0.105" /><testcase classname="tests.test_manage_options_modal_redesign.TestProductGroupSelector" name="test_category_groups_endpoint" time="0.129" /><testcase classname="tests.test_manage_options_modal_redesign.TestProductGroupSelector" name="test_categories_filtered_by_product_group" time="0.129" /><testcase classname="tests.test_manage_options_modal_redesign.TestSyncIndicator" name="test_filter_values_add_and_delete_flow" time="0.376" /><testcase classname="tests.test_manage_options_modal_redesign.TestModalTabData" name="test_categories_data_consistency" time="0.231" /><testcase classname="tests.test_manage_options_modal_redesign.TestModalTabData" name="test_filters_data_consistency" time="0.133" /></testsuite></testsuites>