<?xml version="1.0" encoding="utf-8"?><testsuites name="pytest tests"><testsuite name="pytest" errors="0" failures="0" skipped="0" tests="12" time="3.723" timestamp="2026-03-28T13:47:27.281128+00:00" hostname="agent-env-9d6c089a-2586-4db5-84e8-a8e6fee0f6e2"><testcase classname="tests.test_homepage_image_management.TestHomepageStylesAPI" name="test_get_all_styles_for_admin" time="0.160" /><testcase classname="tests.test_homepage_image_management.TestHomepageStylesAPI" name="test_get_homepage_styles_public" time="0.112" /><testcase classname="tests.test_homepage_image_management.TestHomepageStylesAPI" name="test_update_style_homepage_toggle" time="0.354" /><testcase classname="tests.test_homepage_image_management.TestHomepageStylesAPI" name="test_update_style_image_url" time="0.792" /><testcase classname="tests.test_homepage_image_management.TestHomepageStylesAPI" name="test_update_style_validation" time="0.209" /><testcase classname="tests.test_homepage_image_management.TestCategoryImageUpdate" name="test_get_categories" time="0.120" /><testcase classname="tests.test_homepage_image_management.TestCategoryImageUpdate" name="test_get_homepage_categories" time="0.106" /><testcase classname="tests.test_homepage_image_management.TestCategoryImageUpdate" name="test_update_category_image_url" time="0.452" /><testcase classname="tests.test_homepage_image_management.TestImageUpload" name="test_upload_image_endpoint_exists" time="0.110" /><testcase classname="tests.test_homepage_image_management.TestImageUpload" name="test_upload_image_with_test_file" time="0.536" /><testcase classname="tests.test_homepage_image_management.TestImageUpload" name="test_upload_invalid_file_type" time="0.112" /><testcase classname="tests.test_homepage_image_management.TestHomepageCategoriesDisplay" name="test_homepage_categories_have_images" time="0.601" /></testsuite></testsuites>