<?xml version="1.0" encoding="utf-8"?><testsuites name="pytest tests"><testsuite name="pytest" errors="0" failures="0" skipped="0" tests="12" time="1.751" timestamp="2026-03-18T00:08:51.729590+00:00" hostname="agent-env-7026cb77-8a4d-4895-8dad-e34ce7e7c703"><testcase classname="backend.tests.test_banners_and_sync_exclusion.TestPageBannersAPI" name="test_list_page_banners" time="0.579" /><testcase classname="backend.tests.test_banners_and_sync_exclusion.TestPageBannersAPI" name="test_create_page_banner" time="0.068" /><testcase classname="backend.tests.test_banners_and_sync_exclusion.TestPageBannersAPI" name="test_get_public_page_banner" time="0.149" /><testcase classname="backend.tests.test_banners_and_sync_exclusion.TestPageBannersAPI" name="test_update_page_banner" time="0.069" /><testcase classname="backend.tests.test_banners_and_sync_exclusion.TestPageBannersAPI" name="test_delete_page_banner" time="0.141" /><testcase classname="backend.tests.test_banners_and_sync_exclusion.TestCategoryExclusionFromSync" name="test_create_test_category" time="0.091" /><testcase classname="backend.tests.test_banners_and_sync_exclusion.TestCategoryExclusionFromSync" name="test_verify_category_exists" time="0.070" /><testcase classname="backend.tests.test_banners_and_sync_exclusion.TestCategoryExclusionFromSync" name="test_delete_category_with_exclusion" time="0.104" /><testcase classname="backend.tests.test_banners_and_sync_exclusion.TestFilterValueExclusionFromSync" name="test_get_filters" time="0.072" /><testcase classname="backend.tests.test_banners_and_sync_exclusion.TestFilterValueExclusionFromSync" name="test_add_test_filter_value" time="0.138" /><testcase classname="backend.tests.test_banners_and_sync_exclusion.TestFilterValueExclusionFromSync" name="test_delete_filter_value_with_exclusion" time="0.069" /><testcase classname="backend.tests.test_banners_and_sync_exclusion.TestCategorySyncEndpoint" name="test_sync_categories_endpoint_exists" time="0.138" /></testsuite></testsuites>