<?xml version="1.0" encoding="utf-8"?><testsuites name="pytest tests"><testsuite name="pytest" errors="0" failures="0" skipped="0" tests="11" time="33.833" timestamp="2026-03-21T17:07:45.345453+00:00" hostname="agent-env-825224a1-ad49-42ca-a86e-5e5a28fa1e22"><testcase classname="tests.test_series_description.TestSeriesDescriptionEndpoint" name="test_generate_brief_description_with_skus" time="4.506" /><testcase classname="tests.test_series_description.TestSeriesDescriptionEndpoint" name="test_generate_standard_description" time="4.164" /><testcase classname="tests.test_series_description.TestSeriesDescriptionEndpoint" name="test_generate_detailed_description" time="7.768" /><testcase classname="tests.test_series_description.TestSeriesDescriptionEndpoint" name="test_404_when_no_products_found" time="0.121" /><testcase classname="tests.test_series_description.TestSeriesDescriptionEndpoint" name="test_400_when_no_series_or_skus_provided" time="0.145" /><testcase classname="tests.test_series_description.TestSeriesDescriptionEndpoint" name="test_aggregated_data_contains_sizes" time="3.640" /><testcase classname="tests.test_series_description.TestSeriesDescriptionEndpoint" name="test_aggregated_data_contains_finishes" time="2.642" /><testcase classname="tests.test_series_description.TestSeriesDescriptionEndpoint" name="test_aggregated_data_contains_materials" time="2.967" /><testcase classname="tests.test_series_description.TestSeriesDescriptionEndpoint" name="test_default_length_is_standard" time="4.325" /><testcase classname="tests.test_series_description.TestSeriesDescriptionEndpoint" name="test_requires_authentication" time="0.157" /><testcase classname="tests.test_series_description.TestSeriesDescriptionBySeriesName" name="test_query_by_series_name_only" time="3.330" /></testsuite></testsuites>