<?xml version="1.0" encoding="utf-8"?><testsuites name="pytest tests"><testsuite name="pytest" errors="0" failures="0" skipped="1" tests="10" time="1.476" timestamp="2026-03-31T22:35:09.791278+00:00" hostname="agent-env-9d6c089a-2586-4db5-84e8-a8e6fee0f6e2"><testcase classname="backend.tests.test_tier_pricing_sale_specs.TestTilesCollectionsAPI" name="test_collections_returns_tier_pricing_disabled_flag" time="0.156" /><testcase classname="backend.tests.test_tier_pricing_sale_specs.TestTilesCollectionsAPI" name="test_prices_from_equals_min_price_for_non_tier_products" time="0.221" /><testcase classname="backend.tests.test_tier_pricing_sale_specs.TestTilesCollectionsAPI" name="test_collection_has_required_pricing_fields" time="0.124" /><testcase classname="backend.tests.test_tier_pricing_sale_specs.TestSpecificationsAPI" name="test_specifications_by_group_returns_nested_structure" time="0.128" /><testcase classname="backend.tests.test_tier_pricing_sale_specs.TestSpecificationsAPI" name="test_specifications_have_values" time="0.126" /><testcase classname="backend.tests.test_tier_pricing_sale_specs.TestSalePricingAPI" name="test_sale_pricing_endpoint_exists" time="0.110" /><testcase classname="backend.tests.test_tier_pricing_sale_specs.TestSalePricingAPI" name="test_sale_pricing_requires_sku_and_supplier" time="0.134" /><testcase classname="backend.tests.test_tier_pricing_sale_specs.TestPublishEndpoint" name="test_tiles_have_tier_pricing_fields" time="0.115"><skipped type="pytest.skip" message="Tiles endpoint returned 404">/app/backend/tests/test_tier_pricing_sale_specs.py:176: Tiles endpoint returned 404</skipped></testcase><testcase classname="backend.tests.test_tier_pricing_sale_specs.TestMigrationSync" name="test_discount_percentage_matches_was_markup" time="0.152" /><testcase classname="backend.tests.test_tier_pricing_sale_specs.TestFrontendDataStructure" name="test_collection_card_data_structure" time="0.137" /></testsuite></testsuites>