<?xml version="1.0" encoding="utf-8"?><testsuites name="pytest tests"><testsuite name="pytest" errors="0" failures="0" skipped="0" tests="14" time="4.993" timestamp="2026-03-25T13:57:30.437525+00:00" hostname="agent-env-9d6c089a-2586-4db5-84e8-a8e6fee0f6e2"><testcase classname="tests.test_product_documents.TestPublicEndpoints" name="test_get_document_types_list" time="0.143" /><testcase classname="tests.test_product_documents.TestPublicEndpoints" name="test_get_documents_for_product" time="0.114" /><testcase classname="tests.test_product_documents.TestPublicEndpoints" name="test_get_documents_for_nonexistent_product" time="0.125" /><testcase classname="tests.test_product_documents.TestAuthenticatedEndpoints" name="test_get_documents_bulk" time="0.498" /><testcase classname="tests.test_product_documents.TestAuthenticatedEndpoints" name="test_get_documents_bulk_no_auth" time="0.110" /><testcase classname="tests.test_product_documents.TestDocumentUploadAndManagement" name="test_upload_document" time="0.386" /><testcase classname="tests.test_product_documents.TestDocumentUploadAndManagement" name="test_upload_non_pdf_rejected" time="0.115" /><testcase classname="tests.test_product_documents.TestDocumentUploadAndManagement" name="test_upload_no_auth" time="0.116" /><testcase classname="tests.test_product_documents.TestDocumentDownload" name="test_download_existing_document" time="0.792" /><testcase classname="tests.test_product_documents.TestDocumentDownload" name="test_download_nonexistent_document" time="0.111" /><testcase classname="tests.test_product_documents.TestDocumentUpdateOperations" name="test_update_document_metadata" time="0.667" /><testcase classname="tests.test_product_documents.TestDocumentUpdateOperations" name="test_attach_document_to_products" time="0.460" /><testcase classname="tests.test_product_documents.TestDocumentUpdateOperations" name="test_detach_document_from_products" time="0.669" /><testcase classname="tests.test_product_documents.TestDocumentUpdateOperations" name="test_delete_document" time="0.616" /></testsuite></testsuites>