<?xml version="1.0" encoding="utf-8"?><testsuites name="pytest tests"><testsuite name="pytest" errors="0" failures="0" skipped="0" tests="2" time="3.446" timestamp="2026-05-03T21:14:47.020022+00:00" hostname="agent-env-106fdafc-599e-4456-9a93-aa5c0164bea0"><testcase classname="backend.tests.test_recipe_macros.TestRecipeMacros" name="test_real_ingredients_returns_ints" time="3.250" /><testcase classname="backend.tests.test_recipe_macros.TestRecipeMacros" name="test_empty_ingredients_returns_fallback" time="0.055" /></testsuite></testsuites>