<?xml version="1.0" encoding="utf-8"?><testsuites name="pytest tests"><testsuite name="pytest" errors="0" failures="0" skipped="0" tests="3" time="1.811" timestamp="2026-04-30T11:07:12.312943+00:00" hostname="agent-env-9d6c089a-2586-4db5-84e8-a8e6fee0f6e2"><testcase classname="tests.test_retail_epos_link" name="test_retail_lookup_and_total_spent_lifecycle" time="1.680" /><testcase classname="tests.test_retail_epos_link" name="test_retail_lookup_does_not_leak_password" time="0.005" /><testcase classname="tests.test_retail_epos_link" name="test_retail_lookup_legacy_missing_is_trade_field_treated_as_retail" time="0.004" /></testsuite></testsuites>