<?xml version="1.0" encoding="utf-8"?><testsuites name="pytest tests"><testsuite name="pytest" errors="0" failures="0" skipped="0" tests="6" time="2.958" timestamp="2026-04-28T10:11:11.528877+00:00" hostname="agent-env-9d6c089a-2586-4db5-84e8-a8e6fee0f6e2"><testcase classname="backend.tests.test_announcement_ribbon_history.TestAnnouncementRibbonHistory" name="test_get_returns_history_array" time="0.603" /><testcase classname="backend.tests.test_announcement_ribbon_history.TestAnnouncementRibbonHistory" name="test_get_unauthenticated_rejected" time="0.111" /><testcase classname="backend.tests.test_announcement_ribbon_history.TestAnnouncementRibbonHistory" name="test_plain_save_does_not_grow_history" time="0.217" /><testcase classname="backend.tests.test_announcement_ribbon_history.TestAnnouncementRibbonHistory" name="test_record_history_appends_newest_first" time="0.213" /><testcase classname="backend.tests.test_announcement_ribbon_history.TestAnnouncementRibbonHistory" name="test_history_capped_at_10" time="1.520" /><testcase classname="backend.tests.test_announcement_ribbon_history.TestAnnouncementRibbonHistory" name="test_existing_fields_preserved_on_history_append" time="0.212" /></testsuite></testsuites>