<?xml version="1.0" encoding="utf-8"?><testsuites name="pytest tests"><testsuite name="pytest" errors="0" failures="0" skipped="0" tests="23" time="2.241" timestamp="2026-05-01T15:21:46.416727+00:00" hostname="agent-env-9d6c089a-2586-4db5-84e8-a8e6fee0f6e2"><testcase classname="backend.tests.test_seo_public.TestSitemapBasics" name="test_get_returns_200_no_auth" time="1.146" /><testcase classname="backend.tests.test_seo_public.TestSitemapBasics" name="test_content_type_is_xml" time="0.000" /><testcase classname="backend.tests.test_seo_public.TestSitemapBasics" name="test_xml_declaration_and_urlset" time="0.010" /><testcase classname="backend.tests.test_seo_public.TestSitemapBasics" name="test_cache_control_header" time="0.000" /><testcase classname="backend.tests.test_seo_public.TestSitemapBasics" name="test_head_returns_200" time="0.139" /><testcase classname="backend.tests.test_seo_public.TestSitemapContent" name="test_root_is_urlset" time="0.004" /><testcase classname="backend.tests.test_seo_public.TestSitemapContent" name="test_has_url_entries" time="0.000" /><testcase classname="backend.tests.test_seo_public.TestSitemapContent" name="test_each_url_has_required_children" time="0.000" /><testcase classname="backend.tests.test_seo_public.TestSitemapContent" name="test_priority_values_valid" time="0.000" /><testcase classname="backend.tests.test_seo_public.TestSitemapContent" name="test_static_urls_present" time="0.000" /><testcase classname="backend.tests.test_seo_public.TestSitemapContent" name="test_all_locs_use_canonical_host" time="0.003" /><testcase classname="backend.tests.test_seo_public.TestSitemapContent" name="test_disallowed_paths_not_in_sitemap" time="0.003" /><testcase classname="backend.tests.test_seo_public.TestSitemapDbAlignment" name="test_info_pages_in_sitemap" time="0.005" /><testcase classname="backend.tests.test_seo_public.TestSitemapDbAlignment" name="test_approved_city_pages_in_sitemap" time="0.001" /><testcase classname="backend.tests.test_seo_public.TestSitemapDbAlignment" name="test_active_tiles_in_sitemap" time="0.001" /><testcase classname="backend.tests.test_seo_public.TestSitemapDbAlignment" name="test_total_url_count_matches_db_state" time="0.006" /><testcase classname="backend.tests.test_seo_public.TestSitemapXmlEscape" name="test_ampersand_slug_does_not_break_xml" time="0.165" /><testcase classname="backend.tests.test_seo_public.TestSitemapCaching" name="test_consecutive_calls_have_same_shape" time="0.347" /><testcase classname="backend.tests.test_seo_public.TestRobotsTxt" name="test_get_returns_200_no_auth" time="0.120" /><testcase classname="backend.tests.test_seo_public.TestRobotsTxt" name="test_content_type" time="0.000" /><testcase classname="backend.tests.test_seo_public.TestRobotsTxt" name="test_required_directives" time="0.000" /><testcase classname="backend.tests.test_seo_public.TestRobotsTxt" name="test_sitemap_pointer" time="0.000" /><testcase classname="backend.tests.test_seo_public.TestRobotsTxt" name="test_head_returns_200" time="0.124" /></testsuite></testsuites>