<?xml version="1.0" encoding="utf-8"?><testsuites name="pytest tests"><testsuite name="pytest" errors="0" failures="0" skipped="0" tests="15" time="3.306" timestamp="2026-04-30T16:54:55.420127+00:00" hostname="agent-env-9d6c089a-2586-4db5-84e8-a8e6fee0f6e2"><testcase classname="tests.test_seo_drafts_api.TestAdminGating" name="test_list_drafts_blocks_anon" time="0.274" /><testcase classname="tests.test_seo_drafts_api.TestAdminGating" name="test_scan_blocks_anon" time="0.070" /><testcase classname="tests.test_seo_drafts_api.TestAdminGating" name="test_regen_blocks_anon" time="0.060" /><testcase classname="tests.test_seo_drafts_api.TestAdminGating" name="test_approve_blocks_anon" time="0.052" /><testcase classname="tests.test_seo_drafts_api.TestAdminGating" name="test_skip_blocks_anon" time="0.057" /><testcase classname="tests.test_seo_drafts_api.TestListDrafts" name="test_list_pending" time="0.443" /><testcase classname="tests.test_seo_drafts_api.TestListDrafts" name="test_invalid_status_rejected" time="0.055" /><testcase classname="tests.test_seo_drafts_api.TestListDrafts" name="test_list_approved_filter" time="0.052" /><testcase classname="tests.test_seo_drafts_api" name="test_skip_draft_flips_status" time="0.079" /><testcase classname="tests.test_seo_drafts_api" name="test_skip_nonexistent_returns_404" time="0.055" /><testcase classname="tests.test_seo_drafts_api" name="test_approve_draft_writes_to_product_and_flips_status" time="0.071" /><testcase classname="tests.test_seo_drafts_api" name="test_approve_empty_description_rejected" time="0.061" /><testcase classname="tests.test_seo_drafts_api" name="test_regenerate_appends_to_history" time="1.711" /><testcase classname="tests.test_seo_drafts_api" name="test_regenerate_nonexistent_returns_404" time="0.053" /><testcase classname="tests.test_seo_drafts_api" name="test_regenerate_custom_instruction_length_cap" time="0.055" /></testsuite></testsuites>