<?xml version="1.0" encoding="utf-8"?><testsuites name="pytest tests"><testsuite name="pytest" errors="0" failures="0" skipped="0" tests="12" time="35.115" timestamp="2026-05-03T10:57:41.266568+00:00" hostname="agent-env-9d6c089a-2586-4db5-84e8-a8e6fee0f6e2"><testcase classname="backend.tests.test_status_marketing_features.TestPublicStatus" name="test_status_shape" time="0.250" /><testcase classname="backend.tests.test_status_marketing_features.TestPublicStatus" name="test_uptime_shape" time="0.122" /><testcase classname="backend.tests.test_status_marketing_features.TestPromoBannerSchedule" name="test_schedule_persists_via_admin_get" time="0.813" /><testcase classname="backend.tests.test_status_marketing_features.TestPromoBannerSchedule" name="test_future_schedule_returns_disabled_publicly" time="16.482" /><testcase classname="backend.tests.test_status_marketing_features.TestPromoBannerSchedule" name="test_active_window_overrides_manual_off" time="16.606" /><testcase classname="backend.tests.test_status_marketing_features.TestLifestyleValidation" name="test_requires_admin_auth" time="0.110" /><testcase classname="backend.tests.test_status_marketing_features.TestLifestyleValidation" name="test_404_for_missing_tile" time="0.108" /><testcase classname="backend.tests.test_status_marketing_features.TestLifestyleValidation" name="test_422_for_bad_room_type" time="0.108" /><testcase classname="backend.tests.test_status_marketing_features.TestBulletproofPublicEndpoints" name="test_endpoint_returns_200[/api/website-admin/public/hero-slides]" time="0.117" /><testcase classname="backend.tests.test_status_marketing_features.TestBulletproofPublicEndpoints" name="test_endpoint_returns_200[/api/website-admin/public/categories]" time="0.103" /><testcase classname="backend.tests.test_status_marketing_features.TestBulletproofPublicEndpoints" name="test_endpoint_returns_200[/api/website-admin/public/navigation/main]" time="0.112" /><testcase classname="backend.tests.test_status_marketing_features.TestBulletproofPublicEndpoints" name="test_endpoint_returns_200[/api/website-admin/public/announcement-ribbon]" time="0.105" /></testsuite></testsuites>