<?xml version="1.0" encoding="utf-8"?><testsuites name="pytest tests"><testsuite name="pytest" errors="0" failures="0" skipped="0" tests="13" time="4.878" timestamp="2026-05-01T07:36:46.584491+00:00" hostname="agent-env-9d6c089a-2586-4db5-84e8-a8e6fee0f6e2"><testcase classname="tests.test_telegram_new_order_alert.TestAuthGating" name="test_no_token_returns_401_or_403" time="1.694" /><testcase classname="tests.test_telegram_new_order_alert.TestAuthGating" name="test_invalid_token_returns_401" time="0.168" /><testcase classname="tests.test_telegram_new_order_alert.TestValidationGates" name="test_disabled_returns_400" time="0.314" /><testcase classname="tests.test_telegram_new_order_alert.TestValidationGates" name="test_event_toggle_off_returns_400" time="0.361" /><testcase classname="tests.test_telegram_new_order_alert.TestValidationGates" name="test_missing_bot_token_returns_400" time="0.319" /><testcase classname="tests.test_telegram_new_order_alert.TestValidationGates" name="test_missing_chat_ids_returns_400" time="0.329" /><testcase classname="tests.test_telegram_new_order_alert.TestHappyPathAndDedupe" name="test_happy_path_and_dedupe" time="0.814" /><testcase classname="tests.test_telegram_new_order_alert.TestRegressionGenericTest" name="test_generic_test_endpoint" time="0.688" /><testcase classname="tests.test_telegram_new_order_alert.TestDefaultsAndWireUp" name="test_telegram_event_toggles_default_new_order_true" time="0.000" /><testcase classname="tests.test_telegram_new_order_alert.TestDefaultsAndWireUp" name="test_default_config_includes_new_order_true" time="0.000" /><testcase classname="tests.test_telegram_new_order_alert.TestDefaultsAndWireUp" name="test_wire_up_in_server_py_checkout_session" time="0.001" /><testcase classname="tests.test_telegram_new_order_alert.TestDefaultsAndWireUp" name="test_wire_up_in_server_py_wallet_express" time="0.001" /><testcase classname="tests.test_telegram_new_order_alert.TestDefaultsAndWireUp" name="test_wire_up_in_shop_py_poll_path" time="0.104" /></testsuite></testsuites>