<?xml version="1.0" encoding="utf-8"?><testsuites name="pytest tests"><testsuite name="pytest" errors="0" failures="0" skipped="0" tests="18" time="4.499" timestamp="2026-05-01T13:36:11.815960+00:00" hostname="agent-env-9d6c089a-2586-4db5-84e8-a8e6fee0f6e2"><testcase classname="backend.tests.test_telegram_failed_payment_alert.TestAuthGating" name="test_no_token_returns_401_or_403" time="0.843" /><testcase classname="backend.tests.test_telegram_failed_payment_alert.TestAuthGating" name="test_invalid_token_returns_401_or_403" time="0.124" /><testcase classname="backend.tests.test_telegram_failed_payment_alert.TestValidationGates" name="test_disabled_returns_400" time="0.393" /><testcase classname="backend.tests.test_telegram_failed_payment_alert.TestValidationGates" name="test_event_toggle_off_returns_400" time="1.038" /><testcase classname="backend.tests.test_telegram_failed_payment_alert.TestValidationGates" name="test_missing_bot_token_returns_400" time="0.401" /><testcase classname="backend.tests.test_telegram_failed_payment_alert.TestValidationGates" name="test_missing_chat_ids_returns_400" time="0.376" /><testcase classname="backend.tests.test_telegram_failed_payment_alert.TestHappyPath" name="test_all_gates_pass_returns_ok_and_preview" time="0.727" /><testcase classname="backend.tests.test_telegram_failed_payment_alert.TestSourceCodeWireUp" name="test_webhook_handles_both_event_types" time="0.002" /><testcase classname="backend.tests.test_telegram_failed_payment_alert.TestSourceCodeWireUp" name="test_webhook_fires_failed_payment_with_dedupe" time="0.001" /><testcase classname="backend.tests.test_telegram_failed_payment_alert.TestSourceCodeWireUp" name="test_webhook_persists_failure_idempotently" time="0.001" /><testcase classname="backend.tests.test_telegram_failed_payment_alert.TestSourceCodeWireUp" name="test_webhook_extracts_order_id_with_fallback" time="0.001" /><testcase classname="backend.tests.test_telegram_failed_payment_alert.TestSourceCodeWireUp" name="test_webhook_extracts_decline_info" time="0.001" /><testcase classname="backend.tests.test_telegram_failed_payment_alert.TestSourceCodeWireUp" name="test_test_endpoint_uses_isolated_dedupe_prefix" time="0.000" /><testcase classname="backend.tests.test_telegram_failed_payment_alert.TestSourceCodeWireUp" name="test_test_endpoint_exists_and_gated" time="0.000" /><testcase classname="backend.tests.test_telegram_failed_payment_alert.TestSourceCodeWireUp" name="test_telegram_toggles_default_failed_payment_true" time="0.000" /><testcase classname="backend.tests.test_telegram_failed_payment_alert.TestSourceCodeWireUp" name="test_telegram_service_default_failed_payment_true" time="0.000" /><testcase classname="backend.tests.test_telegram_failed_payment_alert.TestSourceCodeWireUp" name="test_fire_and_forget_signature_matches_usage" time="0.000" /><testcase classname="backend.tests.test_telegram_failed_payment_alert.TestRegressionNewOrder" name="test_new_order_still_400s_when_disabled" time="0.493" /></testsuite></testsuites>