<?xml version="1.0" encoding="utf-8"?><testsuites name="pytest tests"><testsuite name="pytest" errors="0" failures="0" skipped="1" tests="26" time="8.011" timestamp="2026-05-03T12:43:51.761622+00:00" hostname="agent-env-9d6c089a-2586-4db5-84e8-a8e6fee0f6e2"><testcase classname="tests.test_visualizer_multi_image" name="test_session_returns_full_image_gallery" time="0.745" /><testcase classname="tests.test_visualizer_multi_image" name="test_session_image_index_picks_correct_url" time="0.672" /><testcase classname="tests.test_visualizer_multi_image" name="test_session_image_index_clamps_out_of_range" time="0.570" /><testcase classname="tests.test_visualizer_admin_rooms" name="test_feature_flag_enabled_for_admin" time="0.234" /><testcase classname="tests.test_visualizer_admin_rooms" name="test_admin_sample_rooms_list_returns_curated_rooms" time="0.005" /><testcase classname="tests.test_visualizer_admin_rooms" name="test_admin_sample_rooms_unauth_returns_403_or_401" time="0.003" /><testcase classname="tests.test_visualizer_admin_rooms" name="test_toggle_sample_room_hides_then_unhides" time="0.025" /><testcase classname="tests.test_visualizer_admin_rooms" name="test_toggle_unknown_room_returns_404" time="0.006" /><testcase classname="tests.test_visualizer_admin_rooms" name="test_delete_nonexistent_room_returns_404" time="0.004" /><testcase classname="tests.test_visualizer_admin_rooms" name="test_reseed_without_force_skips" time="0.005" /><testcase classname="tests.test_visualizer_admin_rooms" name="test_reseed_with_force_upserts" time="0.009" /><testcase classname="tests.test_visualizer_admin_rooms" name="test_existing_visualizer_flow_smoke" time="0.137"><skipped type="pytest.skip" message="render upstream image issue (not our code): {&quot;detail&quot;:{&quot;message&quot;:&quot;We couldn't load one of the images for this render — please try a different tile or room.&quot;,&quot;url&quot;:&quot;https://images.unsplash.com/photo-1600607687644-aac4c3eac7f4?w=400&quot;,&quot;status&quot;:404">/app/backend/tests/test_visualizer_admin_rooms.py:189: render upstream image issue (not our code): {"detail":{"message":"We couldn't load one of the images for this render — please try a different tile or room.","url":"https://images.unsplash.com/photo-1600607687644-aac4c3eac7f4?w=400","status":404</skipped></testcase><testcase classname="tests.test_visualizer_v3_polish.TestPricing" name="test_get_pricing" time="0.445" /><testcase classname="tests.test_visualizer_v3_polish.TestPricing" name="test_put_pricing_persists" time="0.234" /><testcase classname="tests.test_visualizer_v3_polish.TestPricing" name="test_pricing_bounds" time="0.122" /><testcase classname="tests.test_visualizer_v3_polish.TestPricing" name="test_quote_uses_admin_pricing" time="0.358" /><testcase classname="tests.test_visualizer_v3_polish.TestShare" name="test_existing_share_token_public" time="0.171" /><testcase classname="tests.test_visualizer_v3_polish.TestShare" name="test_bad_share_token_404" time="0.146" /><testcase classname="tests.test_visualizer_v3_polish.TestShare" name="test_create_share_no_render_404" time="0.243" /><testcase classname="tests.test_visualizer_v3_polish.TestShare" name="test_share_idempotent_and_public_get" time="1.617" /><testcase classname="tests.test_visualizer_v3_polish.TestLaunchEmail" name="test_dry_run" time="0.127" /><testcase classname="tests.test_visualizer_v3_polish.TestZZReset" name="test_reset_pricing_to_defaults" time="0.223" /><testcase classname="tests.test_visualizer_room_editor" name="test_upload_image_requires_admin" time="0.111" /><testcase classname="tests.test_visualizer_room_editor" name="test_upload_image_rejects_empty_file" time="0.459" /><testcase classname="tests.test_visualizer_room_editor" name="test_upload_image_rejects_unsupported_type" time="0.451" /><testcase classname="tests.test_visualizer_room_editor" name="test_upsert_create_then_edit_then_delete" time="0.784" /></testsuite></testsuites>