<?xml version="1.0" encoding="utf-8"?><testsuites name="pytest tests"><testsuite name="pytest" errors="0" failures="0" skipped="0" tests="10" time="5.091" timestamp="2026-05-03T07:56:49.745474+00:00" hostname="agent-env-9d6c089a-2586-4db5-84e8-a8e6fee0f6e2"><testcase classname="backend.tests.test_visualizer_v3_polish.TestPricing" name="test_get_pricing" time="1.929" /><testcase classname="backend.tests.test_visualizer_v3_polish.TestPricing" name="test_put_pricing_persists" time="0.210" /><testcase classname="backend.tests.test_visualizer_v3_polish.TestPricing" name="test_pricing_bounds" time="0.104" /><testcase classname="backend.tests.test_visualizer_v3_polish.TestPricing" name="test_quote_uses_admin_pricing" time="0.317" /><testcase classname="backend.tests.test_visualizer_v3_polish.TestShare" name="test_existing_share_token_public" time="0.188" /><testcase classname="backend.tests.test_visualizer_v3_polish.TestShare" name="test_bad_share_token_404" time="0.105" /><testcase classname="backend.tests.test_visualizer_v3_polish.TestShare" name="test_create_share_no_render_404" time="0.208" /><testcase classname="backend.tests.test_visualizer_v3_polish.TestShare" name="test_share_idempotent_and_public_get" time="1.614" /><testcase classname="backend.tests.test_visualizer_v3_polish.TestLaunchEmail" name="test_dry_run" time="0.116" /><testcase classname="backend.tests.test_visualizer_v3_polish.TestZZReset" name="test_reset_pricing_to_defaults" time="0.222" /></testsuite></testsuites>