<?xml version="1.0" encoding="utf-8"?><testsuites name="pytest tests"><testsuite name="pytest" errors="0" failures="0" skipped="1" tests="9" time="1.095" timestamp="2026-05-03T11:48:32.917524+00:00" hostname="agent-env-9d6c089a-2586-4db5-84e8-a8e6fee0f6e2"><testcase classname="backend.tests.test_visualizer_admin_rooms" name="test_feature_flag_enabled_for_admin" time="0.840" /><testcase classname="backend.tests.test_visualizer_admin_rooms" name="test_admin_sample_rooms_list_returns_curated_rooms" time="0.006" /><testcase classname="backend.tests.test_visualizer_admin_rooms" name="test_admin_sample_rooms_unauth_returns_403_or_401" time="0.003" /><testcase classname="backend.tests.test_visualizer_admin_rooms" name="test_toggle_sample_room_hides_then_unhides" time="0.021" /><testcase classname="backend.tests.test_visualizer_admin_rooms" name="test_toggle_unknown_room_returns_404" time="0.004" /><testcase classname="backend.tests.test_visualizer_admin_rooms" name="test_delete_nonexistent_room_returns_404" time="0.004" /><testcase classname="backend.tests.test_visualizer_admin_rooms" name="test_reseed_without_force_skips" time="0.004" /><testcase classname="backend.tests.test_visualizer_admin_rooms" name="test_reseed_with_force_upserts" time="0.008" /><testcase classname="backend.tests.test_visualizer_admin_rooms" name="test_existing_visualizer_flow_smoke" time="0.128"><skipped type="pytest.skip" message="render upstream image issue (not our code): {&quot;detail&quot;:&quot;Render failed: Client error '404 Not Found' for url 'https://images.unsplash.com/photo-1600607687644-aac4c3eac7f4?w=400'\nFor more information check: https://developer.mozilla.org/en-US/doc">/app/backend/tests/test_visualizer_admin_rooms.py:188: render upstream image issue (not our code): {"detail":"Render failed: Client error '404 Not Found' for url 'https://images.unsplash.com/photo-1600607687644-aac4c3eac7f4?w=400'\nFor more information check: https://developer.mozilla.org/en-US/doc</skipped></testcase></testsuite></testsuites>